This file contains any messages produced by compilers while
running configure, to aid debugging if configure makes a mistake.

It was created by vte configure 0.29.1, which was
generated by GNU Autoconf 2.65.  Invocation command line was

  $ ./configure --disable-Bsymbolic

## --------- ##
## Platform. ##
## --------- ##

hostname = Chriss-iPad
uname -m = iPad1,1
uname -r = 11.0.0
uname -s = Darwin
uname -v = Darwin Kernel Version 11.0.0: Sun Apr  8 21:51:26 PDT 2012; root:xnu-1878.11.10~1/RELEASE_ARM_S5L8930X

/usr/bin/uname -p = unknown
/bin/uname -X     = unknown

/bin/arch              = unknown
/usr/bin/arch -k       = unknown
/usr/convex/getsysinfo = unknown
/usr/bin/hostinfo      = Mach kernel version:
	 Darwin Kernel Version 11.0.0: Sun Apr  8 21:51:26 PDT 2012; root:xnu-1878.11.10~1/RELEASE_ARM_S5L8930X
Kernel configured for a single processor only.
1 processor is physically available.
1 processor is logically available.
Processor type: armv7 (arm v7)
Processor active: 0
Primary memory available: 246.98 megabytes
Default processor set: 33 tasks, 236 threads, 1 processors
Load average: 2.89, Mach factor: 0.23
/bin/machine           = unknown
/usr/bin/oslevel       = unknown
/bin/universe          = unknown

PATH: /usr/local/sbin
PATH: /usr/local/bin
PATH: /usr/sbin
PATH: /usr/bin
PATH: /sbin
PATH: /bin
PATH: /usr/bin/X11
PATH: /usr/games
PATH: /usr/local/Gambit-C/bin


## ----------- ##
## Core tests. ##
## ----------- ##

configure:2603: checking for a BSD-compatible install
configure:2671: result: /usr/bin/install -c
configure:2682: checking whether build environment is sane
configure:2732: result: yes
configure:2873: checking for a thread-safe mkdir -p
configure:2912: result: /bin/mkdir -p
configure:2925: checking for gawk
configure:2941: found /usr/bin/gawk
configure:2952: result: gawk
configure:2963: checking whether make sets $(MAKE)
configure:2985: result: yes
configure:3083: checking whether to disable maintainer-specific portions of Makefiles
configure:3092: result: yes
configure:3193: checking for gcc
configure:3220: result: /usr/bin/gcc
configure:3449: checking for C compiler version
configure:3458: /usr/bin/gcc --version >&5
gcc (GCC) 4.2.1 (Based on Apple Inc. build 5555)
Copyright (C) 2007 Free Software Foundation, Inc.
This is free software; see the source for copying conditions.  There is NO
warranty; not even for MERCHANTABILITY or FITNESS FOR A PARTICULAR PURPOSE.

configure:3469: $? = 0
configure:3458: /usr/bin/gcc -v >&5
Using built-in specs.
Target: arm-apple-darwin9
Configured with: ../llvm-gcc-4.2/configure --build=x86_64-unknown-linux-gnu --host=arm-apple-darwin9 --enable-static=no --enable-shared=yes --prefix=/usr --localstatedir=/var/cache/iphone-gcc --enable-languages=c,c++,objc,obj-c++ --enable-wchar_t=no --with-gxx-include-dir=/usr/include/c++/4.0.0
Thread model: posix
gcc version 4.2.1 (Based on Apple Inc. build 5555)
configure:3469: $? = 0
configure:3458: /usr/bin/gcc -V >&5
gcc: '-V' option must have argument
configure:3469: $? = 1
configure:3458: /usr/bin/gcc -qversion >&5
gcc: no input files
configure:3469: $? = 1
configure:3489: checking whether the C compiler works
configure:3511: /usr/bin/gcc    conftest.c  >&5
configure:3515: $? = 0
configure:3564: result: yes
configure:3567: checking for C compiler default output file name
configure:3569: result: a.out
configure:3575: checking for suffix of executables
configure:3582: /usr/bin/gcc -o conftest    conftest.c  >&5
configure:3586: $? = 0
configure:3608: result: 
configure:3630: checking whether we are cross compiling
configure:3638: /usr/bin/gcc -o conftest    conftest.c  >&5
configure:3642: $? = 0
configure:3649: ./conftest
./configure: line 3651:  6737 Killed: 9               ./conftest$ac_cv_exeext
configure:3653: $? = 137
configure:3665: result: no
configure:3670: checking for suffix of object files
configure:3692: /usr/bin/gcc -c   conftest.c >&5
configure:3696: $? = 0
configure:3717: result: o
configure:3721: checking whether we are using the GNU C compiler
configure:3740: /usr/bin/gcc -c   conftest.c >&5
configure:3740: $? = 0
configure:3749: result: yes
configure:3758: checking whether /usr/bin/gcc accepts -g
configure:3778: /usr/bin/gcc -c -g  conftest.c >&5
configure:3778: $? = 0
configure:3819: result: yes
configure:3836: checking for /usr/bin/gcc option to accept ISO C89
configure:3900: /usr/bin/gcc  -c -g -O2  conftest.c >&5
configure:3900: $? = 0
configure:3913: result: none needed
configure:3944: checking for style of include used by make
configure:3972: result: GNU
configure:3997: checking dependency style of /usr/bin/gcc
configure:4107: result: gcc3
configure:4128: checking how to run the C preprocessor
configure:4159: /usr/bin/gcc -E  conftest.c
configure:4159: $? = 0
configure:4173: /usr/bin/gcc -E  conftest.c
conftest.c:11:28: error: ac_nonexistent.h: No such file or directory
configure:4173: $? = 1
configure: failed program was:
| /* confdefs.h */
| #define PACKAGE_NAME "vte"
| #define PACKAGE_TARNAME "vte"
| #define PACKAGE_VERSION "0.29.1"
| #define PACKAGE_STRING "vte 0.29.1"
| #define PACKAGE_BUGREPORT "http://bugzilla.gnome.org/enter_bug.cgi?product=vte"
| #define PACKAGE_URL ""
| #define PACKAGE "vte"
| #define VERSION "0.29.1"
| /* end confdefs.h.  */
| #include <ac_nonexistent.h>
configure:4198: result: /usr/bin/gcc -E
configure:4218: /usr/bin/gcc -E  conftest.c
configure:4218: $? = 0
configure:4232: /usr/bin/gcc -E  conftest.c
conftest.c:11:28: error: ac_nonexistent.h: No such file or directory
configure:4232: $? = 1
configure: failed program was:
| /* confdefs.h */
| #define PACKAGE_NAME "vte"
| #define PACKAGE_TARNAME "vte"
| #define PACKAGE_VERSION "0.29.1"
| #define PACKAGE_STRING "vte 0.29.1"
| #define PACKAGE_BUGREPORT "http://bugzilla.gnome.org/enter_bug.cgi?product=vte"
| #define PACKAGE_URL ""
| #define PACKAGE "vte"
| #define VERSION "0.29.1"
| /* end confdefs.h.  */
| #include <ac_nonexistent.h>
configure:4261: checking for grep that handles long lines and -e
configure:4319: result: /bin/grep
configure:4324: checking for egrep
configure:4386: result: /bin/grep -E
configure:4391: checking for ANSI C header files
configure:4411: /usr/bin/gcc -c -g -O2  conftest.c >&5
configure:4411: $? = 0
configure:4484: /usr/bin/gcc -o conftest -g -O2   conftest.c  >&5
configure:4484: $? = 0
configure:4484: ./conftest
configure:4484: $? = 0
configure:4495: result: yes
configure:4504: checking whether /usr/bin/gcc and cc understand -c and -o together
configure:4535: /usr/bin/gcc -c conftest.c -o conftest2.o >&5
configure:4539: $? = 0
configure:4545: /usr/bin/gcc -c conftest.c -o conftest2.o >&5
configure:4549: $? = 0
configure:4560: cc -c conftest.c >&5
configure:4564: $? = 0
configure:4572: cc -c conftest.c -o conftest2.o >&5
configure:4576: $? = 0
configure:4582: cc -c conftest.c -o conftest2.o >&5
configure:4586: $? = 0
configure:4604: result: yes
configure:4629: checking for a sed that does not truncate output
configure:4693: result: /bin/sed
configure:4730: checking build system type
configure:4744: result: arm-apple-darwin11.0.0
configure:4764: checking host system type
configure:4777: result: arm-apple-darwin11.0.0
configure:4797: checking for a sed that does not truncate output
configure:4861: result: /bin/sed
configure:4879: checking for fgrep
configure:4941: result: /bin/grep -F
configure:4976: checking for ld used by /usr/bin/gcc
configure:5043: result: /usr/bin/ld
configure:5050: checking if the linker (/usr/bin/ld) is GNU ld
configure:5065: result: no
configure:5077: checking for BSD- or MS-compatible name lister (nm)
configure:5126: result: /usr/bin/nm -p
configure:5244: checking the name lister (/usr/bin/nm -p) interface
configure:5252: /usr/bin/gcc -c -g -O2  conftest.c >&5
configure:5255: /usr/bin/nm -p "conftest.o"
configure:5258: output
00000000 D _some_variable
configure:5264: result: BSD nm
configure:5267: checking whether ln -s works
configure:5271: result: yes
configure:5279: checking the maximum length of command line arguments
configure:5399: result: 196608
configure:5416: checking whether the shell understands some XSI constructs
configure:5426: result: yes
configure:5430: checking whether the shell understands "+="
configure:5436: result: yes
configure:5471: checking for /usr/bin/ld option to reload object files
configure:5478: result: -r
configure:5547: checking for objdump
configure:5563: found /usr/bin/objdump
configure:5574: result: objdump
configure:5606: checking how to recognize dependent libraries
configure:5802: result: pass_all
configure:5862: checking for ar
configure:5878: found /usr/bin/ar
configure:5889: result: ar
configure:5967: checking for strip
configure:5983: found /usr/bin/strip
configure:5994: result: strip
configure:6066: checking for ranlib
configure:6082: found /usr/bin/ranlib
configure:6093: result: ranlib
configure:6183: checking command to parse /usr/bin/nm -p output from /usr/bin/gcc object
configure:6301: /usr/bin/gcc -c -g -O2  conftest.c >&5
configure:6304: $? = 0
configure:6308: /usr/bin/nm -p conftest.o \| sed -n -e 's/^.*[	 ]\([BCDEGRST][BCDEGRST]*\)[	 ][	 ]*\([_A-Za-z][_A-Za-z0-9]*\)$/\1 \2 \2/p' \> conftest.nm
configure:6311: $? = 0
cannot find nm_test_var in conftest.nm
configure:6301: /usr/bin/gcc -c -g -O2  conftest.c >&5
configure:6304: $? = 0
configure:6308: /usr/bin/nm -p conftest.o \| sed -n -e 's/^.*[	 ]\([BCDEGRST][BCDEGRST]*\)[	 ][	 ]*_\([_A-Za-z][_A-Za-z0-9]*\)$/\1 _\2 \2/p' \> conftest.nm
configure:6311: $? = 0
configure:6365: /usr/bin/gcc -o conftest -g -O2   conftest.c conftstm.o >&5
configure:6368: $? = 0
configure:6406: result: ok
configure:6670: checking for dsymutil
configure:6700: result: no
configure:6762: checking for nmedit
configure:6778: found /usr/bin/nmedit
configure:6789: result: nmedit
configure:6854: checking for lipo
configure:6870: found /usr/bin/lipo
configure:6881: result: lipo
configure:6946: checking for otool
configure:6962: found /usr/bin/otool
configure:6973: result: otool
configure:7038: checking for otool64
configure:7054: found /usr/bin/otool64
configure:7065: result: otool64
configure:7113: checking for -single_module linker flag
/usr/bin/gcc -g -O2  -o libconftest.dylib -dynamiclib -Wl,-single_module conftest.c
configure:7140: result: yes
configure:7142: checking for -exported_symbols_list linker flag
configure:7162: /usr/bin/gcc -o conftest -g -O2   -Wl,-exported_symbols_list,conftest.sym conftest.c  >&5
configure:7162: $? = 0
configure:7172: result: yes
configure:7214: checking for sys/types.h
configure:7214: /usr/bin/gcc -c -g -O2  conftest.c >&5
configure:7214: $? = 0
configure:7214: result: yes
configure:7214: checking for sys/stat.h
configure:7214: /usr/bin/gcc -c -g -O2  conftest.c >&5
configure:7214: $? = 0
configure:7214: result: yes
configure:7214: checking for stdlib.h
configure:7214: /usr/bin/gcc -c -g -O2  conftest.c >&5
configure:7214: $? = 0
configure:7214: result: yes
configure:7214: checking for string.h
configure:7214: /usr/bin/gcc -c -g -O2  conftest.c >&5
configure:7214: $? = 0
configure:7214: result: yes
configure:7214: checking for memory.h
configure:7214: /usr/bin/gcc -c -g -O2  conftest.c >&5
configure:7214: $? = 0
configure:7214: result: yes
configure:7214: checking for strings.h
configure:7214: /usr/bin/gcc -c -g -O2  conftest.c >&5
configure:7214: $? = 0
configure:7214: result: yes
configure:7214: checking for inttypes.h
configure:7214: /usr/bin/gcc -c -g -O2  conftest.c >&5
configure:7214: $? = 0
configure:7214: result: yes
configure:7214: checking for stdint.h
configure:7214: /usr/bin/gcc -c -g -O2  conftest.c >&5
configure:7214: $? = 0
configure:7214: result: yes
configure:7214: checking for unistd.h
configure:7214: /usr/bin/gcc -c -g -O2  conftest.c >&5
configure:7214: $? = 0
configure:7214: result: yes
configure:7229: checking for dlfcn.h
configure:7229: /usr/bin/gcc -c -g -O2  conftest.c >&5
configure:7229: $? = 0
configure:7229: result: yes
configure:7413: checking for objdir
configure:7428: result: .libs
configure:7720: checking if /usr/bin/gcc supports -fno-rtti -fno-exceptions
configure:7739: /usr/bin/gcc -c -g -O2  -fno-rtti -fno-exceptions conftest.c >&5
cc1: warning: command line option "-fno-rtti" is valid for C++/ObjC++ but not for C
configure:7743: $? = 0
configure:7755: result: no
configure:7775: checking for /usr/bin/gcc option to produce PIC
configure:8047: result: -fno-common -DPIC
configure:8059: checking if /usr/bin/gcc PIC flag -fno-common -DPIC works
configure:8078: /usr/bin/gcc -c -g -O2  -fno-common -DPIC -DPIC conftest.c >&5
configure:8082: $? = 0
configure:8094: result: yes
configure:8118: checking if /usr/bin/gcc static flag -static works
configure:8146: result: no
configure:8161: checking if /usr/bin/gcc supports -c -o file.o
configure:8183: /usr/bin/gcc -c -g -O2  -o out/conftest2.o conftest.c >&5
configure:8187: $? = 0
configure:8208: result: yes
configure:8216: checking if /usr/bin/gcc supports -c -o file.o
configure:8263: result: yes
configure:8296: checking whether the /usr/bin/gcc linker (/usr/bin/ld) supports shared libraries
configure:9282: result: yes
configure:9521: checking dynamic linker characteristics
configure:10175: result: darwin11.0.0 dyld
configure:10277: checking how to hardcode library paths into programs
configure:10302: result: immediate
configure:10822: checking whether stripping libraries is possible
configure:10836: result: yes
configure:10862: checking if libtool supports shared libraries
configure:10864: result: yes
configure:10867: checking whether to build shared libraries
configure:10888: result: yes
configure:10891: checking whether to build static libraries
configure:10895: result: yes
configure:10937: checking whether NLS is requested
configure:10946: result: yes
configure:10961: checking for intltool >= 0.35.0
configure:10968: result: 0.50.0 found
configure:10976: checking for intltool-update
configure:10994: found /usr/local/bin/intltool-update
configure:11006: result: /usr/local/bin/intltool-update
configure:11016: checking for intltool-merge
configure:11034: found /usr/local/bin/intltool-merge
configure:11046: result: /usr/local/bin/intltool-merge
configure:11056: checking for intltool-extract
configure:11074: found /usr/local/bin/intltool-extract
configure:11086: result: /usr/local/bin/intltool-extract
configure:11217: checking for xgettext
configure:11235: found /usr/local/bin/xgettext
configure:11247: result: /usr/local/bin/xgettext
configure:11257: checking for msgmerge
configure:11275: found /usr/local/bin/msgmerge
configure:11287: result: /usr/local/bin/msgmerge
configure:11297: checking for msgfmt
configure:11315: found /usr/local/bin/msgfmt
configure:11327: result: /usr/local/bin/msgfmt
configure:11337: checking for gmsgfmt
configure:11368: result: /usr/local/bin/msgfmt
configure:11388: checking for perl
configure:11406: found /usr/local/bin/perl
configure:11418: result: /usr/local/bin/perl
configure:11429: checking for perl >= 5.8.1
configure:11436: result: 5.10.0
configure:11440: checking for XML::Parser
configure:11443: result: ok
configure:11468: /usr/bin/gcc -o conftest -g -O2   conftest.c  >&5
Undefined symbols:
  "__nl_msg_cat_cntr", referenced from:
      __nl_msg_cat_cntr$non_lazy_ptr in cc4K1MMF.o
ld: symbol(s) not found
collect2: ld returned 1 exit status
configure:11468: $? = 1
configure: failed program was:
| /* confdefs.h */
| #define PACKAGE_NAME "vte"
| #define PACKAGE_TARNAME "vte"
| #define PACKAGE_VERSION "0.29.1"
| #define PACKAGE_STRING "vte 0.29.1"
| #define PACKAGE_BUGREPORT "http://bugzilla.gnome.org/enter_bug.cgi?product=vte"
| #define PACKAGE_URL ""
| #define PACKAGE "vte"
| #define VERSION "0.29.1"
| #define STDC_HEADERS 1
| #define HAVE_SYS_TYPES_H 1
| #define HAVE_SYS_STAT_H 1
| #define HAVE_STDLIB_H 1
| #define HAVE_STRING_H 1
| #define HAVE_MEMORY_H 1
| #define HAVE_STRINGS_H 1
| #define HAVE_INTTYPES_H 1
| #define HAVE_STDINT_H 1
| #define HAVE_UNISTD_H 1
| #define HAVE_DLFCN_H 1
| #define LT_OBJDIR ".libs/"
| /* end confdefs.h.  */
| 
| int
| main ()
| {
| extern int _nl_msg_cat_cntr;
|                        return _nl_msg_cat_cntr
|   ;
|   return 0;
| }
configure:11505: checking locale.h usability
configure:11505: /usr/bin/gcc -c -g -O2  conftest.c >&5
configure:11505: $? = 0
configure:11505: result: yes
configure:11505: checking locale.h presence
configure:11505: /usr/bin/gcc -E  conftest.c
configure:11505: $? = 0
configure:11505: result: yes
configure:11505: checking for locale.h
configure:11505: result: yes
configure:11516: checking for LC_MESSAGES
configure:11532: /usr/bin/gcc -o conftest -g -O2   conftest.c  >&5
configure:11532: $? = 0
configure:11540: result: yes
configure:11557: checking libintl.h usability
configure:11557: /usr/bin/gcc -c -g -O2  conftest.c >&5
configure:11557: $? = 0
configure:11557: result: yes
configure:11557: checking libintl.h presence
configure:11557: /usr/bin/gcc -E  conftest.c
configure:11557: $? = 0
configure:11557: result: yes
configure:11557: checking for libintl.h
configure:11557: result: yes
configure:11565: checking for ngettext in libc
configure:11583: /usr/bin/gcc -o conftest -g -O2   conftest.c  >&5
Undefined symbols:
  "_libintl_ngettext", referenced from:
      _main in cc0HYAFv.o
ld: symbol(s) not found
collect2: ld returned 1 exit status
configure:11583: $? = 1
configure: failed program was:
| /* confdefs.h */
| #define PACKAGE_NAME "vte"
| #define PACKAGE_TARNAME "vte"
| #define PACKAGE_VERSION "0.29.1"
| #define PACKAGE_STRING "vte 0.29.1"
| #define PACKAGE_BUGREPORT "http://bugzilla.gnome.org/enter_bug.cgi?product=vte"
| #define PACKAGE_URL ""
| #define PACKAGE "vte"
| #define VERSION "0.29.1"
| #define STDC_HEADERS 1
| #define HAVE_SYS_TYPES_H 1
| #define HAVE_SYS_STAT_H 1
| #define HAVE_STDLIB_H 1
| #define HAVE_STRING_H 1
| #define HAVE_MEMORY_H 1
| #define HAVE_STRINGS_H 1
| #define HAVE_INTTYPES_H 1
| #define HAVE_STDINT_H 1
| #define HAVE_UNISTD_H 1
| #define HAVE_DLFCN_H 1
| #define LT_OBJDIR ".libs/"
| #define GETTEXT_PACKAGE "vte-2.90"
| #define HAVE_LOCALE_H 1
| #define HAVE_LC_MESSAGES 1
| /* end confdefs.h.  */
| 
| #include <libintl.h>
| 
| int
| main ()
| {
| return !ngettext ("","", 1)
|   ;
|   return 0;
| }
configure:11592: result: no
configure:11648: checking for bindtextdomain in -lintl
configure:11673: /usr/bin/gcc -o conftest -g -O2   conftest.c -lintl   >&5
configure:11673: $? = 0
configure:11682: result: yes
configure:11685: checking for ngettext in -lintl
configure:11710: /usr/bin/gcc -o conftest -g -O2   conftest.c -lintl   >&5
configure:11710: $? = 0
configure:11719: result: yes
configure:11722: checking for dgettext in -lintl
configure:11747: /usr/bin/gcc -o conftest -g -O2   conftest.c -lintl   >&5
conftest.c:33: warning: conflicting types for built-in function 'dgettext'
configure:11747: $? = 0
configure:11756: result: yes
configure:11869: checking for bind_textdomain_codeset
configure:11869: /usr/bin/gcc -o conftest -g -O2   conftest.c  -lintl  >&5
configure:11869: $? = 0
configure:11869: result: yes
configure:11906: checking for msgfmt
configure:11933: result: /usr/local/bin/msgfmt
configure:11944: checking for dcgettext
configure:11944: /usr/bin/gcc -o conftest -g -O2   conftest.c  -lintl  >&5
conftest.c:51: warning: conflicting types for built-in function 'dcgettext'
configure:11944: $? = 0
configure:11944: result: yes
configure:11954: checking if msgfmt accepts -c
configure:11969: $MSGFMT -c -o /dev/null conftest.foo
configure:11972: $? = 0
configure:11974: result: yes
configure:11984: checking for gmsgfmt
configure:12015: result: /usr/local/bin/msgfmt
configure:12025: checking for xgettext
configure:12052: result: /usr/local/bin/xgettext
configure:12071: /usr/bin/gcc -o conftest -g -O2   conftest.c  -lintl  >&5
configure:12071: $? = 0
configure:12206: checking whether bind_textdomain_codeset is declared
configure:12206: /usr/bin/gcc -c -g -O2  conftest.c >&5
configure:12206: $? = 0
configure:12206: result: yes
configure:12224: checking for a win32 platform
configure:12232: result: no
configure:12299: checking for supported warning flags
configure:12321: checking whether /usr/bin/gcc supports -Wall
configure:12331: /usr/bin/gcc -c -g -O2 -Wall  conftest.c >&5
configure:12331: $? = 0
configure:12344: result: yes
configure:12321: checking whether /usr/bin/gcc supports -Wextra
configure:12331: /usr/bin/gcc -c -g -O2 -Wextra  conftest.c >&5
configure:12331: $? = 0
configure:12344: result: yes
configure:12321: checking whether /usr/bin/gcc supports -Wsign-compare
configure:12331: /usr/bin/gcc -c -g -O2 -Wsign-compare  conftest.c >&5
configure:12331: $? = 0
configure:12344: result: yes
configure:12321: checking whether /usr/bin/gcc supports -Werror-implicit-function-declaration
configure:12331: /usr/bin/gcc -c -g -O2 -Werror-implicit-function-declaration  conftest.c >&5
configure:12331: $? = 0
configure:12344: result: yes
configure:12321: checking whether /usr/bin/gcc supports -Wpointer-arith
configure:12331: /usr/bin/gcc -c -g -O2 -Wpointer-arith  conftest.c >&5
configure:12331: $? = 0
configure:12344: result: yes
configure:12321: checking whether /usr/bin/gcc supports -Wwrite-strings
configure:12331: /usr/bin/gcc -c -g -O2 -Wwrite-strings  conftest.c >&5
configure:12331: $? = 0
configure:12344: result: yes
configure:12321: checking whether /usr/bin/gcc supports -Wstrict-prototypes
configure:12331: /usr/bin/gcc -c -g -O2 -Wstrict-prototypes  conftest.c >&5
configure:12331: $? = 0
configure:12344: result: yes
configure:12321: checking whether /usr/bin/gcc supports -Waggregate-return
configure:12331: /usr/bin/gcc -c -g -O2 -Waggregate-return  conftest.c >&5
configure:12331: $? = 0
configure:12344: result: yes
configure:12321: checking whether /usr/bin/gcc supports -Wcast-align
configure:12331: /usr/bin/gcc -c -g -O2 -Wcast-align  conftest.c >&5
configure:12331: $? = 0
configure:12344: result: yes
configure:12321: checking whether /usr/bin/gcc supports -Wimplicit
configure:12331: /usr/bin/gcc -c -g -O2 -Wimplicit  conftest.c >&5
configure:12331: $? = 0
configure:12344: result: yes
configure:12321: checking whether /usr/bin/gcc supports -Wuninitialised
configure:12331: /usr/bin/gcc -c -g -O2 -Wuninitialised  conftest.c >&5
cc1: error: unrecognized command line option "-Wuninitialised"
configure:12331: $? = 1
configure: failed program was:
| /* confdefs.h */
| #define PACKAGE_NAME "vte"
| #define PACKAGE_TARNAME "vte"
| #define PACKAGE_VERSION "0.29.1"
| #define PACKAGE_STRING "vte 0.29.1"
| #define PACKAGE_BUGREPORT "http://bugzilla.gnome.org/enter_bug.cgi?product=vte"
| #define PACKAGE_URL ""
| #define PACKAGE "vte"
| #define VERSION "0.29.1"
| #define STDC_HEADERS 1
| #define HAVE_SYS_TYPES_H 1
| #define HAVE_SYS_STAT_H 1
| #define HAVE_STDLIB_H 1
| #define HAVE_STRING_H 1
| #define HAVE_MEMORY_H 1
| #define HAVE_STRINGS_H 1
| #define HAVE_INTTYPES_H 1
| #define HAVE_STDINT_H 1
| #define HAVE_UNISTD_H 1
| #define HAVE_DLFCN_H 1
| #define LT_OBJDIR ".libs/"
| #define GETTEXT_PACKAGE "vte-2.90"
| #define HAVE_LOCALE_H 1
| #define HAVE_LC_MESSAGES 1
| #define HAVE_BIND_TEXTDOMAIN_CODESET 1
| #define HAVE_GETTEXT 1
| #define HAVE_DCGETTEXT 1
| #define ENABLE_NLS 1
| #define HAVE_DECL_BIND_TEXTDOMAIN_CODESET 1
| /* end confdefs.h.  */
| 
configure:12344: result: no
configure:12321: checking whether /usr/bin/gcc supports -Wmissing-prototypes
configure:12331: /usr/bin/gcc -c -g -O2 -Wmissing-prototypes  conftest.c >&5
configure:12331: $? = 0
configure:12344: result: yes
configure:12321: checking whether /usr/bin/gcc supports -Wmissing-declarations
configure:12331: /usr/bin/gcc -c -g -O2 -Wmissing-declarations  conftest.c >&5
configure:12331: $? = 0
configure:12344: result: yes
configure:12321: checking whether /usr/bin/gcc supports -Wnested-externs
configure:12331: /usr/bin/gcc -c -g -O2 -Wnested-externs  conftest.c >&5
configure:12331: $? = 0
configure:12344: result: yes
configure:12321: checking whether /usr/bin/gcc supports -Wpacked
configure:12331: /usr/bin/gcc -c -g -O2 -Wpacked  conftest.c >&5
configure:12331: $? = 0
configure:12344: result: yes
configure:12321: checking whether /usr/bin/gcc supports -Wmissing-format-attribute
configure:12331: /usr/bin/gcc -c -g -O2 -Wmissing-format-attribute  conftest.c >&5
configure:12331: $? = 0
configure:12344: result: yes
configure:12321: checking whether /usr/bin/gcc supports -Wshadow
configure:12331: /usr/bin/gcc -c -g -O2 -Wshadow  conftest.c >&5
configure:12331: $? = 0
configure:12344: result: yes
configure:12321: checking whether /usr/bin/gcc supports -Wstrict-aliasing=2
configure:12331: /usr/bin/gcc -c -g -O2 -Wstrict-aliasing=2  conftest.c >&5
configure:12331: $? = 0
configure:12344: result: yes
configure:12321: checking whether /usr/bin/gcc supports -Winit-self
configure:12331: /usr/bin/gcc -c -g -O2 -Winit-self  conftest.c >&5
configure:12331: $? = 0
configure:12344: result: yes
configure:12321: checking whether /usr/bin/gcc supports -Wunsafe-loop-optimizations
configure:12331: /usr/bin/gcc -c -g -O2 -Wunsafe-loop-optimizations  conftest.c >&5
configure:12331: $? = 0
configure:12344: result: yes
configure:12321: checking whether /usr/bin/gcc supports -Wdeclaration-after-statement
configure:12331: /usr/bin/gcc -c -g -O2 -Wdeclaration-after-statement  conftest.c >&5
configure:12331: $? = 0
configure:12344: result: yes
configure:12321: checking whether /usr/bin/gcc supports -Wold-style-definition
configure:12331: /usr/bin/gcc -c -g -O2 -Wold-style-definition  conftest.c >&5
configure:12331: $? = 0
configure:12344: result: yes
configure:12321: checking whether /usr/bin/gcc supports -Wno-missing-field-initializers
configure:12331: /usr/bin/gcc -c -g -O2 -Wno-missing-field-initializers  conftest.c >&5
configure:12331: $? = 0
configure:12344: result: yes
configure:12321: checking whether /usr/bin/gcc supports -Wno-unused-parameter
configure:12331: /usr/bin/gcc -c -g -O2 -Wno-unused-parameter  conftest.c >&5
configure:12331: $? = 0
configure:12344: result: yes
configure:12321: checking whether /usr/bin/gcc supports -fno-common
configure:12331: /usr/bin/gcc -c -g -O2 -fno-common  conftest.c >&5
configure:12331: $? = 0
configure:12344: result: yes
configure:12321: checking whether /usr/bin/gcc supports -Wno-switch-enum
configure:12331: /usr/bin/gcc -c -g -O2 -Wno-switch-enum  conftest.c >&5
configure:12331: $? = 0
configure:12344: result: yes
configure:12352: checking which warning flags were supported
configure:12355: result:  -Wall -Wextra -Wsign-compare -Werror-implicit-function-declaration -Wpointer-arith -Wwrite-strings -Wstrict-prototypes -Waggregate-return -Wcast-align -Wimplicit -Wmissing-prototypes -Wmissing-declarations -Wnested-externs -Wpacked -Wmissing-format-attribute -Wshadow -Wstrict-aliasing=2 -Winit-self -Wunsafe-loop-optimizations -Wdeclaration-after-statement -Wold-style-definition -Wno-missing-field-initializers -Wno-unused-parameter -fno-common -Wno-switch-enum
configure:12529: checking for pkg-config
configure:12547: found /usr/local/bin/pkg-config
configure:12559: result: /usr/local/bin/pkg-config
configure:12584: checking pkg-config is at least version 0.9.0
configure:12587: result: yes
configure:12598: checking for GLIB
configure:12605: $PKG_CONFIG --exists --print-errors "glib-2.0 >= $GLIB_REQUIRED gobject-2.0"
configure:12608: $? = 0
configure:12621: $PKG_CONFIG --exists --print-errors "glib-2.0 >= $GLIB_REQUIRED gobject-2.0"
configure:12624: $? = 0
configure:12678: result: yes
configure:12684: checking for GTK
configure:12691: $PKG_CONFIG --exists --print-errors "glib-2.0 >= $GLIB_REQUIRED gobject-2.0 gtk+-$GTK_API_VERSION >= $GTK_REQUIRED"
configure:12694: $? = 0
configure:12707: $PKG_CONFIG --exists --print-errors "glib-2.0 >= $GLIB_REQUIRED gobject-2.0 gtk+-$GTK_API_VERSION >= $GTK_REQUIRED"
configure:12710: $? = 0
configure:12764: result: yes
configure:12771: checking for glib-genmarshal
configure:12789: found /usr/local/bin/glib-genmarshal
configure:12801: result: /usr/local/bin/glib-genmarshal
configure:12811: checking for glib-mkenums
configure:12829: found /usr/local/bin/glib-mkenums
configure:12841: result: /usr/local/bin/glib-mkenums
configure:12879: checking sys/select.h usability
configure:12879: /usr/bin/gcc -c -g -O2  -Wall -Wextra -Wsign-compare -Werror-implicit-function-declaration -Wpointer-arith -Wwrite-strings -Wstrict-prototypes -Waggregate-return -Wcast-align -Wimplicit -Wmissing-prototypes -Wmissing-declarations -Wnested-externs -Wpacked -Wmissing-format-attribute -Wshadow -Wstrict-aliasing=2 -Winit-self -Wunsafe-loop-optimizations -Wdeclaration-after-statement -Wold-style-definition -Wno-missing-field-initializers -Wno-unused-parameter -fno-common -Wno-switch-enum  conftest.c >&5
configure:12879: $? = 0
configure:12879: result: yes
configure:12879: checking sys/select.h presence
configure:12879: /usr/bin/gcc -E  conftest.c
configure:12879: $? = 0
configure:12879: result: yes
configure:12879: checking for sys/select.h
configure:12879: result: yes
configure:12879: checking sys/syslimits.h usability
configure:12879: /usr/bin/gcc -c -g -O2  -Wall -Wextra -Wsign-compare -Werror-implicit-function-declaration -Wpointer-arith -Wwrite-strings -Wstrict-prototypes -Waggregate-return -Wcast-align -Wimplicit -Wmissing-prototypes -Wmissing-declarations -Wnested-externs -Wpacked -Wmissing-format-attribute -Wshadow -Wstrict-aliasing=2 -Winit-self -Wunsafe-loop-optimizations -Wdeclaration-after-statement -Wold-style-definition -Wno-missing-field-initializers -Wno-unused-parameter -fno-common -Wno-switch-enum  conftest.c >&5
configure:12879: $? = 0
configure:12879: result: yes
configure:12879: checking sys/syslimits.h presence
configure:12879: /usr/bin/gcc -E  conftest.c
configure:12879: $? = 0
configure:12879: result: yes
configure:12879: checking for sys/syslimits.h
configure:12879: result: yes
configure:12879: checking sys/termios.h usability
configure:12879: /usr/bin/gcc -c -g -O2  -Wall -Wextra -Wsign-compare -Werror-implicit-function-declaration -Wpointer-arith -Wwrite-strings -Wstrict-prototypes -Waggregate-return -Wcast-align -Wimplicit -Wmissing-prototypes -Wmissing-declarations -Wnested-externs -Wpacked -Wmissing-format-attribute -Wshadow -Wstrict-aliasing=2 -Winit-self -Wunsafe-loop-optimizations -Wdeclaration-after-statement -Wold-style-definition -Wno-missing-field-initializers -Wno-unused-parameter -fno-common -Wno-switch-enum  conftest.c >&5
configure:12879: $? = 0
configure:12879: result: yes
configure:12879: checking sys/termios.h presence
configure:12879: /usr/bin/gcc -E  conftest.c
configure:12879: $? = 0
configure:12879: result: yes
configure:12879: checking for sys/termios.h
configure:12879: result: yes
configure:12879: checking sys/un.h usability
configure:12879: /usr/bin/gcc -c -g -O2  -Wall -Wextra -Wsign-compare -Werror-implicit-function-declaration -Wpointer-arith -Wwrite-strings -Wstrict-prototypes -Waggregate-return -Wcast-align -Wimplicit -Wmissing-prototypes -Wmissing-declarations -Wnested-externs -Wpacked -Wmissing-format-attribute -Wshadow -Wstrict-aliasing=2 -Winit-self -Wunsafe-loop-optimizations -Wdeclaration-after-statement -Wold-style-definition -Wno-missing-field-initializers -Wno-unused-parameter -fno-common -Wno-switch-enum  conftest.c >&5
configure:12879: $? = 0
configure:12879: result: yes
configure:12879: checking sys/un.h presence
configure:12879: /usr/bin/gcc -E  conftest.c
configure:12879: $? = 0
configure:12879: result: yes
configure:12879: checking for sys/un.h
configure:12879: result: yes
configure:12879: checking sys/wait.h usability
configure:12879: /usr/bin/gcc -c -g -O2  -Wall -Wextra -Wsign-compare -Werror-implicit-function-declaration -Wpointer-arith -Wwrite-strings -Wstrict-prototypes -Waggregate-return -Wcast-align -Wimplicit -Wmissing-prototypes -Wmissing-declarations -Wnested-externs -Wpacked -Wmissing-format-attribute -Wshadow -Wstrict-aliasing=2 -Winit-self -Wunsafe-loop-optimizations -Wdeclaration-after-statement -Wold-style-definition -Wno-missing-field-initializers -Wno-unused-parameter -fno-common -Wno-switch-enum  conftest.c >&5
configure:12879: $? = 0
configure:12879: result: yes
configure:12879: checking sys/wait.h presence
configure:12879: /usr/bin/gcc -E  conftest.c
configure:12879: $? = 0
configure:12879: result: yes
configure:12879: checking for sys/wait.h
configure:12879: result: yes
configure:12879: checking stropts.h usability
configure:12879: /usr/bin/gcc -c -g -O2  -Wall -Wextra -Wsign-compare -Werror-implicit-function-declaration -Wpointer-arith -Wwrite-strings -Wstrict-prototypes -Waggregate-return -Wcast-align -Wimplicit -Wmissing-prototypes -Wmissing-declarations -Wnested-externs -Wpacked -Wmissing-format-attribute -Wshadow -Wstrict-aliasing=2 -Winit-self -Wunsafe-loop-optimizations -Wdeclaration-after-statement -Wold-style-definition -Wno-missing-field-initializers -Wno-unused-parameter -fno-common -Wno-switch-enum  conftest.c >&5
conftest.c:71:21: error: stropts.h: No such file or directory
configure:12879: $? = 1
configure: failed program was:
| /* confdefs.h */
| #define PACKAGE_NAME "vte"
| #define PACKAGE_TARNAME "vte"
| #define PACKAGE_VERSION "0.29.1"
| #define PACKAGE_STRING "vte 0.29.1"
| #define PACKAGE_BUGREPORT "http://bugzilla.gnome.org/enter_bug.cgi?product=vte"
| #define PACKAGE_URL ""
| #define PACKAGE "vte"
| #define VERSION "0.29.1"
| #define STDC_HEADERS 1
| #define HAVE_SYS_TYPES_H 1
| #define HAVE_SYS_STAT_H 1
| #define HAVE_STDLIB_H 1
| #define HAVE_STRING_H 1
| #define HAVE_MEMORY_H 1
| #define HAVE_STRINGS_H 1
| #define HAVE_INTTYPES_H 1
| #define HAVE_STDINT_H 1
| #define HAVE_UNISTD_H 1
| #define HAVE_DLFCN_H 1
| #define LT_OBJDIR ".libs/"
| #define GETTEXT_PACKAGE "vte-2.90"
| #define HAVE_LOCALE_H 1
| #define HAVE_LC_MESSAGES 1
| #define HAVE_BIND_TEXTDOMAIN_CODESET 1
| #define HAVE_GETTEXT 1
| #define HAVE_DCGETTEXT 1
| #define ENABLE_NLS 1
| #define HAVE_DECL_BIND_TEXTDOMAIN_CODESET 1
| #define GDK_MULTIHEAD_SAFE 1
| #define VTE_DEFAULT_EMULATION "xterm"
| #define HAVE_SYS_SELECT_H 1
| #define HAVE_SYS_SYSLIMITS_H 1
| #define HAVE_SYS_TERMIOS_H 1
| #define HAVE_SYS_UN_H 1
| #define HAVE_SYS_WAIT_H 1
| /* end confdefs.h.  */
| #include <stdio.h>
| #ifdef HAVE_SYS_TYPES_H
| # include <sys/types.h>
| #endif
| #ifdef HAVE_SYS_STAT_H
| # include <sys/stat.h>
| #endif
| #ifdef STDC_HEADERS
| # include <stdlib.h>
| # include <stddef.h>
| #else
| # ifdef HAVE_STDLIB_H
| #  include <stdlib.h>
| # endif
| #endif
| #ifdef HAVE_STRING_H
| # if !defined STDC_HEADERS && defined HAVE_MEMORY_H
| #  include <memory.h>
| # endif
| # include <string.h>
| #endif
| #ifdef HAVE_STRINGS_H
| # include <strings.h>
| #endif
| #ifdef HAVE_INTTYPES_H
| # include <inttypes.h>
| #endif
| #ifdef HAVE_STDINT_H
| # include <stdint.h>
| #endif
| #ifdef HAVE_UNISTD_H
| # include <unistd.h>
| #endif
| #include <stropts.h>
configure:12879: result: no
configure:12879: checking stropts.h presence
configure:12879: /usr/bin/gcc -E  conftest.c
conftest.c:38:21: error: stropts.h: No such file or directory
configure:12879: $? = 1
configure: failed program was:
| /* confdefs.h */
| #define PACKAGE_NAME "vte"
| #define PACKAGE_TARNAME "vte"
| #define PACKAGE_VERSION "0.29.1"
| #define PACKAGE_STRING "vte 0.29.1"
| #define PACKAGE_BUGREPORT "http://bugzilla.gnome.org/enter_bug.cgi?product=vte"
| #define PACKAGE_URL ""
| #define PACKAGE "vte"
| #define VERSION "0.29.1"
| #define STDC_HEADERS 1
| #define HAVE_SYS_TYPES_H 1
| #define HAVE_SYS_STAT_H 1
| #define HAVE_STDLIB_H 1
| #define HAVE_STRING_H 1
| #define HAVE_MEMORY_H 1
| #define HAVE_STRINGS_H 1
| #define HAVE_INTTYPES_H 1
| #define HAVE_STDINT_H 1
| #define HAVE_UNISTD_H 1
| #define HAVE_DLFCN_H 1
| #define LT_OBJDIR ".libs/"
| #define GETTEXT_PACKAGE "vte-2.90"
| #define HAVE_LOCALE_H 1
| #define HAVE_LC_MESSAGES 1
| #define HAVE_BIND_TEXTDOMAIN_CODESET 1
| #define HAVE_GETTEXT 1
| #define HAVE_DCGETTEXT 1
| #define ENABLE_NLS 1
| #define HAVE_DECL_BIND_TEXTDOMAIN_CODESET 1
| #define GDK_MULTIHEAD_SAFE 1
| #define VTE_DEFAULT_EMULATION "xterm"
| #define HAVE_SYS_SELECT_H 1
| #define HAVE_SYS_SYSLIMITS_H 1
| #define HAVE_SYS_TERMIOS_H 1
| #define HAVE_SYS_UN_H 1
| #define HAVE_SYS_WAIT_H 1
| /* end confdefs.h.  */
| #include <stropts.h>
configure:12879: result: no
configure:12879: checking for stropts.h
configure:12879: result: no
configure:12879: checking termios.h usability
configure:12879: /usr/bin/gcc -c -g -O2  -Wall -Wextra -Wsign-compare -Werror-implicit-function-declaration -Wpointer-arith -Wwrite-strings -Wstrict-prototypes -Waggregate-return -Wcast-align -Wimplicit -Wmissing-prototypes -Wmissing-declarations -Wnested-externs -Wpacked -Wmissing-format-attribute -Wshadow -Wstrict-aliasing=2 -Winit-self -Wunsafe-loop-optimizations -Wdeclaration-after-statement -Wold-style-definition -Wno-missing-field-initializers -Wno-unused-parameter -fno-common -Wno-switch-enum  conftest.c >&5
configure:12879: $? = 0
configure:12879: result: yes
configure:12879: checking termios.h presence
configure:12879: /usr/bin/gcc -E  conftest.c
configure:12879: $? = 0
configure:12879: result: yes
configure:12879: checking for termios.h
configure:12879: result: yes
configure:12879: checking wchar.h usability
configure:12879: /usr/bin/gcc -c -g -O2  -Wall -Wextra -Wsign-compare -Werror-implicit-function-declaration -Wpointer-arith -Wwrite-strings -Wstrict-prototypes -Waggregate-return -Wcast-align -Wimplicit -Wmissing-prototypes -Wmissing-declarations -Wnested-externs -Wpacked -Wmissing-format-attribute -Wshadow -Wstrict-aliasing=2 -Winit-self -Wunsafe-loop-optimizations -Wdeclaration-after-statement -Wold-style-definition -Wno-missing-field-initializers -Wno-unused-parameter -fno-common -Wno-switch-enum  conftest.c >&5
configure:12879: $? = 0
configure:12879: result: yes
configure:12879: checking wchar.h presence
configure:12879: /usr/bin/gcc -E  conftest.c
configure:12879: $? = 0
configure:12879: result: yes
configure:12879: checking for wchar.h
configure:12879: result: yes
configure:12890: checking whether termios.h defines TIOCGWINSZ
configure:12913: result: yes
configure:12955: checking for cfmakeraw
configure:12955: /usr/bin/gcc -o conftest -g -O2  -Wall -Wextra -Wsign-compare -Werror-implicit-function-declaration -Wpointer-arith -Wwrite-strings -Wstrict-prototypes -Waggregate-return -Wcast-align -Wimplicit -Wmissing-prototypes -Wmissing-declarations -Wnested-externs -Wpacked -Wmissing-format-attribute -Wshadow -Wstrict-aliasing=2 -Winit-self -Wunsafe-loop-optimizations -Wdeclaration-after-statement -Wold-style-definition -Wno-missing-field-initializers -Wno-unused-parameter -fno-common -Wno-switch-enum   conftest.c  >&5
conftest.c:63: warning: function declaration isn't a prototype
conftest.c:73: warning: function declaration isn't a prototype
conftest.c: In function 'main':
conftest.c:73: warning: old-style function definition
configure:12955: $? = 0
configure:12955: result: yes
configure:12955: checking for fork
configure:12955: /usr/bin/gcc -o conftest -g -O2  -Wall -Wextra -Wsign-compare -Werror-implicit-function-declaration -Wpointer-arith -Wwrite-strings -Wstrict-prototypes -Waggregate-return -Wcast-align -Wimplicit -Wmissing-prototypes -Wmissing-declarations -Wnested-externs -Wpacked -Wmissing-format-attribute -Wshadow -Wstrict-aliasing=2 -Winit-self -Wunsafe-loop-optimizations -Wdeclaration-after-statement -Wold-style-definition -Wno-missing-field-initializers -Wno-unused-parameter -fno-common -Wno-switch-enum   conftest.c  >&5
conftest.c:64: warning: function declaration isn't a prototype
conftest.c:64: warning: conflicting types for built-in function 'fork'
conftest.c:74: warning: function declaration isn't a prototype
conftest.c: In function 'main':
conftest.c:74: warning: old-style function definition
configure:12955: $? = 0
configure:12955: result: yes
configure:12955: checking for setsid
configure:12955: /usr/bin/gcc -o conftest -g -O2  -Wall -Wextra -Wsign-compare -Werror-implicit-function-declaration -Wpointer-arith -Wwrite-strings -Wstrict-prototypes -Waggregate-return -Wcast-align -Wimplicit -Wmissing-prototypes -Wmissing-declarations -Wnested-externs -Wpacked -Wmissing-format-attribute -Wshadow -Wstrict-aliasing=2 -Winit-self -Wunsafe-loop-optimizations -Wdeclaration-after-statement -Wold-style-definition -Wno-missing-field-initializers -Wno-unused-parameter -fno-common -Wno-switch-enum   conftest.c  >&5
conftest.c:65: warning: function declaration isn't a prototype
conftest.c:75: warning: function declaration isn't a prototype
conftest.c: In function 'main':
conftest.c:75: warning: old-style function definition
configure:12955: $? = 0
configure:12955: result: yes
configure:12955: checking for setpgid
configure:12955: /usr/bin/gcc -o conftest -g -O2  -Wall -Wextra -Wsign-compare -Werror-implicit-function-declaration -Wpointer-arith -Wwrite-strings -Wstrict-prototypes -Waggregate-return -Wcast-align -Wimplicit -Wmissing-prototypes -Wmissing-declarations -Wnested-externs -Wpacked -Wmissing-format-attribute -Wshadow -Wstrict-aliasing=2 -Winit-self -Wunsafe-loop-optimizations -Wdeclaration-after-statement -Wold-style-definition -Wno-missing-field-initializers -Wno-unused-parameter -fno-common -Wno-switch-enum   conftest.c  >&5
conftest.c:66: warning: function declaration isn't a prototype
conftest.c:76: warning: function declaration isn't a prototype
conftest.c: In function 'main':
conftest.c:76: warning: old-style function definition
configure:12955: $? = 0
configure:12955: result: yes
configure:12955: checking for getpgid
configure:12955: /usr/bin/gcc -o conftest -g -O2  -Wall -Wextra -Wsign-compare -Werror-implicit-function-declaration -Wpointer-arith -Wwrite-strings -Wstrict-prototypes -Waggregate-return -Wcast-align -Wimplicit -Wmissing-prototypes -Wmissing-declarations -Wnested-externs -Wpacked -Wmissing-format-attribute -Wshadow -Wstrict-aliasing=2 -Winit-self -Wunsafe-loop-optimizations -Wdeclaration-after-statement -Wold-style-definition -Wno-missing-field-initializers -Wno-unused-parameter -fno-common -Wno-switch-enum   conftest.c  >&5
conftest.c:67: warning: function declaration isn't a prototype
conftest.c:77: warning: function declaration isn't a prototype
conftest.c: In function 'main':
conftest.c:77: warning: old-style function definition
configure:12955: $? = 0
configure:12955: result: yes
configure:12955: checking for getpt
configure:12955: /usr/bin/gcc -o conftest -g -O2  -Wall -Wextra -Wsign-compare -Werror-implicit-function-declaration -Wpointer-arith -Wwrite-strings -Wstrict-prototypes -Waggregate-return -Wcast-align -Wimplicit -Wmissing-prototypes -Wmissing-declarations -Wnested-externs -Wpacked -Wmissing-format-attribute -Wshadow -Wstrict-aliasing=2 -Winit-self -Wunsafe-loop-optimizations -Wdeclaration-after-statement -Wold-style-definition -Wno-missing-field-initializers -Wno-unused-parameter -fno-common -Wno-switch-enum   conftest.c  >&5
conftest.c:68: warning: function declaration isn't a prototype
conftest.c:78: warning: function declaration isn't a prototype
conftest.c: In function 'main':
conftest.c:78: warning: old-style function definition
Undefined symbols:
  "_getpt", referenced from:
      _main in ccBp0TSW.o
ld: symbol(s) not found
collect2: ld returned 1 exit status
configure:12955: $? = 1
configure: failed program was:
| /* confdefs.h */
| #define PACKAGE_NAME "vte"
| #define PACKAGE_TARNAME "vte"
| #define PACKAGE_VERSION "0.29.1"
| #define PACKAGE_STRING "vte 0.29.1"
| #define PACKAGE_BUGREPORT "http://bugzilla.gnome.org/enter_bug.cgi?product=vte"
| #define PACKAGE_URL ""
| #define PACKAGE "vte"
| #define VERSION "0.29.1"
| #define STDC_HEADERS 1
| #define HAVE_SYS_TYPES_H 1
| #define HAVE_SYS_STAT_H 1
| #define HAVE_STDLIB_H 1
| #define HAVE_STRING_H 1
| #define HAVE_MEMORY_H 1
| #define HAVE_STRINGS_H 1
| #define HAVE_INTTYPES_H 1
| #define HAVE_STDINT_H 1
| #define HAVE_UNISTD_H 1
| #define HAVE_DLFCN_H 1
| #define LT_OBJDIR ".libs/"
| #define GETTEXT_PACKAGE "vte-2.90"
| #define HAVE_LOCALE_H 1
| #define HAVE_LC_MESSAGES 1
| #define HAVE_BIND_TEXTDOMAIN_CODESET 1
| #define HAVE_GETTEXT 1
| #define HAVE_DCGETTEXT 1
| #define ENABLE_NLS 1
| #define HAVE_DECL_BIND_TEXTDOMAIN_CODESET 1
| #define GDK_MULTIHEAD_SAFE 1
| #define VTE_DEFAULT_EMULATION "xterm"
| #define HAVE_SYS_SELECT_H 1
| #define HAVE_SYS_SYSLIMITS_H 1
| #define HAVE_SYS_TERMIOS_H 1
| #define HAVE_SYS_UN_H 1
| #define HAVE_SYS_WAIT_H 1
| #define HAVE_TERMIOS_H 1
| #define HAVE_WCHAR_H 1
| #define HAVE_CFMAKERAW 1
| #define HAVE_FORK 1
| #define HAVE_SETSID 1
| #define HAVE_SETPGID 1
| #define HAVE_GETPGID 1
| /* end confdefs.h.  */
| /* Define getpt to an innocuous variant, in case <limits.h> declares getpt.
|    For example, HP-UX 11i <limits.h> declares gettimeofday.  */
| #define getpt innocuous_getpt
| 
| /* System header to define __stub macros and hopefully few prototypes,
|     which can conflict with char getpt (); below.
|     Prefer <limits.h> to <assert.h> if __STDC__ is defined, since
|     <limits.h> exists even on freestanding compilers.  */
| 
| #ifdef __STDC__
| # include <limits.h>
| #else
| # include <assert.h>
| #endif
| 
| #undef getpt
| 
| /* Override any GCC internal prototype to avoid an error.
|    Use char because int might match the return type of a GCC
|    builtin and then its argument prototype would still apply.  */
| #ifdef __cplusplus
| extern "C"
| #endif
| char getpt ();
| /* The GNU C library defines this for functions which it implements
|     to always fail with ENOSYS.  Some functions are actually named
|     something starting with __ and the normal name is an alias.  */
| #if defined __stub_getpt || defined __stub___getpt
| choke me
| #endif
| 
| int
| main ()
| {
| return getpt ();
|   ;
|   return 0;
| }
configure:12955: result: no
configure:12955: checking for grantpt
configure:12955: /usr/bin/gcc -o conftest -g -O2  -Wall -Wextra -Wsign-compare -Werror-implicit-function-declaration -Wpointer-arith -Wwrite-strings -Wstrict-prototypes -Waggregate-return -Wcast-align -Wimplicit -Wmissing-prototypes -Wmissing-declarations -Wnested-externs -Wpacked -Wmissing-format-attribute -Wshadow -Wstrict-aliasing=2 -Winit-self -Wunsafe-loop-optimizations -Wdeclaration-after-statement -Wold-style-definition -Wno-missing-field-initializers -Wno-unused-parameter -fno-common -Wno-switch-enum   conftest.c  >&5
conftest.c:68: warning: function declaration isn't a prototype
conftest.c:78: warning: function declaration isn't a prototype
conftest.c: In function 'main':
conftest.c:78: warning: old-style function definition
configure:12955: $? = 0
configure:12955: result: yes
configure:12955: checking for unlockpt
configure:12955: /usr/bin/gcc -o conftest -g -O2  -Wall -Wextra -Wsign-compare -Werror-implicit-function-declaration -Wpointer-arith -Wwrite-strings -Wstrict-prototypes -Waggregate-return -Wcast-align -Wimplicit -Wmissing-prototypes -Wmissing-declarations -Wnested-externs -Wpacked -Wmissing-format-attribute -Wshadow -Wstrict-aliasing=2 -Winit-self -Wunsafe-loop-optimizations -Wdeclaration-after-statement -Wold-style-definition -Wno-missing-field-initializers -Wno-unused-parameter -fno-common -Wno-switch-enum   conftest.c  >&5
conftest.c:69: warning: function declaration isn't a prototype
conftest.c:79: warning: function declaration isn't a prototype
conftest.c: In function 'main':
conftest.c:79: warning: old-style function definition
configure:12955: $? = 0
configure:12955: result: yes
configure:12955: checking for ptsname
configure:12955: /usr/bin/gcc -o conftest -g -O2  -Wall -Wextra -Wsign-compare -Werror-implicit-function-declaration -Wpointer-arith -Wwrite-strings -Wstrict-prototypes -Waggregate-return -Wcast-align -Wimplicit -Wmissing-prototypes -Wmissing-declarations -Wnested-externs -Wpacked -Wmissing-format-attribute -Wshadow -Wstrict-aliasing=2 -Winit-self -Wunsafe-loop-optimizations -Wdeclaration-after-statement -Wold-style-definition -Wno-missing-field-initializers -Wno-unused-parameter -fno-common -Wno-switch-enum   conftest.c  >&5
conftest.c:70: warning: function declaration isn't a prototype
conftest.c:80: warning: function declaration isn't a prototype
conftest.c: In function 'main':
conftest.c:80: warning: old-style function definition
configure:12955: $? = 0
configure:12955: result: yes
configure:12955: checking for ptsname_r
configure:12955: /usr/bin/gcc -o conftest -g -O2  -Wall -Wextra -Wsign-compare -Werror-implicit-function-declaration -Wpointer-arith -Wwrite-strings -Wstrict-prototypes -Waggregate-return -Wcast-align -Wimplicit -Wmissing-prototypes -Wmissing-declarations -Wnested-externs -Wpacked -Wmissing-format-attribute -Wshadow -Wstrict-aliasing=2 -Winit-self -Wunsafe-loop-optimizations -Wdeclaration-after-statement -Wold-style-definition -Wno-missing-field-initializers -Wno-unused-parameter -fno-common -Wno-switch-enum   conftest.c  >&5
conftest.c:71: warning: function declaration isn't a prototype
conftest.c:81: warning: function declaration isn't a prototype
conftest.c: In function 'main':
conftest.c:81: warning: old-style function definition
Undefined symbols:
  "_ptsname_r", referenced from:
      _main in ccQThoZy.o
ld: symbol(s) not found
collect2: ld returned 1 exit status
configure:12955: $? = 1
configure: failed program was:
| /* confdefs.h */
| #define PACKAGE_NAME "vte"
| #define PACKAGE_TARNAME "vte"
| #define PACKAGE_VERSION "0.29.1"
| #define PACKAGE_STRING "vte 0.29.1"
| #define PACKAGE_BUGREPORT "http://bugzilla.gnome.org/enter_bug.cgi?product=vte"
| #define PACKAGE_URL ""
| #define PACKAGE "vte"
| #define VERSION "0.29.1"
| #define STDC_HEADERS 1
| #define HAVE_SYS_TYPES_H 1
| #define HAVE_SYS_STAT_H 1
| #define HAVE_STDLIB_H 1
| #define HAVE_STRING_H 1
| #define HAVE_MEMORY_H 1
| #define HAVE_STRINGS_H 1
| #define HAVE_INTTYPES_H 1
| #define HAVE_STDINT_H 1
| #define HAVE_UNISTD_H 1
| #define HAVE_DLFCN_H 1
| #define LT_OBJDIR ".libs/"
| #define GETTEXT_PACKAGE "vte-2.90"
| #define HAVE_LOCALE_H 1
| #define HAVE_LC_MESSAGES 1
| #define HAVE_BIND_TEXTDOMAIN_CODESET 1
| #define HAVE_GETTEXT 1
| #define HAVE_DCGETTEXT 1
| #define ENABLE_NLS 1
| #define HAVE_DECL_BIND_TEXTDOMAIN_CODESET 1
| #define GDK_MULTIHEAD_SAFE 1
| #define VTE_DEFAULT_EMULATION "xterm"
| #define HAVE_SYS_SELECT_H 1
| #define HAVE_SYS_SYSLIMITS_H 1
| #define HAVE_SYS_TERMIOS_H 1
| #define HAVE_SYS_UN_H 1
| #define HAVE_SYS_WAIT_H 1
| #define HAVE_TERMIOS_H 1
| #define HAVE_WCHAR_H 1
| #define HAVE_CFMAKERAW 1
| #define HAVE_FORK 1
| #define HAVE_SETSID 1
| #define HAVE_SETPGID 1
| #define HAVE_GETPGID 1
| #define HAVE_GRANTPT 1
| #define HAVE_UNLOCKPT 1
| #define HAVE_PTSNAME 1
| /* end confdefs.h.  */
| /* Define ptsname_r to an innocuous variant, in case <limits.h> declares ptsname_r.
|    For example, HP-UX 11i <limits.h> declares gettimeofday.  */
| #define ptsname_r innocuous_ptsname_r
| 
| /* System header to define __stub macros and hopefully few prototypes,
|     which can conflict with char ptsname_r (); below.
|     Prefer <limits.h> to <assert.h> if __STDC__ is defined, since
|     <limits.h> exists even on freestanding compilers.  */
| 
| #ifdef __STDC__
| # include <limits.h>
| #else
| # include <assert.h>
| #endif
| 
| #undef ptsname_r
| 
| /* Override any GCC internal prototype to avoid an error.
|    Use char because int might match the return type of a GCC
|    builtin and then its argument prototype would still apply.  */
| #ifdef __cplusplus
| extern "C"
| #endif
| char ptsname_r ();
| /* The GNU C library defines this for functions which it implements
|     to always fail with ENOSYS.  Some functions are actually named
|     something starting with __ and the normal name is an alias.  */
| #if defined __stub_ptsname_r || defined __stub___ptsname_r
| choke me
| #endif
| 
| int
| main ()
| {
| return ptsname_r ();
|   ;
|   return 0;
| }
configure:12955: result: no
configure:12955: checking for tcgetattr
configure:12955: /usr/bin/gcc -o conftest -g -O2  -Wall -Wextra -Wsign-compare -Werror-implicit-function-declaration -Wpointer-arith -Wwrite-strings -Wstrict-prototypes -Waggregate-return -Wcast-align -Wimplicit -Wmissing-prototypes -Wmissing-declarations -Wnested-externs -Wpacked -Wmissing-format-attribute -Wshadow -Wstrict-aliasing=2 -Winit-self -Wunsafe-loop-optimizations -Wdeclaration-after-statement -Wold-style-definition -Wno-missing-field-initializers -Wno-unused-parameter -fno-common -Wno-switch-enum   conftest.c  >&5
conftest.c:71: warning: function declaration isn't a prototype
conftest.c:81: warning: function declaration isn't a prototype
conftest.c: In function 'main':
conftest.c:81: warning: old-style function definition
configure:12955: $? = 0
configure:12955: result: yes
configure:12955: checking for tcsetattr
configure:12955: /usr/bin/gcc -o conftest -g -O2  -Wall -Wextra -Wsign-compare -Werror-implicit-function-declaration -Wpointer-arith -Wwrite-strings -Wstrict-prototypes -Waggregate-return -Wcast-align -Wimplicit -Wmissing-prototypes -Wmissing-declarations -Wnested-externs -Wpacked -Wmissing-format-attribute -Wshadow -Wstrict-aliasing=2 -Winit-self -Wunsafe-loop-optimizations -Wdeclaration-after-statement -Wold-style-definition -Wno-missing-field-initializers -Wno-unused-parameter -fno-common -Wno-switch-enum   conftest.c  >&5
conftest.c:72: warning: function declaration isn't a prototype
conftest.c:82: warning: function declaration isn't a prototype
conftest.c: In function 'main':
conftest.c:82: warning: old-style function definition
configure:12955: $? = 0
configure:12955: result: yes
configure:12968: checking for socket
configure:12968: /usr/bin/gcc -o conftest -g -O2  -Wall -Wextra -Wsign-compare -Werror-implicit-function-declaration -Wpointer-arith -Wwrite-strings -Wstrict-prototypes -Waggregate-return -Wcast-align -Wimplicit -Wmissing-prototypes -Wmissing-declarations -Wnested-externs -Wpacked -Wmissing-format-attribute -Wshadow -Wstrict-aliasing=2 -Winit-self -Wunsafe-loop-optimizations -Wdeclaration-after-statement -Wold-style-definition -Wno-missing-field-initializers -Wno-unused-parameter -fno-common -Wno-switch-enum   conftest.c  >&5
conftest.c:73: warning: function declaration isn't a prototype
conftest.c:83: warning: function declaration isn't a prototype
conftest.c: In function 'main':
conftest.c:83: warning: old-style function definition
configure:12968: $? = 0
configure:12968: result: yes
configure:13014: checking for socketpair
configure:13014: /usr/bin/gcc -o conftest -g -O2  -Wall -Wextra -Wsign-compare -Werror-implicit-function-declaration -Wpointer-arith -Wwrite-strings -Wstrict-prototypes -Waggregate-return -Wcast-align -Wimplicit -Wmissing-prototypes -Wmissing-declarations -Wnested-externs -Wpacked -Wmissing-format-attribute -Wshadow -Wstrict-aliasing=2 -Winit-self -Wunsafe-loop-optimizations -Wdeclaration-after-statement -Wold-style-definition -Wno-missing-field-initializers -Wno-unused-parameter -fno-common -Wno-switch-enum   conftest.c  >&5
conftest.c:73: warning: function declaration isn't a prototype
conftest.c:83: warning: function declaration isn't a prototype
conftest.c: In function 'main':
conftest.c:83: warning: old-style function definition
configure:13014: $? = 0
configure:13014: result: yes
configure:13060: checking for recvmsg
configure:13060: /usr/bin/gcc -o conftest -g -O2  -Wall -Wextra -Wsign-compare -Werror-implicit-function-declaration -Wpointer-arith -Wwrite-strings -Wstrict-prototypes -Waggregate-return -Wcast-align -Wimplicit -Wmissing-prototypes -Wmissing-declarations -Wnested-externs -Wpacked -Wmissing-format-attribute -Wshadow -Wstrict-aliasing=2 -Winit-self -Wunsafe-loop-optimizations -Wdeclaration-after-statement -Wold-style-definition -Wno-missing-field-initializers -Wno-unused-parameter -fno-common -Wno-switch-enum   conftest.c  >&5
conftest.c:73: warning: function declaration isn't a prototype
conftest.c:83: warning: function declaration isn't a prototype
conftest.c: In function 'main':
conftest.c:83: warning: old-style function definition
configure:13060: $? = 0
configure:13060: result: yes
configure:13121: checking for floor
configure:13121: /usr/bin/gcc -o conftest -g -O2  -Wall -Wextra -Wsign-compare -Werror-implicit-function-declaration -Wpointer-arith -Wwrite-strings -Wstrict-prototypes -Waggregate-return -Wcast-align -Wimplicit -Wmissing-prototypes -Wmissing-declarations -Wnested-externs -Wpacked -Wmissing-format-attribute -Wshadow -Wstrict-aliasing=2 -Winit-self -Wunsafe-loop-optimizations -Wdeclaration-after-statement -Wold-style-definition -Wno-missing-field-initializers -Wno-unused-parameter -fno-common -Wno-switch-enum   conftest.c  >&5
conftest.c:76: warning: function declaration isn't a prototype
conftest.c:76: warning: conflicting types for built-in function 'floor'
conftest.c:86: warning: function declaration isn't a prototype
conftest.c: In function 'main':
conftest.c:86: warning: old-style function definition
configure:13121: $? = 0
configure:13121: result: yes
configure:13170: checking for ceil
configure:13170: /usr/bin/gcc -o conftest -g -O2  -Wall -Wextra -Wsign-compare -Werror-implicit-function-declaration -Wpointer-arith -Wwrite-strings -Wstrict-prototypes -Waggregate-return -Wcast-align -Wimplicit -Wmissing-prototypes -Wmissing-declarations -Wnested-externs -Wpacked -Wmissing-format-attribute -Wshadow -Wstrict-aliasing=2 -Winit-self -Wunsafe-loop-optimizations -Wdeclaration-after-statement -Wold-style-definition -Wno-missing-field-initializers -Wno-unused-parameter -fno-common -Wno-switch-enum   conftest.c  >&5
conftest.c:76: warning: function declaration isn't a prototype
conftest.c:76: warning: conflicting types for built-in function 'ceil'
conftest.c:86: warning: function declaration isn't a prototype
conftest.c: In function 'main':
conftest.c:86: warning: old-style function definition
configure:13170: $? = 0
configure:13170: result: yes
configure:13170: checking for floor
configure:13170: result: yes
configure:13183: checking for tgetent
configure:13183: /usr/bin/gcc -o conftest -g -O2  -Wall -Wextra -Wsign-compare -Werror-implicit-function-declaration -Wpointer-arith -Wwrite-strings -Wstrict-prototypes -Waggregate-return -Wcast-align -Wimplicit -Wmissing-prototypes -Wmissing-declarations -Wnested-externs -Wpacked -Wmissing-format-attribute -Wshadow -Wstrict-aliasing=2 -Winit-self -Wunsafe-loop-optimizations -Wdeclaration-after-statement -Wold-style-definition -Wno-missing-field-initializers -Wno-unused-parameter -fno-common -Wno-switch-enum   conftest.c  >&5
conftest.c:78: warning: function declaration isn't a prototype
conftest.c:88: warning: function declaration isn't a prototype
conftest.c: In function 'main':
conftest.c:88: warning: old-style function definition
Undefined symbols:
  "_tgetent", referenced from:
      _main in ccenssZX.o
ld: symbol(s) not found
collect2: ld returned 1 exit status
configure:13183: $? = 1
configure: failed program was:
| /* confdefs.h */
| #define PACKAGE_NAME "vte"
| #define PACKAGE_TARNAME "vte"
| #define PACKAGE_VERSION "0.29.1"
| #define PACKAGE_STRING "vte 0.29.1"
| #define PACKAGE_BUGREPORT "http://bugzilla.gnome.org/enter_bug.cgi?product=vte"
| #define PACKAGE_URL ""
| #define PACKAGE "vte"
| #define VERSION "0.29.1"
| #define STDC_HEADERS 1
| #define HAVE_SYS_TYPES_H 1
| #define HAVE_SYS_STAT_H 1
| #define HAVE_STDLIB_H 1
| #define HAVE_STRING_H 1
| #define HAVE_MEMORY_H 1
| #define HAVE_STRINGS_H 1
| #define HAVE_INTTYPES_H 1
| #define HAVE_STDINT_H 1
| #define HAVE_UNISTD_H 1
| #define HAVE_DLFCN_H 1
| #define LT_OBJDIR ".libs/"
| #define GETTEXT_PACKAGE "vte-2.90"
| #define HAVE_LOCALE_H 1
| #define HAVE_LC_MESSAGES 1
| #define HAVE_BIND_TEXTDOMAIN_CODESET 1
| #define HAVE_GETTEXT 1
| #define HAVE_DCGETTEXT 1
| #define ENABLE_NLS 1
| #define HAVE_DECL_BIND_TEXTDOMAIN_CODESET 1
| #define GDK_MULTIHEAD_SAFE 1
| #define VTE_DEFAULT_EMULATION "xterm"
| #define HAVE_SYS_SELECT_H 1
| #define HAVE_SYS_SYSLIMITS_H 1
| #define HAVE_SYS_TERMIOS_H 1
| #define HAVE_SYS_UN_H 1
| #define HAVE_SYS_WAIT_H 1
| #define HAVE_TERMIOS_H 1
| #define HAVE_WCHAR_H 1
| #define HAVE_CFMAKERAW 1
| #define HAVE_FORK 1
| #define HAVE_SETSID 1
| #define HAVE_SETPGID 1
| #define HAVE_GETPGID 1
| #define HAVE_GRANTPT 1
| #define HAVE_UNLOCKPT 1
| #define HAVE_PTSNAME 1
| #define HAVE_TCGETATTR 1
| #define HAVE_TCSETATTR 1
| #define HAVE_SOCKET 1
| #define HAVE_SOCKETPAIR 1
| #define HAVE_RECVMSG 1
| #define HAVE_CEIL 1
| #define HAVE_FLOOR 1
| /* end confdefs.h.  */
| /* Define tgetent to an innocuous variant, in case <limits.h> declares tgetent.
|    For example, HP-UX 11i <limits.h> declares gettimeofday.  */
| #define tgetent innocuous_tgetent
| 
| /* System header to define __stub macros and hopefully few prototypes,
|     which can conflict with char tgetent (); below.
|     Prefer <limits.h> to <assert.h> if __STDC__ is defined, since
|     <limits.h> exists even on freestanding compilers.  */
| 
| #ifdef __STDC__
| # include <limits.h>
| #else
| # include <assert.h>
| #endif
| 
| #undef tgetent
| 
| /* Override any GCC internal prototype to avoid an error.
|    Use char because int might match the return type of a GCC
|    builtin and then its argument prototype would still apply.  */
| #ifdef __cplusplus
| extern "C"
| #endif
| char tgetent ();
| /* The GNU C library defines this for functions which it implements
|     to always fail with ENOSYS.  Some functions are actually named
|     something starting with __ and the normal name is an alias.  */
| #if defined __stub_tgetent || defined __stub___tgetent
| choke me
| #endif
| 
| int
| main ()
| {
| return tgetent ();
|   ;
|   return 0;
| }
configure:13183: result: no
configure:13187: checking for tgetent in -lncurses
configure:13212: /usr/bin/gcc -o conftest -g -O2  -Wall -Wextra -Wsign-compare -Werror-implicit-function-declaration -Wpointer-arith -Wwrite-strings -Wstrict-prototypes -Waggregate-return -Wcast-align -Wimplicit -Wmissing-prototypes -Wmissing-declarations -Wnested-externs -Wpacked -Wmissing-format-attribute -Wshadow -Wstrict-aliasing=2 -Winit-self -Wunsafe-loop-optimizations -Wdeclaration-after-statement -Wold-style-definition -Wno-missing-field-initializers -Wno-unused-parameter -fno-common -Wno-switch-enum   conftest.c -lncurses   >&5
conftest.c:62: warning: function declaration isn't a prototype
conftest.c:65: warning: function declaration isn't a prototype
conftest.c: In function 'main':
conftest.c:65: warning: old-style function definition
configure:13212: $? = 0
configure:13221: result: yes
configure:13362: checking ncurses.h usability
configure:13362: /usr/bin/gcc -c -g -O2  -Wall -Wextra -Wsign-compare -Werror-implicit-function-declaration -Wpointer-arith -Wwrite-strings -Wstrict-prototypes -Waggregate-return -Wcast-align -Wimplicit -Wmissing-prototypes -Wmissing-declarations -Wnested-externs -Wpacked -Wmissing-format-attribute -Wshadow -Wstrict-aliasing=2 -Winit-self -Wunsafe-loop-optimizations -Wdeclaration-after-statement -Wold-style-definition -Wno-missing-field-initializers -Wno-unused-parameter -fno-common -Wno-switch-enum  conftest.c >&5
configure:13362: $? = 0
configure:13362: result: yes
configure:13362: checking ncurses.h presence
configure:13362: /usr/bin/gcc -E  conftest.c
configure:13362: $? = 0
configure:13362: result: yes
configure:13362: checking for ncurses.h
configure:13362: result: yes
configure:13362: checking term.h usability
configure:13362: /usr/bin/gcc -c -g -O2  -Wall -Wextra -Wsign-compare -Werror-implicit-function-declaration -Wpointer-arith -Wwrite-strings -Wstrict-prototypes -Waggregate-return -Wcast-align -Wimplicit -Wmissing-prototypes -Wmissing-declarations -Wnested-externs -Wpacked -Wmissing-format-attribute -Wshadow -Wstrict-aliasing=2 -Winit-self -Wunsafe-loop-optimizations -Wdeclaration-after-statement -Wold-style-definition -Wno-missing-field-initializers -Wno-unused-parameter -fno-common -Wno-switch-enum  conftest.c >&5
configure:13362: $? = 0
configure:13362: result: yes
configure:13362: checking term.h presence
configure:13362: /usr/bin/gcc -E  conftest.c
configure:13362: $? = 0
configure:13362: result: yes
configure:13362: checking for term.h
configure:13362: result: yes
configure:13471: checking for GDK targets
configure:13474: result: x11 broadway
configure:13486: checking for VTE
configure:13493: $PKG_CONFIG --exists --print-errors "$VTE_PKGS"
configure:13496: $? = 0
configure:13509: $PKG_CONFIG --exists --print-errors "$VTE_PKGS"
configure:13512: $? = 0
configure:13566: result: yes
configure:13588: checking for wint_t
configure:13588: /usr/bin/gcc -c -g -O2  -Wall -Wextra -Wsign-compare -Werror-implicit-function-declaration -Wpointer-arith -Wwrite-strings -Wstrict-prototypes -Waggregate-return -Wcast-align -Wimplicit -Wmissing-prototypes -Wmissing-declarations -Wnested-externs -Wpacked -Wmissing-format-attribute -Wshadow -Wstrict-aliasing=2 -Winit-self -Wunsafe-loop-optimizations -Wdeclaration-after-statement -Wold-style-definition -Wno-missing-field-initializers -Wno-unused-parameter -fno-common -Wno-switch-enum  conftest.c >&5
conftest.c:75: warning: function declaration isn't a prototype
conftest.c: In function 'main':
conftest.c:75: warning: old-style function definition
configure:13588: $? = 0
configure:13588: /usr/bin/gcc -c -g -O2  -Wall -Wextra -Wsign-compare -Werror-implicit-function-declaration -Wpointer-arith -Wwrite-strings -Wstrict-prototypes -Waggregate-return -Wcast-align -Wimplicit -Wmissing-prototypes -Wmissing-declarations -Wnested-externs -Wpacked -Wmissing-format-attribute -Wshadow -Wstrict-aliasing=2 -Winit-self -Wunsafe-loop-optimizations -Wdeclaration-after-statement -Wold-style-definition -Wno-missing-field-initializers -Wno-unused-parameter -fno-common -Wno-switch-enum  conftest.c >&5
conftest.c:75: warning: function declaration isn't a prototype
conftest.c: In function 'main':
conftest.c:75: warning: old-style function definition
conftest.c:76: error: expected expression before ')' token
configure:13588: $? = 1
configure: failed program was:
| /* confdefs.h */
| #define PACKAGE_NAME "vte"
| #define PACKAGE_TARNAME "vte"
| #define PACKAGE_VERSION "0.29.1"
| #define PACKAGE_STRING "vte 0.29.1"
| #define PACKAGE_BUGREPORT "http://bugzilla.gnome.org/enter_bug.cgi?product=vte"
| #define PACKAGE_URL ""
| #define PACKAGE "vte"
| #define VERSION "0.29.1"
| #define STDC_HEADERS 1
| #define HAVE_SYS_TYPES_H 1
| #define HAVE_SYS_STAT_H 1
| #define HAVE_STDLIB_H 1
| #define HAVE_STRING_H 1
| #define HAVE_MEMORY_H 1
| #define HAVE_STRINGS_H 1
| #define HAVE_INTTYPES_H 1
| #define HAVE_STDINT_H 1
| #define HAVE_UNISTD_H 1
| #define HAVE_DLFCN_H 1
| #define LT_OBJDIR ".libs/"
| #define GETTEXT_PACKAGE "vte-2.90"
| #define HAVE_LOCALE_H 1
| #define HAVE_LC_MESSAGES 1
| #define HAVE_BIND_TEXTDOMAIN_CODESET 1
| #define HAVE_GETTEXT 1
| #define HAVE_DCGETTEXT 1
| #define ENABLE_NLS 1
| #define HAVE_DECL_BIND_TEXTDOMAIN_CODESET 1
| #define GDK_MULTIHEAD_SAFE 1
| #define VTE_DEFAULT_EMULATION "xterm"
| #define HAVE_SYS_SELECT_H 1
| #define HAVE_SYS_SYSLIMITS_H 1
| #define HAVE_SYS_TERMIOS_H 1
| #define HAVE_SYS_UN_H 1
| #define HAVE_SYS_WAIT_H 1
| #define HAVE_TERMIOS_H 1
| #define HAVE_WCHAR_H 1
| #define HAVE_CFMAKERAW 1
| #define HAVE_FORK 1
| #define HAVE_SETSID 1
| #define HAVE_SETPGID 1
| #define HAVE_GETPGID 1
| #define HAVE_GRANTPT 1
| #define HAVE_UNLOCKPT 1
| #define HAVE_PTSNAME 1
| #define HAVE_TCGETATTR 1
| #define HAVE_TCSETATTR 1
| #define HAVE_SOCKET 1
| #define HAVE_SOCKETPAIR 1
| #define HAVE_RECVMSG 1
| #define HAVE_CEIL 1
| #define HAVE_FLOOR 1
| #define HAVE_NCURSES_H 1
| #define HAVE_TERM_H 1
| /* end confdefs.h.  */
| 
| #ifdef HAVE_STRING_H
| # if !STDC_HEADERS && HAVE_MEMORY_H
| #  include <memory.h>
| # endif
| # include <string.h>
| #else
| # ifdef HAVE_STRINGS_H
| #  include <strings.h>
| # endif
| #endif
| #ifdef HAVE_WCHAR_H
| # include <wchar.h>
| #endif
| 
| 
| int
| main ()
| {
| if (sizeof ((wint_t)))
| 	    return 0;
|   ;
|   return 0;
| }
configure:13588: result: yes
configure:13635: checking whether to install the glade catalogue
configure:13644: result: no
configure:13690: checking for gobject-introspection
configure:13735: result: no (disabled, use --enable-introspection to enable)
configure:13779: checking for gtkdoc-check
configure:13812: result: no
configure:13821: checking for gtkdoc-rebase
configure:13854: result: no
configure:13865: checking for gtkdoc-mkpdf
configure:13898: result: no
configure:13936: checking whether to build gtk-doc documentation
configure:13938: result: no
configure:14197: creating ./config.status

## ---------------------- ##
## Running config.status. ##
## ---------------------- ##

This file was extended by vte config.status 0.29.1, which was
generated by GNU Autoconf 2.65.  Invocation command line was

  CONFIG_FILES    = 
  CONFIG_HEADERS  = 
  CONFIG_LINKS    = 
  CONFIG_COMMANDS = 
  $ ./config.status 

on Chriss-iPad

config.status:1254: creating Makefile
config.status:1254: creating src/Makefile
config.status:1254: creating src/vteversion.h
config.status:1254: creating termcaps/Makefile
config.status:1254: creating perf/Makefile
config.status:1254: creating po/Makefile.in
config.status:1254: creating doc/Makefile
config.status:1254: creating doc/openi18n/Makefile
config.status:1254: creating doc/reference/Makefile
config.status:1254: creating doc/reference/version.xml
config.status:1254: creating glade/Makefile
config.status:1254: creating vte-2.90.pc
config.status:1254: creating vte-2.90-uninstalled.pc
config.status:1254: creating config.h
config.status:1426: config.h is unchanged
config.status:1474: executing depfiles commands
config.status:1474: executing libtool commands
config.status:1474: executing default-1 commands
config.status:1474: executing po/stamp-it commands
configure:16506: === configuring in gnome-pty-helper (/home/chris/vte-0.29.1/gnome-pty-helper)
configure:16569: running /bin/sh ./configure --disable-option-checking '--prefix=/usr/local'  '--disable-Bsymbolic' 'CC=/usr/bin/gcc' --cache-file=/dev/null --srcdir=.

## -------------- ##
## Configuration. ##
## -------------- ##

Configuration for libvte 0.29.1 for gtk+-3.0
	Installing Glade catalogue: no
	Debugging: no
	Disallow deprecated features: 

## ---------------- ##
## Cache variables. ##
## ---------------- ##

ac_cv_build=arm-apple-darwin11.0.0
ac_cv_c_compiler_gnu=yes
ac_cv_env_CC_set=set
ac_cv_env_CC_value=/usr/bin/gcc
ac_cv_env_CFLAGS_set=
ac_cv_env_CFLAGS_value=
ac_cv_env_CPPFLAGS_set=
ac_cv_env_CPPFLAGS_value=
ac_cv_env_CPP_set=
ac_cv_env_CPP_value=
ac_cv_env_GLIB_CFLAGS_set=
ac_cv_env_GLIB_CFLAGS_value=
ac_cv_env_GLIB_LIBS_set=
ac_cv_env_GLIB_LIBS_value=
ac_cv_env_GTK_CFLAGS_set=
ac_cv_env_GTK_CFLAGS_value=
ac_cv_env_GTK_LIBS_set=
ac_cv_env_GTK_LIBS_value=
ac_cv_env_LDFLAGS_set=
ac_cv_env_LDFLAGS_value=
ac_cv_env_LIBS_set=
ac_cv_env_LIBS_value=
ac_cv_env_PKG_CONFIG_set=
ac_cv_env_PKG_CONFIG_value=
ac_cv_env_VTE_CFLAGS_set=
ac_cv_env_VTE_CFLAGS_value=
ac_cv_env_VTE_LIBS_set=
ac_cv_env_VTE_LIBS_value=
ac_cv_env_build_alias_set=
ac_cv_env_build_alias_value=
ac_cv_env_host_alias_set=
ac_cv_env_host_alias_value=
ac_cv_env_target_alias_set=
ac_cv_env_target_alias_value=
ac_cv_func_bind_textdomain_codeset=yes
ac_cv_func_ceil=yes
ac_cv_func_cfmakeraw=yes
ac_cv_func_dcgettext=yes
ac_cv_func_floor=yes
ac_cv_func_fork=yes
ac_cv_func_getpgid=yes
ac_cv_func_getpt=no
ac_cv_func_grantpt=yes
ac_cv_func_ptsname=yes
ac_cv_func_ptsname_r=no
ac_cv_func_recvmsg=yes
ac_cv_func_setpgid=yes
ac_cv_func_setsid=yes
ac_cv_func_socket=yes
ac_cv_func_socketpair=yes
ac_cv_func_tcgetattr=yes
ac_cv_func_tcsetattr=yes
ac_cv_func_tgetent=no
ac_cv_func_unlockpt=yes
ac_cv_have_decl_bind_textdomain_codeset=yes
ac_cv_header_dlfcn_h=yes
ac_cv_header_inttypes_h=yes
ac_cv_header_libintl_h=yes
ac_cv_header_locale_h=yes
ac_cv_header_memory_h=yes
ac_cv_header_ncurses_h=yes
ac_cv_header_stdc=yes
ac_cv_header_stdint_h=yes
ac_cv_header_stdlib_h=yes
ac_cv_header_string_h=yes
ac_cv_header_strings_h=yes
ac_cv_header_stropts_h=no
ac_cv_header_sys_select_h=yes
ac_cv_header_sys_stat_h=yes
ac_cv_header_sys_syslimits_h=yes
ac_cv_header_sys_termios_h=yes
ac_cv_header_sys_types_h=yes
ac_cv_header_sys_un_h=yes
ac_cv_header_sys_wait_h=yes
ac_cv_header_term_h=yes
ac_cv_header_termios_h=yes
ac_cv_header_unistd_h=yes
ac_cv_header_wchar_h=yes
ac_cv_host=arm-apple-darwin11.0.0
ac_cv_lib_intl_bindtextdomain=yes
ac_cv_lib_intl_dgettext=yes
ac_cv_lib_intl_ngettext=yes
ac_cv_lib_ncurses_tgetent=yes
ac_cv_objext=o
ac_cv_path_EGREP='/bin/grep -E'
ac_cv_path_FGREP='/bin/grep -F'
ac_cv_path_GLIB_GENMARSHAL=/usr/local/bin/glib-genmarshal
ac_cv_path_GLIB_MKENUMS=/usr/local/bin/glib-mkenums
ac_cv_path_GMSGFMT=/usr/local/bin/msgfmt
ac_cv_path_GREP=/bin/grep
ac_cv_path_INTLTOOL_EXTRACT=/usr/local/bin/intltool-extract
ac_cv_path_INTLTOOL_MERGE=/usr/local/bin/intltool-merge
ac_cv_path_INTLTOOL_PERL=/usr/local/bin/perl
ac_cv_path_INTLTOOL_UPDATE=/usr/local/bin/intltool-update
ac_cv_path_MSGFMT=/usr/local/bin/msgfmt
ac_cv_path_MSGMERGE=/usr/local/bin/msgmerge
ac_cv_path_SED=/bin/sed
ac_cv_path_XGETTEXT=/usr/local/bin/xgettext
ac_cv_path_ac_pt_PKG_CONFIG=/usr/local/bin/pkg-config
ac_cv_path_install='/usr/bin/install -c'
ac_cv_path_mkdir=/bin/mkdir
ac_cv_prog_AWK=gawk
ac_cv_prog_CPP='/usr/bin/gcc -E'
ac_cv_prog_ac_ct_AR=ar
ac_cv_prog_ac_ct_CC=/usr/bin/gcc
ac_cv_prog_ac_ct_LIPO=lipo
ac_cv_prog_ac_ct_NMEDIT=nmedit
ac_cv_prog_ac_ct_OBJDUMP=objdump
ac_cv_prog_ac_ct_OTOOL64=otool64
ac_cv_prog_ac_ct_OTOOL=otool
ac_cv_prog_ac_ct_RANLIB=ranlib
ac_cv_prog_ac_ct_STRIP=strip
ac_cv_prog_cc__usr_bin_gcc_c_o=yes
ac_cv_prog_cc_c89=
ac_cv_prog_cc_g=yes
ac_cv_prog_make_make_set=yes
ac_cv_sys_tiocgwinsz_in_termios_h=yes
ac_cv_type_wint_t=yes
am_cv_CC_dependencies_compiler_type=gcc3
am_cv_val_LC_MESSAGES=yes
gt_cv_func_dgettext_libc=no
gt_cv_func_dgettext_libintl=yes
gt_cv_func_ngettext_libc=no
gt_cv_have_gettext=yes
lt_cv_apple_cc_single_mod=yes
lt_cv_deplibs_check_method=pass_all
lt_cv_file_magic_cmd='$MAGIC_CMD'
lt_cv_file_magic_test_file=
lt_cv_ld_exported_symbols_list=yes
lt_cv_ld_reload_flag=-r
lt_cv_nm_interface='BSD nm'
lt_cv_objdir=.libs
lt_cv_path_LD=/usr/bin/ld
lt_cv_path_NM='/usr/bin/nm -p'
lt_cv_prog_compiler_c_o=yes
lt_cv_prog_compiler_pic_works=yes
lt_cv_prog_compiler_rtti_exceptions=no
lt_cv_prog_compiler_static_works=no
lt_cv_prog_gnu_ld=no
lt_cv_sys_global_symbol_pipe='sed -n -e '\''s/^.*[	 ]\([BCDEGRST][BCDEGRST]*\)[	 ][	 ]*_\([_A-Za-z][_A-Za-z0-9]*\)$/\1 _\2 \2/p'\'''
lt_cv_sys_global_symbol_to_c_name_address='sed -n -e '\''s/^: \([^ ]*\) $/  {\"\1\", (void *) 0},/p'\'' -e '\''s/^[BCDEGRST]* \([^ ]*\) \([^ ]*\)$/  {"\2", (void *) \&\2},/p'\'''
lt_cv_sys_global_symbol_to_c_name_address_lib_prefix='sed -n -e '\''s/^: \([^ ]*\) $/  {\"\1\", (void *) 0},/p'\'' -e '\''s/^[BCDEGRST]* \([^ ]*\) \(lib[^ ]*\)$/  {"\2", (void *) \&\2},/p'\'' -e '\''s/^[BCDEGRST]* \([^ ]*\) \([^ ]*\)$/  {"lib\2", (void *) \&\2},/p'\'''
lt_cv_sys_global_symbol_to_cdecl='sed -n -e '\''s/^T .* \(.*\)$/extern int \1();/p'\'' -e '\''s/^[BCDEGRST]* .* \(.*\)$/extern char \1;/p'\'''
lt_cv_sys_max_cmd_len=196608
pkg_cv_GLIB_CFLAGS='-D_REENTRANT -I/usr/local/include/glib-2.0 -I/usr/local/lib/glib-2.0/include  '
pkg_cv_GLIB_LIBS='-L/usr/local/lib -lgobject-2.0 -lgthread-2.0 -lglib-2.0 -lintl  '
pkg_cv_GTK_CFLAGS='-D_REENTRANT -DGSEAL_ENABLE -I/usr/local/include/glib-2.0 -I/usr/local/lib/glib-2.0/include -I/usr/local/include/gtk-3.0 -I/usr/local/include/atk-1.0 -I/usr/local/include/cairo -I/usr/local/include/gdk-pixbuf-2.0 -I/usr/local/include/pango-1.0 -I/usr/local/include/pixman-1 -I/usr/local/include/freetype2 -I/usr/local/include/libpng14  '
pkg_cv_GTK_LIBS='-L/usr/local/lib -lgtk-3 -lgdk-3 -latk-1.0 -lgio-2.0 -lpangoft2-1.0 -lpangocairo-1.0 -lgdk_pixbuf-2.0 -lcairo-gobject -lcairo -lpango-1.0 -lfreetype -lfontconfig -lgobject-2.0 -lgmodule-2.0 -lgthread-2.0 -lglib-2.0 -lintl  '
pkg_cv_VTE_CFLAGS='-D_REENTRANT -DGSEAL_ENABLE -I/usr/local/include/glib-2.0 -I/usr/local/lib/glib-2.0/include -I/usr/local/include/pango-1.0 -I/usr/local/include/gtk-3.0 -I/usr/local/include/atk-1.0 -I/usr/local/include/cairo -I/usr/local/include/gdk-pixbuf-2.0 -I/usr/local/include/pixman-1 -I/usr/local/include/freetype2 -I/usr/local/include/libpng14 -I/usr/local/include/gio-unix-2.0/  '
pkg_cv_VTE_LIBS='-L/usr/local/lib -lgtk-3 -lgdk-3 -latk-1.0 -lpangoft2-1.0 -lpangocairo-1.0 -lgdk_pixbuf-2.0 -lcairo-gobject -lpango-1.0 -lfreetype -lfontconfig -lgio-2.0 -lgobject-2.0 -lgmodule-2.0 -lgthread-2.0 -lglib-2.0 -lintl -lcairo -lX11  '
vte_cv_termcap_lib=libncurses
vte_cv_warn_cflags=' -Wall -Wextra -Wsign-compare -Werror-implicit-function-declaration -Wpointer-arith -Wwrite-strings -Wstrict-prototypes -Waggregate-return -Wcast-align -Wimplicit -Wmissing-prototypes -Wmissing-declarations -Wnested-externs -Wpacked -Wmissing-format-attribute -Wshadow -Wstrict-aliasing=2 -Winit-self -Wunsafe-loop-optimizations -Wdeclaration-after-statement -Wold-style-definition -Wno-missing-field-initializers -Wno-unused-parameter -fno-common -Wno-switch-enum'
vte_cv_warn_maybe='-Wall -Wextra -Wsign-compare -Werror-implicit-function-declaration -Wpointer-arith -Wwrite-strings -Wstrict-prototypes -Waggregate-return -Wcast-align -Wimplicit -Wuninitialised -Wmissing-prototypes -Wmissing-declarations -Wnested-externs -Wpacked -Wmissing-format-attribute -Wshadow -Wstrict-aliasing=2 -Winit-self -Wunsafe-loop-optimizations -Wdeclaration-after-statement -Wold-style-definition -Wno-missing-field-initializers -Wno-unused-parameter -fno-common -Wno-switch-enum'

## ----------------- ##
## Output variables. ##
## ----------------- ##

ACLOCAL='${SHELL} /home/chris/vte-0.29.1/missing --run aclocal-1.11'
ALL_LINGUAS=''
AMDEPBACKSLASH='\'
AMDEP_FALSE='#'
AMDEP_TRUE=''
AMTAR='${SHELL} /home/chris/vte-0.29.1/missing --run tar'
AM_BACKSLASH='\'
AM_DEFAULT_VERBOSITY='0'
AR='ar'
AUTOCONF='${SHELL} /home/chris/vte-0.29.1/missing --run autoconf'
AUTOHEADER='${SHELL} /home/chris/vte-0.29.1/missing --run autoheader'
AUTOMAKE='${SHELL} /home/chris/vte-0.29.1/missing --run automake-1.11'
AWK='gawk'
BUILD_GNOME_PTY_HELPER_FALSE='#'
BUILD_GNOME_PTY_HELPER_TRUE=''
CATALOGS=''
CATOBJEXT='.gmo'
CC='/usr/bin/gcc'
CCDEPMODE='depmode=gcc3'
CFLAGS='-g -O2  -Wall -Wextra -Wsign-compare -Werror-implicit-function-declaration -Wpointer-arith -Wwrite-strings -Wstrict-prototypes -Waggregate-return -Wcast-align -Wimplicit -Wmissing-prototypes -Wmissing-declarations -Wnested-externs -Wpacked -Wmissing-format-attribute -Wshadow -Wstrict-aliasing=2 -Winit-self -Wunsafe-loop-optimizations -Wdeclaration-after-statement -Wold-style-definition -Wno-missing-field-initializers -Wno-unused-parameter -fno-common -Wno-switch-enum'
CPP='/usr/bin/gcc -E'
CPPFLAGS=''
CYGPATH_W='echo'
DATADIRNAME='share'
DEFS='-DHAVE_CONFIG_H'
DEPDIR='.deps'
DSYMUTIL=':'
DUMPBIN=''
ECHO_C=''
ECHO_N='-n'
ECHO_T=''
EGREP='/bin/grep -E'
ENABLE_GLADE_CATALOGUE_FALSE=''
ENABLE_GLADE_CATALOGUE_TRUE='#'
ENABLE_GTK_DOC_FALSE=''
ENABLE_GTK_DOC_TRUE='#'
EXEEXT=''
FGREP='/bin/grep -F'
GETTEXT_PACKAGE='vte-2.90'
GLADE_CATALOGUE_DIR=''
GLADE_ICON_DIR=''
GLADE_MODULE_DIR=''
GLIB_CFLAGS='-D_REENTRANT -I/usr/local/include/glib-2.0 -I/usr/local/lib/glib-2.0/include  '
GLIB_GENMARSHAL='/usr/local/bin/glib-genmarshal'
GLIB_LIBS='-L/usr/local/lib -lgobject-2.0 -lgthread-2.0 -lglib-2.0 -lintl  '
GLIB_MKENUMS='/usr/local/bin/glib-mkenums'
GLIB_PREFIX='/usr/local'
GMOFILES=''
GMSGFMT='/usr/local/bin/msgfmt'
GREP='/bin/grep'
GTKDOC_CHECK=''
GTKDOC_MKPDF=''
GTKDOC_REBASE='true'
GTK_API_VERSION='3.0'
GTK_CFLAGS='-D_REENTRANT -DGSEAL_ENABLE -I/usr/local/include/glib-2.0 -I/usr/local/lib/glib-2.0/include -I/usr/local/include/gtk-3.0 -I/usr/local/include/atk-1.0 -I/usr/local/include/cairo -I/usr/local/include/gdk-pixbuf-2.0 -I/usr/local/include/pango-1.0 -I/usr/local/include/pixman-1 -I/usr/local/include/freetype2 -I/usr/local/include/libpng14  '
GTK_DOC_BUILD_HTML_FALSE='#'
GTK_DOC_BUILD_HTML_TRUE=''
GTK_DOC_BUILD_PDF_FALSE=''
GTK_DOC_BUILD_PDF_TRUE='#'
GTK_DOC_USE_LIBTOOL_FALSE='#'
GTK_DOC_USE_LIBTOOL_TRUE=''
GTK_DOC_USE_REBASE_FALSE='#'
GTK_DOC_USE_REBASE_TRUE=''
GTK_LIBS='-L/usr/local/lib -lgtk-3 -lgdk-3 -latk-1.0 -lgio-2.0 -lpangoft2-1.0 -lpangocairo-1.0 -lgdk_pixbuf-2.0 -lcairo-gobject -lcairo -lpango-1.0 -lfreetype -lfontconfig -lgobject-2.0 -lgmodule-2.0 -lgthread-2.0 -lglib-2.0 -lintl  '
GTK_PREFIX='/usr/local'
HAVE_INTROSPECTION_FALSE=''
HAVE_INTROSPECTION_TRUE='#'
HTML_DIR='${datadir}/gtk-doc/html'
INSTALL_DATA='${INSTALL} -m 644'
INSTALL_PROGRAM='${INSTALL}'
INSTALL_SCRIPT='${INSTALL}'
INSTALL_STRIP_PROGRAM='$(install_sh) -c -s'
INSTOBJEXT='.mo'
INTLLIBS='-lintl '
INTLTOOL_CAVES_RULE='%.caves:     %.caves.in     $(INTLTOOL_MERGE) $(wildcard $(top_srcdir)/po/*.po) ; LC_ALL=C $(INTLTOOL_MERGE) -d -u -c $(top_builddir)/po/.intltool-merge-cache $(top_srcdir)/po $< $@'
INTLTOOL_DESKTOP_RULE='%.desktop:   %.desktop.in   $(INTLTOOL_MERGE) $(wildcard $(top_srcdir)/po/*.po) ; LC_ALL=C $(INTLTOOL_MERGE) -d -u -c $(top_builddir)/po/.intltool-merge-cache $(top_srcdir)/po $< $@'
INTLTOOL_DIRECTORY_RULE='%.directory: %.directory.in $(INTLTOOL_MERGE) $(wildcard $(top_srcdir)/po/*.po) ; LC_ALL=C $(INTLTOOL_MERGE) -d -u -c $(top_builddir)/po/.intltool-merge-cache $(top_srcdir)/po $< $@'
INTLTOOL_EXTRACT='/usr/local/bin/intltool-extract'
INTLTOOL_KBD_RULE='%.kbd:       %.kbd.in       $(INTLTOOL_MERGE) $(wildcard $(top_srcdir)/po/*.po) ; LC_ALL=C $(INTLTOOL_MERGE) -x -u -m -c $(top_builddir)/po/.intltool-merge-cache $(top_srcdir)/po $< $@'
INTLTOOL_KEYS_RULE='%.keys:      %.keys.in      $(INTLTOOL_MERGE) $(wildcard $(top_srcdir)/po/*.po) ; LC_ALL=C $(INTLTOOL_MERGE) -k -u -c $(top_builddir)/po/.intltool-merge-cache $(top_srcdir)/po $< $@'
INTLTOOL_MERGE='/usr/local/bin/intltool-merge'
INTLTOOL_OAF_RULE='%.oaf:       %.oaf.in       $(INTLTOOL_MERGE) $(wildcard $(top_srcdir)/po/*.po) ; LC_ALL=C $(INTLTOOL_MERGE) -o -p $(top_srcdir)/po $< $@'
INTLTOOL_PERL='/usr/local/bin/perl'
INTLTOOL_POLICY_RULE='%.policy:    %.policy.in    $(INTLTOOL_MERGE) $(wildcard $(top_srcdir)/po/*.po) ; LC_ALL=C $(INTLTOOL_MERGE) -x -u -c $(top_builddir)/po/.intltool-merge-cache $(top_srcdir)/po $< $@'
INTLTOOL_PONG_RULE='%.pong:      %.pong.in      $(INTLTOOL_MERGE) $(wildcard $(top_srcdir)/po/*.po) ; LC_ALL=C $(INTLTOOL_MERGE) -x -u -c $(top_builddir)/po/.intltool-merge-cache $(top_srcdir)/po $< $@'
INTLTOOL_PROP_RULE='%.prop:      %.prop.in      $(INTLTOOL_MERGE) $(wildcard $(top_srcdir)/po/*.po) ; LC_ALL=C $(INTLTOOL_MERGE) -d -u -c $(top_builddir)/po/.intltool-merge-cache $(top_srcdir)/po $< $@'
INTLTOOL_SCHEMAS_RULE='%.schemas:   %.schemas.in   $(INTLTOOL_MERGE) $(wildcard $(top_srcdir)/po/*.po) ; LC_ALL=C $(INTLTOOL_MERGE) -s -u -c $(top_builddir)/po/.intltool-merge-cache $(top_srcdir)/po $< $@'
INTLTOOL_SERVER_RULE='%.server:    %.server.in    $(INTLTOOL_MERGE) $(wildcard $(top_srcdir)/po/*.po) ; LC_ALL=C $(INTLTOOL_MERGE) -o -u -c $(top_builddir)/po/.intltool-merge-cache $(top_srcdir)/po $< $@'
INTLTOOL_SERVICE_RULE='%.service: %.service.in   $(INTLTOOL_MERGE) $(wildcard $(top_srcdir)/po/*.po) ; LC_ALL=C $(INTLTOOL_MERGE) -d -u -c $(top_builddir)/po/.intltool-merge-cache $(top_srcdir)/po $< $@'
INTLTOOL_SHEET_RULE='%.sheet:     %.sheet.in     $(INTLTOOL_MERGE) $(wildcard $(top_srcdir)/po/*.po) ; LC_ALL=C $(INTLTOOL_MERGE) -x -u -c $(top_builddir)/po/.intltool-merge-cache $(top_srcdir)/po $< $@'
INTLTOOL_SOUNDLIST_RULE='%.soundlist: %.soundlist.in $(INTLTOOL_MERGE) $(wildcard $(top_srcdir)/po/*.po) ; LC_ALL=C $(INTLTOOL_MERGE) -d -u -c $(top_builddir)/po/.intltool-merge-cache $(top_srcdir)/po $< $@'
INTLTOOL_THEME_RULE='%.theme:     %.theme.in     $(INTLTOOL_MERGE) $(wildcard $(top_srcdir)/po/*.po) ; LC_ALL=C $(INTLTOOL_MERGE) -d -u -c $(top_builddir)/po/.intltool-merge-cache $(top_srcdir)/po $< $@'
INTLTOOL_UI_RULE='%.ui:        %.ui.in        $(INTLTOOL_MERGE) $(wildcard $(top_srcdir)/po/*.po) ; LC_ALL=C $(INTLTOOL_MERGE) -x -u -c $(top_builddir)/po/.intltool-merge-cache $(top_srcdir)/po $< $@'
INTLTOOL_UPDATE='/usr/local/bin/intltool-update'
INTLTOOL_XAM_RULE='%.xam:       %.xml.in       $(INTLTOOL_MERGE) $(wildcard $(top_srcdir)/po/*.po) ; LC_ALL=C $(INTLTOOL_MERGE) -x -u -c $(top_builddir)/po/.intltool-merge-cache $(top_srcdir)/po $< $@'
INTLTOOL_XML_NOMERGE_RULE='%.xml:       %.xml.in       $(INTLTOOL_MERGE) ; LC_ALL=C $(INTLTOOL_MERGE) -x -u /tmp $< $@'
INTLTOOL_XML_RULE='%.xml:       %.xml.in       $(INTLTOOL_MERGE) $(wildcard $(top_srcdir)/po/*.po) ; LC_ALL=C $(INTLTOOL_MERGE) -x -u -c $(top_builddir)/po/.intltool-merge-cache $(top_srcdir)/po $< $@'
INTROSPECTION_CFLAGS=''
INTROSPECTION_COMPILER=''
INTROSPECTION_GENERATE=''
INTROSPECTION_GIRDIR=''
INTROSPECTION_LIBS=''
INTROSPECTION_MAKEFILE=''
INTROSPECTION_SCANNER=''
INTROSPECTION_TYPELIBDIR=''
LD='/usr/bin/ld'
LDFLAGS=''
LIBOBJS=''
LIBS='-lncurses '
LIBTOOL='$(SHELL) $(top_builddir)/libtool'
LIBTOOL_EXPORT_OPTIONS=''
LIBTOOL_FLAGS='-as-needed'
LIPO='lipo'
LN_S='ln -s'
LTLIBOBJS=''
LT_VERSION_INFO='2910:0:2901'
MAINT=''
MAINTAINER_MODE_FALSE='#'
MAINTAINER_MODE_TRUE=''
MAKEINFO='${SHELL} /home/chris/vte-0.29.1/missing --run makeinfo'
MKDIR_P='/bin/mkdir -p'
MKINSTALLDIRS='./mkinstalldirs'
MSGFMT='/usr/local/bin/msgfmt'
MSGFMT_OPTS='-c'
MSGMERGE='/usr/local/bin/msgmerge'
NM='/usr/bin/nm -p'
NMEDIT='nmedit'
OBJDUMP='objdump'
OBJEXT='o'
OS_WIN32_FALSE=''
OS_WIN32_TRUE='#'
OTOOL64='otool64'
OTOOL='otool'
PACKAGE='vte'
PACKAGE_BUGREPORT='http://bugzilla.gnome.org/enter_bug.cgi?product=vte'
PACKAGE_NAME='vte'
PACKAGE_STRING='vte 0.29.1'
PACKAGE_TARNAME='vte'
PACKAGE_URL=''
PACKAGE_VERSION='0.29.1'
PATH_SEPARATOR=':'
PKG_CONFIG='/usr/local/bin/pkg-config'
PLATFORM_WIN32_FALSE=''
PLATFORM_WIN32_TRUE='#'
POFILES=''
POSUB='po'
PO_IN_DATADIR_FALSE=''
PO_IN_DATADIR_TRUE=''
RANLIB='ranlib'
SED='/bin/sed'
SET_MAKE=''
SHELL='/bin/sh'
STRIP='strip'
USE_NLS='yes'
VERSION='0.29.1'
VTE_API_MAJOR_VERSION='2'
VTE_API_MINOR_VERSION='90'
VTE_API_VERSION='2.90'
VTE_API_VERSION_U='2_90'
VTE_CFLAGS='-D_REENTRANT -DGSEAL_ENABLE -I/usr/local/include/glib-2.0 -I/usr/local/lib/glib-2.0/include -I/usr/local/include/pango-1.0 -I/usr/local/include/gtk-3.0 -I/usr/local/include/atk-1.0 -I/usr/local/include/cairo -I/usr/local/include/gdk-pixbuf-2.0 -I/usr/local/include/pixman-1 -I/usr/local/include/freetype2 -I/usr/local/include/libpng14 -I/usr/local/include/gio-unix-2.0/  '
VTE_DEFAULT_EMULATION='xterm'
VTE_DEFAULT_EMULATION_FALSE=''
VTE_DEFAULT_EMULATION_TRUE='#'
VTE_LDFLAGS=''
VTE_LIBRARY_SUFFIX_U='2_90'
VTE_LIBS='-L/usr/local/lib -lgtk-3 -lgdk-3 -latk-1.0 -lpangoft2-1.0 -lpangocairo-1.0 -lgdk_pixbuf-2.0 -lcairo-gobject -lpango-1.0 -lfreetype -lfontconfig -lgio-2.0 -lgobject-2.0 -lgmodule-2.0 -lgthread-2.0 -lglib-2.0 -lintl -lcairo -lX11  '
VTE_MAJOR_VERSION='0'
VTE_MICRO_VERSION='1'
VTE_MINOR_VERSION='29'
VTE_PC_VERSION='-2.90'
VTE_PKGS='glib-2.0 >= 2.26.0 gobject-2.0 pango >= 1.22.0 gtk+-3.0 >= 3.1.9 gobject-2.0 gio-2.0 gio-unix-2.0  x11 cairo-xlib'
VTE_SEAL_CFLAGS='-DVTE_SEAL_ENABLE'
WARN_CFLAGS=' -Wall -Wextra -Wsign-compare -Werror-implicit-function-declaration -Wpointer-arith -Wwrite-strings -Wstrict-prototypes -Waggregate-return -Wcast-align -Wimplicit -Wmissing-prototypes -Wmissing-declarations -Wnested-externs -Wpacked -Wmissing-format-attribute -Wshadow -Wstrict-aliasing=2 -Winit-self -Wunsafe-loop-optimizations -Wdeclaration-after-statement -Wold-style-definition -Wno-missing-field-initializers -Wno-unused-parameter -fno-common -Wno-switch-enum'
XGETTEXT='/usr/local/bin/xgettext'
ac_ct_CC='/usr/bin/gcc'
ac_ct_DUMPBIN=''
am__EXEEXT_FALSE=''
am__EXEEXT_TRUE='#'
am__fastdepCC_FALSE='#'
am__fastdepCC_TRUE=''
am__include='include'
am__isrc=''
am__leading_dot='.'
am__quote=''
am__tar='${AMTAR} chof - "$$tardir"'
am__untar='${AMTAR} xf -'
bindir='${exec_prefix}/bin'
build='arm-apple-darwin11.0.0'
build_alias=''
build_cpu='arm'
build_os='darwin11.0.0'
build_vendor='apple'
datadir='${datarootdir}'
datarootdir='${prefix}/share'
docdir='${datarootdir}/doc/${PACKAGE_TARNAME}'
dvidir='${docdir}'
exec_prefix='${prefix}'
host='arm-apple-darwin11.0.0'
host_alias=''
host_cpu='arm'
host_os='darwin11.0.0'
host_vendor='apple'
htmldir='${docdir}'
includedir='${prefix}/include'
infodir='${datarootdir}/info'
install_sh='${SHELL} /home/chris/vte-0.29.1/install-sh'
libdir='${exec_prefix}/lib'
libexecdir='${exec_prefix}/libexec'
localedir='${datarootdir}/locale'
localstatedir='${prefix}/var'
lt_ECHO='echo'
mandir='${datarootdir}/man'
mkdir_p='/bin/mkdir -p'
oldincludedir='/usr/include'
pdfdir='${docdir}'
prefix='/usr/local'
program_transform_name='s,x,x,'
psdir='${docdir}'
sbindir='${exec_prefix}/sbin'
sharedstatedir='${prefix}/com'
subdirs=' gnome-pty-helper'
sysconfdir='${prefix}/etc'
target_alias=''

## ----------- ##
## confdefs.h. ##
## ----------- ##

/* confdefs.h */
#define PACKAGE_NAME "vte"
#define PACKAGE_TARNAME "vte"
#define PACKAGE_VERSION "0.29.1"
#define PACKAGE_STRING "vte 0.29.1"
#define PACKAGE_BUGREPORT "http://bugzilla.gnome.org/enter_bug.cgi?product=vte"
#define PACKAGE_URL ""
#define PACKAGE "vte"
#define VERSION "0.29.1"
#define STDC_HEADERS 1
#define HAVE_SYS_TYPES_H 1
#define HAVE_SYS_STAT_H 1
#define HAVE_STDLIB_H 1
#define HAVE_STRING_H 1
#define HAVE_MEMORY_H 1
#define HAVE_STRINGS_H 1
#define HAVE_INTTYPES_H 1
#define HAVE_STDINT_H 1
#define HAVE_UNISTD_H 1
#define HAVE_DLFCN_H 1
#define LT_OBJDIR ".libs/"
#define GETTEXT_PACKAGE "vte-2.90"
#define HAVE_LOCALE_H 1
#define HAVE_LC_MESSAGES 1
#define HAVE_BIND_TEXTDOMAIN_CODESET 1
#define HAVE_GETTEXT 1
#define HAVE_DCGETTEXT 1
#define ENABLE_NLS 1
#define HAVE_DECL_BIND_TEXTDOMAIN_CODESET 1
#define GDK_MULTIHEAD_SAFE 1
#define VTE_DEFAULT_EMULATION "xterm"
#define HAVE_SYS_SELECT_H 1
#define HAVE_SYS_SYSLIMITS_H 1
#define HAVE_SYS_TERMIOS_H 1
#define HAVE_SYS_UN_H 1
#define HAVE_SYS_WAIT_H 1
#define HAVE_TERMIOS_H 1
#define HAVE_WCHAR_H 1
#define HAVE_CFMAKERAW 1
#define HAVE_FORK 1
#define HAVE_SETSID 1
#define HAVE_SETPGID 1
#define HAVE_GETPGID 1
#define HAVE_GRANTPT 1
#define HAVE_UNLOCKPT 1
#define HAVE_PTSNAME 1
#define HAVE_TCGETATTR 1
#define HAVE_TCSETATTR 1
#define HAVE_SOCKET 1
#define HAVE_SOCKETPAIR 1
#define HAVE_RECVMSG 1
#define HAVE_CEIL 1
#define HAVE_FLOOR 1
#define HAVE_NCURSES_H 1
#define HAVE_TERM_H 1
#define HAVE_WINT_T 1
#define HAVE_WINT_T /**/
#define VTE_USE_GNOME_PTY_HELPER 1

configure: exit 0
