This file contains any messages produced by compilers while
running configure, to aid debugging if configure makes a mistake.

It was created by vte configure 0.24.1, which was
generated by GNU Autoconf 2.64.  Invocation command line was

  $ ./configure 

## --------- ##
## Platform. ##
## --------- ##

hostname = Chriss-iPad
uname -m = iPad1,1
uname -r = 11.0.0
uname -s = Darwin
uname -v = Darwin Kernel Version 11.0.0: Sun Apr  8 21:51:26 PDT 2012; root:xnu-1878.11.10~1/RELEASE_ARM_S5L8930X

/usr/bin/uname -p = unknown
/bin/uname -X     = unknown

/bin/arch              = unknown
/usr/bin/arch -k       = unknown
/usr/convex/getsysinfo = unknown
/usr/bin/hostinfo      = Mach kernel version:
	 Darwin Kernel Version 11.0.0: Sun Apr  8 21:51:26 PDT 2012; root:xnu-1878.11.10~1/RELEASE_ARM_S5L8930X
Kernel configured for a single processor only.
1 processor is physically available.
1 processor is logically available.
Processor type: armv7 (arm v7)
Processor active: 0
Primary memory available: 246.98 megabytes
Default processor set: 42 tasks, 270 threads, 1 processors
Load average: 3.25, Mach factor: 0.23
/bin/machine           = unknown
/usr/bin/oslevel       = unknown
/bin/universe          = unknown

PATH: /usr/local/sbin
PATH: /usr/local/bin
PATH: /usr/sbin
PATH: /usr/bin
PATH: /sbin
PATH: /bin
PATH: /usr/bin/X11
PATH: /usr/games
PATH: /usr/local/Gambit-C/bin


## ----------- ##
## Core tests. ##
## ----------- ##

configure:2601: checking for a BSD-compatible install
configure:2669: result: /usr/bin/install -c
configure:2680: checking whether build environment is sane
configure:2730: result: yes
configure:2871: checking for a thread-safe mkdir -p
configure:2910: result: /bin/mkdir -p
configure:2923: checking for gawk
configure:2939: found /usr/bin/gawk
configure:2950: result: gawk
configure:2961: checking whether make sets $(MAKE)
configure:2983: result: yes
configure:3081: checking whether to disable maintainer-specific portions of Makefiles
configure:3090: result: yes
configure:3133: checking for style of include used by make
configure:3161: result: GNU
configure:3231: checking for gcc
configure:3258: result: /usr/bin/gcc
configure:3487: checking for C compiler version
configure:3496: /usr/bin/gcc --version >&5
gcc (GCC) 4.2.1 (Based on Apple Inc. build 5555)
Copyright (C) 2007 Free Software Foundation, Inc.
This is free software; see the source for copying conditions.  There is NO
warranty; not even for MERCHANTABILITY or FITNESS FOR A PARTICULAR PURPOSE.

configure:3507: $? = 0
configure:3496: /usr/bin/gcc -v >&5
Using built-in specs.
Target: arm-apple-darwin9
Configured with: ../llvm-gcc-4.2/configure --build=x86_64-unknown-linux-gnu --host=arm-apple-darwin9 --enable-static=no --enable-shared=yes --prefix=/usr --localstatedir=/var/cache/iphone-gcc --enable-languages=c,c++,objc,obj-c++ --enable-wchar_t=no --with-gxx-include-dir=/usr/include/c++/4.0.0
Thread model: posix
gcc version 4.2.1 (Based on Apple Inc. build 5555)
configure:3507: $? = 0
configure:3496: /usr/bin/gcc -V >&5
gcc: '-V' option must have argument
configure:3507: $? = 1
configure:3496: /usr/bin/gcc -qversion >&5
gcc: no input files
configure:3507: $? = 1
configure:3529: checking for C compiler default output file name
configure:3551: /usr/bin/gcc    conftest.c  >&5
configure:3555: $? = 0
configure:3592: result: a.out
configure:3608: checking whether the C compiler works
configure:3617: ./a.out
./configure: line 3619: 36281 Killed: 9               ./$ac_file
configure:3621: $? = 137
configure:3633: result: yes
configure:3640: checking whether we are cross compiling
configure:3642: result: no
configure:3645: checking for suffix of executables
configure:3652: /usr/bin/gcc -o conftest    conftest.c  >&5
configure:3656: $? = 0
configure:3678: result: 
configure:3684: checking for suffix of object files
configure:3706: /usr/bin/gcc -c   conftest.c >&5
configure:3710: $? = 0
configure:3731: result: o
configure:3735: checking whether we are using the GNU C compiler
configure:3754: /usr/bin/gcc -c   conftest.c >&5
configure:3754: $? = 0
configure:3763: result: yes
configure:3772: checking whether /usr/bin/gcc accepts -g
configure:3792: /usr/bin/gcc -c -g  conftest.c >&5
configure:3792: $? = 0
configure:3833: result: yes
configure:3850: checking for /usr/bin/gcc option to accept ISO C89
configure:3914: /usr/bin/gcc  -c -g -O2  conftest.c >&5
configure:3914: $? = 0
configure:3927: result: none needed
configure:3949: checking dependency style of /usr/bin/gcc
configure:4059: result: gcc3
configure:4075: checking for library containing strerror
configure:4106: /usr/bin/gcc -o conftest -g -O2   conftest.c  >&5
configure:4106: $? = 0
configure:4123: result: none required
configure:4179: checking for gcc
configure:4206: result: /usr/bin/gcc
configure:4435: checking for C compiler version
configure:4444: /usr/bin/gcc --version >&5
gcc (GCC) 4.2.1 (Based on Apple Inc. build 5555)
Copyright (C) 2007 Free Software Foundation, Inc.
This is free software; see the source for copying conditions.  There is NO
warranty; not even for MERCHANTABILITY or FITNESS FOR A PARTICULAR PURPOSE.

configure:4455: $? = 0
configure:4444: /usr/bin/gcc -v >&5
Using built-in specs.
Target: arm-apple-darwin9
Configured with: ../llvm-gcc-4.2/configure --build=x86_64-unknown-linux-gnu --host=arm-apple-darwin9 --enable-static=no --enable-shared=yes --prefix=/usr --localstatedir=/var/cache/iphone-gcc --enable-languages=c,c++,objc,obj-c++ --enable-wchar_t=no --with-gxx-include-dir=/usr/include/c++/4.0.0
Thread model: posix
gcc version 4.2.1 (Based on Apple Inc. build 5555)
configure:4455: $? = 0
configure:4444: /usr/bin/gcc -V >&5
gcc: '-V' option must have argument
configure:4455: $? = 1
configure:4444: /usr/bin/gcc -qversion >&5
gcc: no input files
configure:4455: $? = 1
configure:4459: checking whether we are using the GNU C compiler
configure:4487: result: yes
configure:4496: checking whether /usr/bin/gcc accepts -g
configure:4557: result: yes
configure:4574: checking for /usr/bin/gcc option to accept ISO C89
configure:4651: result: none needed
configure:4673: checking dependency style of /usr/bin/gcc
configure:4783: result: gcc3
configure:4803: checking how to run the C preprocessor
configure:4834: /usr/bin/gcc -E  conftest.c
configure:4834: $? = 0
configure:4848: /usr/bin/gcc -E  conftest.c
conftest.c:11:28: error: ac_nonexistent.h: No such file or directory
configure:4848: $? = 1
configure: failed program was:
| /* confdefs.h */
| #define PACKAGE_NAME "vte"
| #define PACKAGE_TARNAME "vte"
| #define PACKAGE_VERSION "0.24.1"
| #define PACKAGE_STRING "vte 0.24.1"
| #define PACKAGE_BUGREPORT "http://bugzilla.gnome.org/enter_bug.cgi?product=vte"
| #define PACKAGE_URL ""
| #define PACKAGE "vte"
| #define VERSION "0.24.1"
| /* end confdefs.h.  */
| #include <ac_nonexistent.h>
configure:4873: result: /usr/bin/gcc -E
configure:4893: /usr/bin/gcc -E  conftest.c
configure:4893: $? = 0
configure:4907: /usr/bin/gcc -E  conftest.c
conftest.c:11:28: error: ac_nonexistent.h: No such file or directory
configure:4907: $? = 1
configure: failed program was:
| /* confdefs.h */
| #define PACKAGE_NAME "vte"
| #define PACKAGE_TARNAME "vte"
| #define PACKAGE_VERSION "0.24.1"
| #define PACKAGE_STRING "vte 0.24.1"
| #define PACKAGE_BUGREPORT "http://bugzilla.gnome.org/enter_bug.cgi?product=vte"
| #define PACKAGE_URL ""
| #define PACKAGE "vte"
| #define VERSION "0.24.1"
| /* end confdefs.h.  */
| #include <ac_nonexistent.h>
configure:4936: checking for grep that handles long lines and -e
configure:4994: result: /bin/grep
configure:4999: checking for egrep
configure:5061: result: /bin/grep -E
configure:5066: checking for ANSI C header files
configure:5086: /usr/bin/gcc -c -g -O2  conftest.c >&5
configure:5086: $? = 0
configure:5159: /usr/bin/gcc -o conftest -g -O2   conftest.c  >&5
configure:5159: $? = 0
configure:5159: ./conftest
./configure: line 1906: 36442 Killed: 9               ./conftest$ac_exeext
configure:5159: $? = 137
configure: program exited with status 137
configure: failed program was:
| /* confdefs.h */
| #define PACKAGE_NAME "vte"
| #define PACKAGE_TARNAME "vte"
| #define PACKAGE_VERSION "0.24.1"
| #define PACKAGE_STRING "vte 0.24.1"
| #define PACKAGE_BUGREPORT "http://bugzilla.gnome.org/enter_bug.cgi?product=vte"
| #define PACKAGE_URL ""
| #define PACKAGE "vte"
| #define VERSION "0.24.1"
| /* end confdefs.h.  */
| #include <ctype.h>
| #include <stdlib.h>
| #if ((' ' & 0x0FF) == 0x020)
| # define ISLOWER(c) ('a' <= (c) && (c) <= 'z')
| # define TOUPPER(c) (ISLOWER(c) ? 'A' + ((c) - 'a') : (c))
| #else
| # define ISLOWER(c) 		   (('a' <= (c) && (c) <= 'i') 		     || ('j' <= (c) && (c) <= 'r') 		     || ('s' <= (c) && (c) <= 'z'))
| # define TOUPPER(c) (ISLOWER(c) ? ((c) | 0x40) : (c))
| #endif
| 
| #define XOR(e, f) (((e) && !(f)) || (!(e) && (f)))
| int
| main ()
| {
|   int i;
|   for (i = 0; i < 256; i++)
|     if (XOR (islower (i), ISLOWER (i))
| 	|| toupper (i) != TOUPPER (i))
|       return 2;
|   return 0;
| }
configure:5170: result: no
configure:5226: checking for gcc
configure:5253: result: /usr/bin/gcc
configure:5482: checking for C compiler version
configure:5491: /usr/bin/gcc --version >&5
gcc (GCC) 4.2.1 (Based on Apple Inc. build 5555)
Copyright (C) 2007 Free Software Foundation, Inc.
This is free software; see the source for copying conditions.  There is NO
warranty; not even for MERCHANTABILITY or FITNESS FOR A PARTICULAR PURPOSE.

configure:5502: $? = 0
configure:5491: /usr/bin/gcc -v >&5
Using built-in specs.
Target: arm-apple-darwin9
Configured with: ../llvm-gcc-4.2/configure --build=x86_64-unknown-linux-gnu --host=arm-apple-darwin9 --enable-static=no --enable-shared=yes --prefix=/usr --localstatedir=/var/cache/iphone-gcc --enable-languages=c,c++,objc,obj-c++ --enable-wchar_t=no --with-gxx-include-dir=/usr/include/c++/4.0.0
Thread model: posix
gcc version 4.2.1 (Based on Apple Inc. build 5555)
configure:5502: $? = 0
configure:5491: /usr/bin/gcc -V >&5
gcc: '-V' option must have argument
configure:5502: $? = 1
configure:5491: /usr/bin/gcc -qversion >&5
gcc: no input files
configure:5502: $? = 1
configure:5506: checking whether we are using the GNU C compiler
configure:5534: result: yes
configure:5543: checking whether /usr/bin/gcc accepts -g
configure:5604: result: yes
configure:5621: checking for /usr/bin/gcc option to accept ISO C89
configure:5698: result: none needed
configure:5720: checking dependency style of /usr/bin/gcc
configure:5830: result: gcc3
configure:5850: checking whether /usr/bin/gcc and cc understand -c and -o together
configure:5881: /usr/bin/gcc -c conftest.c -o conftest2.o >&5
configure:5885: $? = 0
configure:5891: /usr/bin/gcc -c conftest.c -o conftest2.o >&5
configure:5895: $? = 0
configure:5906: cc -c conftest.c >&5
configure:5910: $? = 0
configure:5918: cc -c conftest.c -o conftest2.o >&5
configure:5922: $? = 0
configure:5928: cc -c conftest.c -o conftest2.o >&5
configure:5932: $? = 0
configure:5950: result: yes
configure:6005: checking build system type
configure:6019: result: arm-apple-darwin11.0.0
configure:6039: checking host system type
configure:6052: result: arm-apple-darwin11.0.0
configure:6072: checking for a sed that does not truncate output
configure:6136: result: /bin/sed
configure:6154: checking for fgrep
configure:6216: result: /bin/grep -F
configure:6251: checking for ld used by /usr/bin/gcc
configure:6318: result: /usr/bin/ld
configure:6325: checking if the linker (/usr/bin/ld) is GNU ld
configure:6340: result: no
configure:6352: checking for BSD- or MS-compatible name lister (nm)
configure:6401: result: /usr/bin/nm -p
configure:6519: checking the name lister (/usr/bin/nm -p) interface
configure:6529: /usr/bin/gcc -c -g -O2  conftest.c >&5
configure:6532: /usr/bin/nm -p "conftest.o"
configure:6535: output
00000000 D _some_variable
configure:6539: result: BSD nm
configure:6542: checking whether ln -s works
configure:6546: result: yes
configure:6554: checking the maximum length of command line arguments
configure:6674: result: 196608
configure:6691: checking whether the shell understands some XSI constructs
configure:6701: result: yes
configure:6705: checking whether the shell understands "+="
configure:6711: result: yes
configure:6746: checking for /usr/bin/ld option to reload object files
configure:6753: result: -r
configure:6780: checking how to recognize dependent libraries
configure:6970: result: pass_all
configure:7030: checking for ar
configure:7046: found /usr/bin/ar
configure:7057: result: ar
configure:7135: checking for strip
configure:7151: found /usr/bin/strip
configure:7162: result: strip
configure:7234: checking for ranlib
configure:7250: found /usr/bin/ranlib
configure:7261: result: ranlib
configure:7351: checking command to parse /usr/bin/nm -p output from /usr/bin/gcc object
configure:7469: /usr/bin/gcc -c -g -O2  conftest.c >&5
configure:7472: $? = 0
configure:7476: /usr/bin/nm -p conftest.o \| sed -n -e 's/^.*[	 ]\([BCDEGRST][BCDEGRST]*\)[	 ][	 ]*\([_A-Za-z][_A-Za-z0-9]*\)$/\1 \2 \2/p' \> conftest.nm
configure:7479: $? = 0
cannot find nm_test_var in conftest.nm
configure:7469: /usr/bin/gcc -c -g -O2  conftest.c >&5
configure:7472: $? = 0
configure:7476: /usr/bin/nm -p conftest.o \| sed -n -e 's/^.*[	 ]\([BCDEGRST][BCDEGRST]*\)[	 ][	 ]*_\([_A-Za-z][_A-Za-z0-9]*\)$/\1 _\2 \2/p' \> conftest.nm
configure:7479: $? = 0
configure:7533: /usr/bin/gcc -o conftest -g -O2   conftest.c conftstm.o >&5
configure:7536: $? = 0
configure:7574: result: ok
configure:7838: checking for dsymutil
configure:7868: result: no
configure:7930: checking for nmedit
configure:7946: found /usr/bin/nmedit
configure:7957: result: nmedit
configure:8022: checking for lipo
configure:8038: found /usr/bin/lipo
configure:8049: result: lipo
configure:8114: checking for otool
configure:8130: found /usr/bin/otool
configure:8141: result: otool
configure:8206: checking for otool64
configure:8222: found /usr/bin/otool64
configure:8233: result: otool64
configure:8281: checking for -single_module linker flag
/usr/bin/gcc -g -O2  -o libconftest.dylib -dynamiclib -Wl,-single_module conftest.c
configure:8308: result: yes
configure:8310: checking for -exported_symbols_list linker flag
configure:8330: /usr/bin/gcc -o conftest -g -O2   -Wl,-exported_symbols_list,conftest.sym conftest.c  >&5
configure:8330: $? = 0
configure:8340: result: yes
configure:8382: checking for sys/types.h
configure:8382: /usr/bin/gcc -c -g -O2  conftest.c >&5
configure:8382: $? = 0
configure:8382: result: yes
configure:8382: checking for sys/stat.h
configure:8382: /usr/bin/gcc -c -g -O2  conftest.c >&5
configure:8382: $? = 0
configure:8382: result: yes
configure:8382: checking for stdlib.h
configure:8382: /usr/bin/gcc -c -g -O2  conftest.c >&5
configure:8382: $? = 0
configure:8382: result: yes
configure:8382: checking for string.h
configure:8382: /usr/bin/gcc -c -g -O2  conftest.c >&5
configure:8382: $? = 0
configure:8382: result: yes
configure:8382: checking for memory.h
configure:8382: /usr/bin/gcc -c -g -O2  conftest.c >&5
configure:8382: $? = 0
configure:8382: result: yes
configure:8382: checking for strings.h
configure:8382: /usr/bin/gcc -c -g -O2  conftest.c >&5
configure:8382: $? = 0
configure:8382: result: yes
configure:8382: checking for inttypes.h
configure:8382: /usr/bin/gcc -c -g -O2  conftest.c >&5
configure:8382: $? = 0
configure:8382: result: yes
configure:8382: checking for stdint.h
configure:8382: /usr/bin/gcc -c -g -O2  conftest.c >&5
configure:8382: $? = 0
configure:8382: result: yes
configure:8382: checking for unistd.h
configure:8382: /usr/bin/gcc -c -g -O2  conftest.c >&5
configure:8382: $? = 0
configure:8382: result: yes
configure:8397: checking for dlfcn.h
configure:8397: /usr/bin/gcc -c -g -O2  conftest.c >&5
configure:8397: $? = 0
configure:8397: result: yes
configure:8581: checking for objdir
configure:8596: result: .libs
configure:8888: checking if /usr/bin/gcc supports -fno-rtti -fno-exceptions
configure:8909: /usr/bin/gcc -c -g -O2  -fno-rtti -fno-exceptions conftest.c >&5
cc1: warning: command line option "-fno-rtti" is valid for C++/ObjC++ but not for C
configure:8913: $? = 0
configure:8923: result: no
configure:8943: checking for /usr/bin/gcc option to produce PIC
configure:9200: result: -fno-common -DPIC
configure:9212: checking if /usr/bin/gcc PIC flag -fno-common -DPIC works
configure:9233: /usr/bin/gcc -c -g -O2  -fno-common -DPIC -DPIC conftest.c >&5
configure:9237: $? = 0
configure:9247: result: yes
configure:9271: checking if /usr/bin/gcc static flag -static works
configure:9299: result: no
configure:9314: checking if /usr/bin/gcc supports -c -o file.o
configure:9338: /usr/bin/gcc -c -g -O2  -o out/conftest2.o conftest.c >&5
configure:9342: $? = 0
configure:9361: result: yes
configure:9369: checking if /usr/bin/gcc supports -c -o file.o
configure:9416: result: yes
configure:9449: checking whether the /usr/bin/gcc linker (/usr/bin/ld) supports shared libraries
configure:10428: result: yes
configure:10667: checking dynamic linker characteristics
configure:11330: result: darwin11.0.0 dyld
configure:11432: checking how to hardcode library paths into programs
configure:11457: result: immediate
configure:11985: checking whether stripping libraries is possible
configure:11999: result: yes
configure:12025: checking if libtool supports shared libraries
configure:12027: result: yes
configure:12030: checking whether to build shared libraries
configure:12051: result: yes
configure:12054: checking whether to build static libraries
configure:12058: result: yes
configure:12094: checking for a sed that does not truncate output
configure:12158: result: /bin/sed
configure:12169: checking whether NLS is requested
configure:12178: result: yes
configure:12193: checking for intltool >= 0.35.0
configure:12200: result: 0.50.0 found
configure:12208: checking for intltool-update
configure:12226: found /usr/local/bin/intltool-update
configure:12238: result: /usr/local/bin/intltool-update
configure:12248: checking for intltool-merge
configure:12266: found /usr/local/bin/intltool-merge
configure:12278: result: /usr/local/bin/intltool-merge
configure:12288: checking for intltool-extract
configure:12306: found /usr/local/bin/intltool-extract
configure:12318: result: /usr/local/bin/intltool-extract
configure:12449: checking for xgettext
configure:12467: found /usr/local/bin/xgettext
configure:12479: result: /usr/local/bin/xgettext
configure:12489: checking for msgmerge
configure:12507: found /usr/local/bin/msgmerge
configure:12519: result: /usr/local/bin/msgmerge
configure:12529: checking for msgfmt
configure:12547: found /usr/local/bin/msgfmt
configure:12559: result: /usr/local/bin/msgfmt
configure:12569: checking for gmsgfmt
configure:12600: result: /usr/local/bin/msgfmt
configure:12620: checking for perl
configure:12638: found /usr/local/bin/perl
configure:12650: result: /usr/local/bin/perl
configure:12661: checking for perl >= 5.8.1
configure:12668: result: 5.10.0
configure:12672: checking for XML::Parser
configure:12675: result: ok
configure:12700: /usr/bin/gcc -o conftest -g -O2   conftest.c  >&5
Undefined symbols:
  "__nl_msg_cat_cntr", referenced from:
      __nl_msg_cat_cntr$non_lazy_ptr in ccv93fRO.o
ld: symbol(s) not found
collect2: ld returned 1 exit status
configure:12700: $? = 1
configure: failed program was:
| /* confdefs.h */
| #define PACKAGE_NAME "vte"
| #define PACKAGE_TARNAME "vte"
| #define PACKAGE_VERSION "0.24.1"
| #define PACKAGE_STRING "vte 0.24.1"
| #define PACKAGE_BUGREPORT "http://bugzilla.gnome.org/enter_bug.cgi?product=vte"
| #define PACKAGE_URL ""
| #define PACKAGE "vte"
| #define VERSION "0.24.1"
| #define HAVE_SYS_TYPES_H 1
| #define HAVE_SYS_STAT_H 1
| #define HAVE_STDLIB_H 1
| #define HAVE_STRING_H 1
| #define HAVE_MEMORY_H 1
| #define HAVE_STRINGS_H 1
| #define HAVE_INTTYPES_H 1
| #define HAVE_STDINT_H 1
| #define HAVE_UNISTD_H 1
| #define HAVE_DLFCN_H 1
| #define LT_OBJDIR ".libs/"
| /* end confdefs.h.  */
| 
| int
| main ()
| {
| extern int _nl_msg_cat_cntr;
|                        return _nl_msg_cat_cntr
|   ;
|   return 0;
| }
configure:12737: checking locale.h usability
configure:12737: /usr/bin/gcc -c -g -O2  conftest.c >&5
configure:12737: $? = 0
configure:12737: result: yes
configure:12737: checking locale.h presence
configure:12737: /usr/bin/gcc -E  conftest.c
configure:12737: $? = 0
configure:12737: result: yes
configure:12737: checking for locale.h
configure:12737: result: yes
configure:12748: checking for LC_MESSAGES
configure:12764: /usr/bin/gcc -o conftest -g -O2   conftest.c  >&5
configure:12764: $? = 0
configure:12772: result: yes
configure:12789: checking libintl.h usability
configure:12789: /usr/bin/gcc -c -g -O2  conftest.c >&5
configure:12789: $? = 0
configure:12789: result: yes
configure:12789: checking libintl.h presence
configure:12789: /usr/bin/gcc -E  conftest.c
configure:12789: $? = 0
configure:12789: result: yes
configure:12789: checking for libintl.h
configure:12789: result: yes
configure:12797: checking for ngettext in libc
configure:12815: /usr/bin/gcc -o conftest -g -O2   conftest.c  >&5
Undefined symbols:
  "_libintl_ngettext", referenced from:
      _main in ccYhgJJU.o
ld: symbol(s) not found
collect2: ld returned 1 exit status
configure:12815: $? = 1
configure: failed program was:
| /* confdefs.h */
| #define PACKAGE_NAME "vte"
| #define PACKAGE_TARNAME "vte"
| #define PACKAGE_VERSION "0.24.1"
| #define PACKAGE_STRING "vte 0.24.1"
| #define PACKAGE_BUGREPORT "http://bugzilla.gnome.org/enter_bug.cgi?product=vte"
| #define PACKAGE_URL ""
| #define PACKAGE "vte"
| #define VERSION "0.24.1"
| #define HAVE_SYS_TYPES_H 1
| #define HAVE_SYS_STAT_H 1
| #define HAVE_STDLIB_H 1
| #define HAVE_STRING_H 1
| #define HAVE_MEMORY_H 1
| #define HAVE_STRINGS_H 1
| #define HAVE_INTTYPES_H 1
| #define HAVE_STDINT_H 1
| #define HAVE_UNISTD_H 1
| #define HAVE_DLFCN_H 1
| #define LT_OBJDIR ".libs/"
| #define GETTEXT_PACKAGE "vte"
| #define HAVE_LOCALE_H 1
| #define HAVE_LC_MESSAGES 1
| /* end confdefs.h.  */
| 
| #include <libintl.h>
| 
| int
| main ()
| {
| return !ngettext ("","", 1)
|   ;
|   return 0;
| }
configure:12824: result: no
configure:12880: checking for bindtextdomain in -lintl
configure:12905: /usr/bin/gcc -o conftest -g -O2   conftest.c -lintl   >&5
configure:12905: $? = 0
configure:12914: result: yes
configure:12917: checking for ngettext in -lintl
configure:12942: /usr/bin/gcc -o conftest -g -O2   conftest.c -lintl   >&5
configure:12942: $? = 0
configure:12951: result: yes
configure:12954: checking for dgettext in -lintl
configure:12979: /usr/bin/gcc -o conftest -g -O2   conftest.c -lintl   >&5
conftest.c:32: warning: conflicting types for built-in function 'dgettext'
configure:12979: $? = 0
configure:12988: result: yes
configure:13101: checking for bind_textdomain_codeset
configure:13101: /usr/bin/gcc -o conftest -g -O2   conftest.c  -lintl  >&5
configure:13101: $? = 0
configure:13101: result: yes
configure:13138: checking for msgfmt
configure:13165: result: /usr/local/bin/msgfmt
configure:13176: checking for dcgettext
configure:13176: /usr/bin/gcc -o conftest -g -O2   conftest.c  -lintl  >&5
conftest.c:50: warning: conflicting types for built-in function 'dcgettext'
configure:13176: $? = 0
configure:13176: result: yes
configure:13186: checking if msgfmt accepts -c
configure:13201: $MSGFMT -c -o /dev/null conftest.foo
configure:13204: $? = 0
configure:13206: result: yes
configure:13216: checking for gmsgfmt
configure:13247: result: /usr/local/bin/msgfmt
configure:13257: checking for xgettext
configure:13284: result: /usr/local/bin/xgettext
configure:13303: /usr/bin/gcc -o conftest -g -O2   conftest.c  -lintl  >&5
configure:13303: $? = 0
configure:13438: checking whether bind_textdomain_codeset is declared
configure:13438: /usr/bin/gcc -c -g -O2  conftest.c >&5
configure:13438: $? = 0
configure:13438: result: yes
configure:13456: checking for a win32 platform
configure:13464: result: no
configure:13531: checking for supported warning flags
configure:13553: checking whether /usr/bin/gcc supports -Wall
configure:13563: /usr/bin/gcc -c -g -O2 -Wall  conftest.c >&5
configure:13563: $? = 0
configure:13576: result: yes
configure:13553: checking whether /usr/bin/gcc supports -Wextra
configure:13563: /usr/bin/gcc -c -g -O2 -Wextra  conftest.c >&5
configure:13563: $? = 0
configure:13576: result: yes
configure:13553: checking whether /usr/bin/gcc supports -Wsign-compare
configure:13563: /usr/bin/gcc -c -g -O2 -Wsign-compare  conftest.c >&5
configure:13563: $? = 0
configure:13576: result: yes
configure:13553: checking whether /usr/bin/gcc supports -Werror-implicit-function-declaration
configure:13563: /usr/bin/gcc -c -g -O2 -Werror-implicit-function-declaration  conftest.c >&5
configure:13563: $? = 0
configure:13576: result: yes
configure:13553: checking whether /usr/bin/gcc supports -Wpointer-arith
configure:13563: /usr/bin/gcc -c -g -O2 -Wpointer-arith  conftest.c >&5
configure:13563: $? = 0
configure:13576: result: yes
configure:13553: checking whether /usr/bin/gcc supports -Wwrite-strings
configure:13563: /usr/bin/gcc -c -g -O2 -Wwrite-strings  conftest.c >&5
configure:13563: $? = 0
configure:13576: result: yes
configure:13553: checking whether /usr/bin/gcc supports -Wstrict-prototypes
configure:13563: /usr/bin/gcc -c -g -O2 -Wstrict-prototypes  conftest.c >&5
configure:13563: $? = 0
configure:13576: result: yes
configure:13553: checking whether /usr/bin/gcc supports -Waggregate-return
configure:13563: /usr/bin/gcc -c -g -O2 -Waggregate-return  conftest.c >&5
configure:13563: $? = 0
configure:13576: result: yes
configure:13553: checking whether /usr/bin/gcc supports -Wcast-align
configure:13563: /usr/bin/gcc -c -g -O2 -Wcast-align  conftest.c >&5
configure:13563: $? = 0
configure:13576: result: yes
configure:13553: checking whether /usr/bin/gcc supports -Wimplicit
configure:13563: /usr/bin/gcc -c -g -O2 -Wimplicit  conftest.c >&5
configure:13563: $? = 0
configure:13576: result: yes
configure:13553: checking whether /usr/bin/gcc supports -Wuninitialised
configure:13563: /usr/bin/gcc -c -g -O2 -Wuninitialised  conftest.c >&5
cc1: error: unrecognized command line option "-Wuninitialised"
configure:13563: $? = 1
configure: failed program was:
| /* confdefs.h */
| #define PACKAGE_NAME "vte"
| #define PACKAGE_TARNAME "vte"
| #define PACKAGE_VERSION "0.24.1"
| #define PACKAGE_STRING "vte 0.24.1"
| #define PACKAGE_BUGREPORT "http://bugzilla.gnome.org/enter_bug.cgi?product=vte"
| #define PACKAGE_URL ""
| #define PACKAGE "vte"
| #define VERSION "0.24.1"
| #define HAVE_SYS_TYPES_H 1
| #define HAVE_SYS_STAT_H 1
| #define HAVE_STDLIB_H 1
| #define HAVE_STRING_H 1
| #define HAVE_MEMORY_H 1
| #define HAVE_STRINGS_H 1
| #define HAVE_INTTYPES_H 1
| #define HAVE_STDINT_H 1
| #define HAVE_UNISTD_H 1
| #define HAVE_DLFCN_H 1
| #define LT_OBJDIR ".libs/"
| #define GETTEXT_PACKAGE "vte"
| #define HAVE_LOCALE_H 1
| #define HAVE_LC_MESSAGES 1
| #define HAVE_BIND_TEXTDOMAIN_CODESET 1
| #define HAVE_GETTEXT 1
| #define HAVE_DCGETTEXT 1
| #define ENABLE_NLS 1
| #define HAVE_DECL_BIND_TEXTDOMAIN_CODESET 1
| /* end confdefs.h.  */
| 
configure:13576: result: no
configure:13553: checking whether /usr/bin/gcc supports -Wmissing-prototypes
configure:13563: /usr/bin/gcc -c -g -O2 -Wmissing-prototypes  conftest.c >&5
configure:13563: $? = 0
configure:13576: result: yes
configure:13553: checking whether /usr/bin/gcc supports -Wmissing-declarations
configure:13563: /usr/bin/gcc -c -g -O2 -Wmissing-declarations  conftest.c >&5
configure:13563: $? = 0
configure:13576: result: yes
configure:13553: checking whether /usr/bin/gcc supports -Wnested-externs
configure:13563: /usr/bin/gcc -c -g -O2 -Wnested-externs  conftest.c >&5
configure:13563: $? = 0
configure:13576: result: yes
configure:13553: checking whether /usr/bin/gcc supports -Wpacked
configure:13563: /usr/bin/gcc -c -g -O2 -Wpacked  conftest.c >&5
configure:13563: $? = 0
configure:13576: result: yes
configure:13553: checking whether /usr/bin/gcc supports -Wmissing-format-attribute
configure:13563: /usr/bin/gcc -c -g -O2 -Wmissing-format-attribute  conftest.c >&5
configure:13563: $? = 0
configure:13576: result: yes
configure:13553: checking whether /usr/bin/gcc supports -Wshadow
configure:13563: /usr/bin/gcc -c -g -O2 -Wshadow  conftest.c >&5
configure:13563: $? = 0
configure:13576: result: yes
configure:13553: checking whether /usr/bin/gcc supports -Wstrict-aliasing=2
configure:13563: /usr/bin/gcc -c -g -O2 -Wstrict-aliasing=2  conftest.c >&5
configure:13563: $? = 0
configure:13576: result: yes
configure:13553: checking whether /usr/bin/gcc supports -Winit-self
configure:13563: /usr/bin/gcc -c -g -O2 -Winit-self  conftest.c >&5
configure:13563: $? = 0
configure:13576: result: yes
configure:13553: checking whether /usr/bin/gcc supports -Wunsafe-loop-optimizations
configure:13563: /usr/bin/gcc -c -g -O2 -Wunsafe-loop-optimizations  conftest.c >&5
configure:13563: $? = 0
configure:13576: result: yes
configure:13553: checking whether /usr/bin/gcc supports -Wdeclaration-after-statement
configure:13563: /usr/bin/gcc -c -g -O2 -Wdeclaration-after-statement  conftest.c >&5
configure:13563: $? = 0
configure:13576: result: yes
configure:13553: checking whether /usr/bin/gcc supports -Wold-style-definition
configure:13563: /usr/bin/gcc -c -g -O2 -Wold-style-definition  conftest.c >&5
configure:13563: $? = 0
configure:13576: result: yes
configure:13553: checking whether /usr/bin/gcc supports -Wno-missing-field-initializers
configure:13563: /usr/bin/gcc -c -g -O2 -Wno-missing-field-initializers  conftest.c >&5
configure:13563: $? = 0
configure:13576: result: yes
configure:13553: checking whether /usr/bin/gcc supports -Wno-unused-parameter
configure:13563: /usr/bin/gcc -c -g -O2 -Wno-unused-parameter  conftest.c >&5
configure:13563: $? = 0
configure:13576: result: yes
configure:13553: checking whether /usr/bin/gcc supports -fno-common
configure:13563: /usr/bin/gcc -c -g -O2 -fno-common  conftest.c >&5
configure:13563: $? = 0
configure:13576: result: yes
configure:13553: checking whether /usr/bin/gcc supports -Wno-switch-enum
configure:13563: /usr/bin/gcc -c -g -O2 -Wno-switch-enum  conftest.c >&5
configure:13563: $? = 0
configure:13576: result: yes
configure:13584: checking which warning flags were supported
configure:13587: result:  -Wall -Wextra -Wsign-compare -Werror-implicit-function-declaration -Wpointer-arith -Wwrite-strings -Wstrict-prototypes -Waggregate-return -Wcast-align -Wimplicit -Wmissing-prototypes -Wmissing-declarations -Wnested-externs -Wpacked -Wmissing-format-attribute -Wshadow -Wstrict-aliasing=2 -Winit-self -Wunsafe-loop-optimizations -Wdeclaration-after-statement -Wold-style-definition -Wno-missing-field-initializers -Wno-unused-parameter -fno-common -Wno-switch-enum
configure:13596: checking whether /usr/bin/gcc supports -Wl,--warn-unresolved-symbols when linking
configure:13606: /usr/bin/gcc -o conftest -g -O2  -Wall -Wextra -Wsign-compare -Werror-implicit-function-declaration -Wpointer-arith -Wwrite-strings -Wstrict-prototypes -Waggregate-return -Wcast-align -Wimplicit -Wmissing-prototypes -Wmissing-declarations -Wnested-externs -Wpacked -Wmissing-format-attribute -Wshadow -Wstrict-aliasing=2 -Winit-self -Wunsafe-loop-optimizations -Wdeclaration-after-statement -Wold-style-definition -Wno-missing-field-initializers -Wno-unused-parameter -fno-common -Wno-switch-enum   -Wl,--warn-unresolved-symbols conftest.c  >&5
ld: unknown option: --warn-unresolved-symbols
collect2: ld returned 1 exit status
configure:13606: $? = 1
configure: failed program was:
| /* confdefs.h */
| #define PACKAGE_NAME "vte"
| #define PACKAGE_TARNAME "vte"
| #define PACKAGE_VERSION "0.24.1"
| #define PACKAGE_STRING "vte 0.24.1"
| #define PACKAGE_BUGREPORT "http://bugzilla.gnome.org/enter_bug.cgi?product=vte"
| #define PACKAGE_URL ""
| #define PACKAGE "vte"
| #define VERSION "0.24.1"
| #define HAVE_SYS_TYPES_H 1
| #define HAVE_SYS_STAT_H 1
| #define HAVE_STDLIB_H 1
| #define HAVE_STRING_H 1
| #define HAVE_MEMORY_H 1
| #define HAVE_STRINGS_H 1
| #define HAVE_INTTYPES_H 1
| #define HAVE_STDINT_H 1
| #define HAVE_UNISTD_H 1
| #define HAVE_DLFCN_H 1
| #define LT_OBJDIR ".libs/"
| #define GETTEXT_PACKAGE "vte"
| #define HAVE_LOCALE_H 1
| #define HAVE_LC_MESSAGES 1
| #define HAVE_BIND_TEXTDOMAIN_CODESET 1
| #define HAVE_GETTEXT 1
| #define HAVE_DCGETTEXT 1
| #define ENABLE_NLS 1
| #define HAVE_DECL_BIND_TEXTDOMAIN_CODESET 1
| /* end confdefs.h.  */
| int main(void) {return 0;}
configure:13620: result: no
configure:13752: checking for pkg-config
configure:13770: found /usr/local/bin/pkg-config
configure:13782: result: /usr/local/bin/pkg-config
configure:13807: checking pkg-config is at least version 0.9.0
configure:13810: result: yes
configure:13821: checking for GLIB
configure:13829: $PKG_CONFIG --exists --print-errors "glib-2.0 > $GLIB_REQUIRED gobject-2.0"
configure:13832: $? = 0
configure:13847: $PKG_CONFIG --exists --print-errors "glib-2.0 > $GLIB_REQUIRED gobject-2.0"
configure:13850: $? = 0
configure:13905: result: yes
configure:13911: checking for GTK
configure:13919: $PKG_CONFIG --exists --print-errors "glib-2.0 >= $GLIB_REQUIRED gobject-2.0 gtk+-2.0 >= $GTK_REQUIRED"
configure:13922: $? = 0
configure:13937: $PKG_CONFIG --exists --print-errors "glib-2.0 >= $GLIB_REQUIRED gobject-2.0 gtk+-2.0 >= $GTK_REQUIRED"
configure:13940: $? = 0
configure:13995: result: yes
configure:14029: checking sys/select.h usability
configure:14029: /usr/bin/gcc -c -g -O2  -Wall -Wextra -Wsign-compare -Werror-implicit-function-declaration -Wpointer-arith -Wwrite-strings -Wstrict-prototypes -Waggregate-return -Wcast-align -Wimplicit -Wmissing-prototypes -Wmissing-declarations -Wnested-externs -Wpacked -Wmissing-format-attribute -Wshadow -Wstrict-aliasing=2 -Winit-self -Wunsafe-loop-optimizations -Wdeclaration-after-statement -Wold-style-definition -Wno-missing-field-initializers -Wno-unused-parameter -fno-common -Wno-switch-enum  conftest.c >&5
configure:14029: $? = 0
configure:14029: result: yes
configure:14029: checking sys/select.h presence
configure:14029: /usr/bin/gcc -E  conftest.c
configure:14029: $? = 0
configure:14029: result: yes
configure:14029: checking for sys/select.h
configure:14029: result: yes
configure:14029: checking sys/syslimits.h usability
configure:14029: /usr/bin/gcc -c -g -O2  -Wall -Wextra -Wsign-compare -Werror-implicit-function-declaration -Wpointer-arith -Wwrite-strings -Wstrict-prototypes -Waggregate-return -Wcast-align -Wimplicit -Wmissing-prototypes -Wmissing-declarations -Wnested-externs -Wpacked -Wmissing-format-attribute -Wshadow -Wstrict-aliasing=2 -Winit-self -Wunsafe-loop-optimizations -Wdeclaration-after-statement -Wold-style-definition -Wno-missing-field-initializers -Wno-unused-parameter -fno-common -Wno-switch-enum  conftest.c >&5
configure:14029: $? = 0
configure:14029: result: yes
configure:14029: checking sys/syslimits.h presence
configure:14029: /usr/bin/gcc -E  conftest.c
configure:14029: $? = 0
configure:14029: result: yes
configure:14029: checking for sys/syslimits.h
configure:14029: result: yes
configure:14029: checking sys/termios.h usability
configure:14029: /usr/bin/gcc -c -g -O2  -Wall -Wextra -Wsign-compare -Werror-implicit-function-declaration -Wpointer-arith -Wwrite-strings -Wstrict-prototypes -Waggregate-return -Wcast-align -Wimplicit -Wmissing-prototypes -Wmissing-declarations -Wnested-externs -Wpacked -Wmissing-format-attribute -Wshadow -Wstrict-aliasing=2 -Winit-self -Wunsafe-loop-optimizations -Wdeclaration-after-statement -Wold-style-definition -Wno-missing-field-initializers -Wno-unused-parameter -fno-common -Wno-switch-enum  conftest.c >&5
configure:14029: $? = 0
configure:14029: result: yes
configure:14029: checking sys/termios.h presence
configure:14029: /usr/bin/gcc -E  conftest.c
configure:14029: $? = 0
configure:14029: result: yes
configure:14029: checking for sys/termios.h
configure:14029: result: yes
configure:14029: checking sys/un.h usability
configure:14029: /usr/bin/gcc -c -g -O2  -Wall -Wextra -Wsign-compare -Werror-implicit-function-declaration -Wpointer-arith -Wwrite-strings -Wstrict-prototypes -Waggregate-return -Wcast-align -Wimplicit -Wmissing-prototypes -Wmissing-declarations -Wnested-externs -Wpacked -Wmissing-format-attribute -Wshadow -Wstrict-aliasing=2 -Winit-self -Wunsafe-loop-optimizations -Wdeclaration-after-statement -Wold-style-definition -Wno-missing-field-initializers -Wno-unused-parameter -fno-common -Wno-switch-enum  conftest.c >&5
configure:14029: $? = 0
configure:14029: result: yes
configure:14029: checking sys/un.h presence
configure:14029: /usr/bin/gcc -E  conftest.c
configure:14029: $? = 0
configure:14029: result: yes
configure:14029: checking for sys/un.h
configure:14029: result: yes
configure:14029: checking sys/wait.h usability
configure:14029: /usr/bin/gcc -c -g -O2  -Wall -Wextra -Wsign-compare -Werror-implicit-function-declaration -Wpointer-arith -Wwrite-strings -Wstrict-prototypes -Waggregate-return -Wcast-align -Wimplicit -Wmissing-prototypes -Wmissing-declarations -Wnested-externs -Wpacked -Wmissing-format-attribute -Wshadow -Wstrict-aliasing=2 -Winit-self -Wunsafe-loop-optimizations -Wdeclaration-after-statement -Wold-style-definition -Wno-missing-field-initializers -Wno-unused-parameter -fno-common -Wno-switch-enum  conftest.c >&5
configure:14029: $? = 0
configure:14029: result: yes
configure:14029: checking sys/wait.h presence
configure:14029: /usr/bin/gcc -E  conftest.c
configure:14029: $? = 0
configure:14029: result: yes
configure:14029: checking for sys/wait.h
configure:14029: result: yes
configure:14029: checking stropts.h usability
configure:14029: /usr/bin/gcc -c -g -O2  -Wall -Wextra -Wsign-compare -Werror-implicit-function-declaration -Wpointer-arith -Wwrite-strings -Wstrict-prototypes -Waggregate-return -Wcast-align -Wimplicit -Wmissing-prototypes -Wmissing-declarations -Wnested-externs -Wpacked -Wmissing-format-attribute -Wshadow -Wstrict-aliasing=2 -Winit-self -Wunsafe-loop-optimizations -Wdeclaration-after-statement -Wold-style-definition -Wno-missing-field-initializers -Wno-unused-parameter -fno-common -Wno-switch-enum  conftest.c >&5
conftest.c:70:21: error: stropts.h: No such file or directory
configure:14029: $? = 1
configure: failed program was:
| /* confdefs.h */
| #define PACKAGE_NAME "vte"
| #define PACKAGE_TARNAME "vte"
| #define PACKAGE_VERSION "0.24.1"
| #define PACKAGE_STRING "vte 0.24.1"
| #define PACKAGE_BUGREPORT "http://bugzilla.gnome.org/enter_bug.cgi?product=vte"
| #define PACKAGE_URL ""
| #define PACKAGE "vte"
| #define VERSION "0.24.1"
| #define HAVE_SYS_TYPES_H 1
| #define HAVE_SYS_STAT_H 1
| #define HAVE_STDLIB_H 1
| #define HAVE_STRING_H 1
| #define HAVE_MEMORY_H 1
| #define HAVE_STRINGS_H 1
| #define HAVE_INTTYPES_H 1
| #define HAVE_STDINT_H 1
| #define HAVE_UNISTD_H 1
| #define HAVE_DLFCN_H 1
| #define LT_OBJDIR ".libs/"
| #define GETTEXT_PACKAGE "vte"
| #define HAVE_LOCALE_H 1
| #define HAVE_LC_MESSAGES 1
| #define HAVE_BIND_TEXTDOMAIN_CODESET 1
| #define HAVE_GETTEXT 1
| #define HAVE_DCGETTEXT 1
| #define ENABLE_NLS 1
| #define HAVE_DECL_BIND_TEXTDOMAIN_CODESET 1
| #define GDK_MULTIHEAD_SAFE 1
| #define VTE_DEFAULT_EMULATION "xterm"
| #define HAVE_SYS_SELECT_H 1
| #define HAVE_SYS_SYSLIMITS_H 1
| #define HAVE_SYS_TERMIOS_H 1
| #define HAVE_SYS_UN_H 1
| #define HAVE_SYS_WAIT_H 1
| /* end confdefs.h.  */
| #include <stdio.h>
| #ifdef HAVE_SYS_TYPES_H
| # include <sys/types.h>
| #endif
| #ifdef HAVE_SYS_STAT_H
| # include <sys/stat.h>
| #endif
| #ifdef STDC_HEADERS
| # include <stdlib.h>
| # include <stddef.h>
| #else
| # ifdef HAVE_STDLIB_H
| #  include <stdlib.h>
| # endif
| #endif
| #ifdef HAVE_STRING_H
| # if !defined STDC_HEADERS && defined HAVE_MEMORY_H
| #  include <memory.h>
| # endif
| # include <string.h>
| #endif
| #ifdef HAVE_STRINGS_H
| # include <strings.h>
| #endif
| #ifdef HAVE_INTTYPES_H
| # include <inttypes.h>
| #endif
| #ifdef HAVE_STDINT_H
| # include <stdint.h>
| #endif
| #ifdef HAVE_UNISTD_H
| # include <unistd.h>
| #endif
| #include <stropts.h>
configure:14029: result: no
configure:14029: checking stropts.h presence
configure:14029: /usr/bin/gcc -E  conftest.c
conftest.c:37:21: error: stropts.h: No such file or directory
configure:14029: $? = 1
configure: failed program was:
| /* confdefs.h */
| #define PACKAGE_NAME "vte"
| #define PACKAGE_TARNAME "vte"
| #define PACKAGE_VERSION "0.24.1"
| #define PACKAGE_STRING "vte 0.24.1"
| #define PACKAGE_BUGREPORT "http://bugzilla.gnome.org/enter_bug.cgi?product=vte"
| #define PACKAGE_URL ""
| #define PACKAGE "vte"
| #define VERSION "0.24.1"
| #define HAVE_SYS_TYPES_H 1
| #define HAVE_SYS_STAT_H 1
| #define HAVE_STDLIB_H 1
| #define HAVE_STRING_H 1
| #define HAVE_MEMORY_H 1
| #define HAVE_STRINGS_H 1
| #define HAVE_INTTYPES_H 1
| #define HAVE_STDINT_H 1
| #define HAVE_UNISTD_H 1
| #define HAVE_DLFCN_H 1
| #define LT_OBJDIR ".libs/"
| #define GETTEXT_PACKAGE "vte"
| #define HAVE_LOCALE_H 1
| #define HAVE_LC_MESSAGES 1
| #define HAVE_BIND_TEXTDOMAIN_CODESET 1
| #define HAVE_GETTEXT 1
| #define HAVE_DCGETTEXT 1
| #define ENABLE_NLS 1
| #define HAVE_DECL_BIND_TEXTDOMAIN_CODESET 1
| #define GDK_MULTIHEAD_SAFE 1
| #define VTE_DEFAULT_EMULATION "xterm"
| #define HAVE_SYS_SELECT_H 1
| #define HAVE_SYS_SYSLIMITS_H 1
| #define HAVE_SYS_TERMIOS_H 1
| #define HAVE_SYS_UN_H 1
| #define HAVE_SYS_WAIT_H 1
| /* end confdefs.h.  */
| #include <stropts.h>
configure:14029: result: no
configure:14029: checking for stropts.h
configure:14029: result: no
configure:14029: checking termios.h usability
configure:14029: /usr/bin/gcc -c -g -O2  -Wall -Wextra -Wsign-compare -Werror-implicit-function-declaration -Wpointer-arith -Wwrite-strings -Wstrict-prototypes -Waggregate-return -Wcast-align -Wimplicit -Wmissing-prototypes -Wmissing-declarations -Wnested-externs -Wpacked -Wmissing-format-attribute -Wshadow -Wstrict-aliasing=2 -Winit-self -Wunsafe-loop-optimizations -Wdeclaration-after-statement -Wold-style-definition -Wno-missing-field-initializers -Wno-unused-parameter -fno-common -Wno-switch-enum  conftest.c >&5
configure:14029: $? = 0
configure:14029: result: yes
configure:14029: checking termios.h presence
configure:14029: /usr/bin/gcc -E  conftest.c
configure:14029: $? = 0
configure:14029: result: yes
configure:14029: checking for termios.h
configure:14029: result: yes
configure:14029: checking wchar.h usability
configure:14029: /usr/bin/gcc -c -g -O2  -Wall -Wextra -Wsign-compare -Werror-implicit-function-declaration -Wpointer-arith -Wwrite-strings -Wstrict-prototypes -Waggregate-return -Wcast-align -Wimplicit -Wmissing-prototypes -Wmissing-declarations -Wnested-externs -Wpacked -Wmissing-format-attribute -Wshadow -Wstrict-aliasing=2 -Winit-self -Wunsafe-loop-optimizations -Wdeclaration-after-statement -Wold-style-definition -Wno-missing-field-initializers -Wno-unused-parameter -fno-common -Wno-switch-enum  conftest.c >&5
configure:14029: $? = 0
configure:14029: result: yes
configure:14029: checking wchar.h presence
configure:14029: /usr/bin/gcc -E  conftest.c
configure:14029: $? = 0
configure:14029: result: yes
configure:14029: checking for wchar.h
configure:14029: result: yes
configure:14040: checking whether termios.h defines TIOCGWINSZ
configure:14063: result: yes
configure:14105: checking for cfmakeraw
configure:14105: /usr/bin/gcc -o conftest -g -O2  -Wall -Wextra -Wsign-compare -Werror-implicit-function-declaration -Wpointer-arith -Wwrite-strings -Wstrict-prototypes -Waggregate-return -Wcast-align -Wimplicit -Wmissing-prototypes -Wmissing-declarations -Wnested-externs -Wpacked -Wmissing-format-attribute -Wshadow -Wstrict-aliasing=2 -Winit-self -Wunsafe-loop-optimizations -Wdeclaration-after-statement -Wold-style-definition -Wno-missing-field-initializers -Wno-unused-parameter -fno-common -Wno-switch-enum   conftest.c  >&5
conftest.c:62: warning: function declaration isn't a prototype
conftest.c:72: warning: function declaration isn't a prototype
conftest.c: In function 'main':
conftest.c:72: warning: old-style function definition
configure:14105: $? = 0
configure:14105: result: yes
configure:14105: checking for fork
configure:14105: /usr/bin/gcc -o conftest -g -O2  -Wall -Wextra -Wsign-compare -Werror-implicit-function-declaration -Wpointer-arith -Wwrite-strings -Wstrict-prototypes -Waggregate-return -Wcast-align -Wimplicit -Wmissing-prototypes -Wmissing-declarations -Wnested-externs -Wpacked -Wmissing-format-attribute -Wshadow -Wstrict-aliasing=2 -Winit-self -Wunsafe-loop-optimizations -Wdeclaration-after-statement -Wold-style-definition -Wno-missing-field-initializers -Wno-unused-parameter -fno-common -Wno-switch-enum   conftest.c  >&5
conftest.c:63: warning: function declaration isn't a prototype
conftest.c:63: warning: conflicting types for built-in function 'fork'
conftest.c:73: warning: function declaration isn't a prototype
conftest.c: In function 'main':
conftest.c:73: warning: old-style function definition
configure:14105: $? = 0
configure:14105: result: yes
configure:14105: checking for setsid
configure:14105: /usr/bin/gcc -o conftest -g -O2  -Wall -Wextra -Wsign-compare -Werror-implicit-function-declaration -Wpointer-arith -Wwrite-strings -Wstrict-prototypes -Waggregate-return -Wcast-align -Wimplicit -Wmissing-prototypes -Wmissing-declarations -Wnested-externs -Wpacked -Wmissing-format-attribute -Wshadow -Wstrict-aliasing=2 -Winit-self -Wunsafe-loop-optimizations -Wdeclaration-after-statement -Wold-style-definition -Wno-missing-field-initializers -Wno-unused-parameter -fno-common -Wno-switch-enum   conftest.c  >&5
conftest.c:64: warning: function declaration isn't a prototype
conftest.c:74: warning: function declaration isn't a prototype
conftest.c: In function 'main':
conftest.c:74: warning: old-style function definition
configure:14105: $? = 0
configure:14105: result: yes
configure:14105: checking for setpgid
configure:14105: /usr/bin/gcc -o conftest -g -O2  -Wall -Wextra -Wsign-compare -Werror-implicit-function-declaration -Wpointer-arith -Wwrite-strings -Wstrict-prototypes -Waggregate-return -Wcast-align -Wimplicit -Wmissing-prototypes -Wmissing-declarations -Wnested-externs -Wpacked -Wmissing-format-attribute -Wshadow -Wstrict-aliasing=2 -Winit-self -Wunsafe-loop-optimizations -Wdeclaration-after-statement -Wold-style-definition -Wno-missing-field-initializers -Wno-unused-parameter -fno-common -Wno-switch-enum   conftest.c  >&5
conftest.c:65: warning: function declaration isn't a prototype
conftest.c:75: warning: function declaration isn't a prototype
conftest.c: In function 'main':
conftest.c:75: warning: old-style function definition
configure:14105: $? = 0
configure:14105: result: yes
configure:14105: checking for getpgid
configure:14105: /usr/bin/gcc -o conftest -g -O2  -Wall -Wextra -Wsign-compare -Werror-implicit-function-declaration -Wpointer-arith -Wwrite-strings -Wstrict-prototypes -Waggregate-return -Wcast-align -Wimplicit -Wmissing-prototypes -Wmissing-declarations -Wnested-externs -Wpacked -Wmissing-format-attribute -Wshadow -Wstrict-aliasing=2 -Winit-self -Wunsafe-loop-optimizations -Wdeclaration-after-statement -Wold-style-definition -Wno-missing-field-initializers -Wno-unused-parameter -fno-common -Wno-switch-enum   conftest.c  >&5
conftest.c:66: warning: function declaration isn't a prototype
conftest.c:76: warning: function declaration isn't a prototype
conftest.c: In function 'main':
conftest.c:76: warning: old-style function definition
configure:14105: $? = 0
configure:14105: result: yes
configure:14105: checking for getpt
configure:14105: /usr/bin/gcc -o conftest -g -O2  -Wall -Wextra -Wsign-compare -Werror-implicit-function-declaration -Wpointer-arith -Wwrite-strings -Wstrict-prototypes -Waggregate-return -Wcast-align -Wimplicit -Wmissing-prototypes -Wmissing-declarations -Wnested-externs -Wpacked -Wmissing-format-attribute -Wshadow -Wstrict-aliasing=2 -Winit-self -Wunsafe-loop-optimizations -Wdeclaration-after-statement -Wold-style-definition -Wno-missing-field-initializers -Wno-unused-parameter -fno-common -Wno-switch-enum   conftest.c  >&5
conftest.c:67: warning: function declaration isn't a prototype
conftest.c:77: warning: function declaration isn't a prototype
conftest.c: In function 'main':
conftest.c:77: warning: old-style function definition
Undefined symbols:
  "_getpt", referenced from:
      _main in cc7YfZq4.o
ld: symbol(s) not found
collect2: ld returned 1 exit status
configure:14105: $? = 1
configure: failed program was:
| /* confdefs.h */
| #define PACKAGE_NAME "vte"
| #define PACKAGE_TARNAME "vte"
| #define PACKAGE_VERSION "0.24.1"
| #define PACKAGE_STRING "vte 0.24.1"
| #define PACKAGE_BUGREPORT "http://bugzilla.gnome.org/enter_bug.cgi?product=vte"
| #define PACKAGE_URL ""
| #define PACKAGE "vte"
| #define VERSION "0.24.1"
| #define HAVE_SYS_TYPES_H 1
| #define HAVE_SYS_STAT_H 1
| #define HAVE_STDLIB_H 1
| #define HAVE_STRING_H 1
| #define HAVE_MEMORY_H 1
| #define HAVE_STRINGS_H 1
| #define HAVE_INTTYPES_H 1
| #define HAVE_STDINT_H 1
| #define HAVE_UNISTD_H 1
| #define HAVE_DLFCN_H 1
| #define LT_OBJDIR ".libs/"
| #define GETTEXT_PACKAGE "vte"
| #define HAVE_LOCALE_H 1
| #define HAVE_LC_MESSAGES 1
| #define HAVE_BIND_TEXTDOMAIN_CODESET 1
| #define HAVE_GETTEXT 1
| #define HAVE_DCGETTEXT 1
| #define ENABLE_NLS 1
| #define HAVE_DECL_BIND_TEXTDOMAIN_CODESET 1
| #define GDK_MULTIHEAD_SAFE 1
| #define VTE_DEFAULT_EMULATION "xterm"
| #define HAVE_SYS_SELECT_H 1
| #define HAVE_SYS_SYSLIMITS_H 1
| #define HAVE_SYS_TERMIOS_H 1
| #define HAVE_SYS_UN_H 1
| #define HAVE_SYS_WAIT_H 1
| #define HAVE_TERMIOS_H 1
| #define HAVE_WCHAR_H 1
| #define HAVE_CFMAKERAW 1
| #define HAVE_FORK 1
| #define HAVE_SETSID 1
| #define HAVE_SETPGID 1
| #define HAVE_GETPGID 1
| /* end confdefs.h.  */
| /* Define getpt to an innocuous variant, in case <limits.h> declares getpt.
|    For example, HP-UX 11i <limits.h> declares gettimeofday.  */
| #define getpt innocuous_getpt
| 
| /* System header to define __stub macros and hopefully few prototypes,
|     which can conflict with char getpt (); below.
|     Prefer <limits.h> to <assert.h> if __STDC__ is defined, since
|     <limits.h> exists even on freestanding compilers.  */
| 
| #ifdef __STDC__
| # include <limits.h>
| #else
| # include <assert.h>
| #endif
| 
| #undef getpt
| 
| /* Override any GCC internal prototype to avoid an error.
|    Use char because int might match the return type of a GCC
|    builtin and then its argument prototype would still apply.  */
| #ifdef __cplusplus
| extern "C"
| #endif
| char getpt ();
| /* The GNU C library defines this for functions which it implements
|     to always fail with ENOSYS.  Some functions are actually named
|     something starting with __ and the normal name is an alias.  */
| #if defined __stub_getpt || defined __stub___getpt
| choke me
| #endif
| 
| int
| main ()
| {
| return getpt ();
|   ;
|   return 0;
| }
configure:14105: result: no
configure:14105: checking for grantpt
configure:14105: /usr/bin/gcc -o conftest -g -O2  -Wall -Wextra -Wsign-compare -Werror-implicit-function-declaration -Wpointer-arith -Wwrite-strings -Wstrict-prototypes -Waggregate-return -Wcast-align -Wimplicit -Wmissing-prototypes -Wmissing-declarations -Wnested-externs -Wpacked -Wmissing-format-attribute -Wshadow -Wstrict-aliasing=2 -Winit-self -Wunsafe-loop-optimizations -Wdeclaration-after-statement -Wold-style-definition -Wno-missing-field-initializers -Wno-unused-parameter -fno-common -Wno-switch-enum   conftest.c  >&5
conftest.c:67: warning: function declaration isn't a prototype
conftest.c:77: warning: function declaration isn't a prototype
conftest.c: In function 'main':
conftest.c:77: warning: old-style function definition
configure:14105: $? = 0
configure:14105: result: yes
configure:14105: checking for unlockpt
configure:14105: /usr/bin/gcc -o conftest -g -O2  -Wall -Wextra -Wsign-compare -Werror-implicit-function-declaration -Wpointer-arith -Wwrite-strings -Wstrict-prototypes -Waggregate-return -Wcast-align -Wimplicit -Wmissing-prototypes -Wmissing-declarations -Wnested-externs -Wpacked -Wmissing-format-attribute -Wshadow -Wstrict-aliasing=2 -Winit-self -Wunsafe-loop-optimizations -Wdeclaration-after-statement -Wold-style-definition -Wno-missing-field-initializers -Wno-unused-parameter -fno-common -Wno-switch-enum   conftest.c  >&5
conftest.c:68: warning: function declaration isn't a prototype
conftest.c:78: warning: function declaration isn't a prototype
conftest.c: In function 'main':
conftest.c:78: warning: old-style function definition
configure:14105: $? = 0
configure:14105: result: yes
configure:14105: checking for ptsname
configure:14105: /usr/bin/gcc -o conftest -g -O2  -Wall -Wextra -Wsign-compare -Werror-implicit-function-declaration -Wpointer-arith -Wwrite-strings -Wstrict-prototypes -Waggregate-return -Wcast-align -Wimplicit -Wmissing-prototypes -Wmissing-declarations -Wnested-externs -Wpacked -Wmissing-format-attribute -Wshadow -Wstrict-aliasing=2 -Winit-self -Wunsafe-loop-optimizations -Wdeclaration-after-statement -Wold-style-definition -Wno-missing-field-initializers -Wno-unused-parameter -fno-common -Wno-switch-enum   conftest.c  >&5
conftest.c:69: warning: function declaration isn't a prototype
conftest.c:79: warning: function declaration isn't a prototype
conftest.c: In function 'main':
conftest.c:79: warning: old-style function definition
configure:14105: $? = 0
configure:14105: result: yes
configure:14105: checking for ptsname_r
configure:14105: /usr/bin/gcc -o conftest -g -O2  -Wall -Wextra -Wsign-compare -Werror-implicit-function-declaration -Wpointer-arith -Wwrite-strings -Wstrict-prototypes -Waggregate-return -Wcast-align -Wimplicit -Wmissing-prototypes -Wmissing-declarations -Wnested-externs -Wpacked -Wmissing-format-attribute -Wshadow -Wstrict-aliasing=2 -Winit-self -Wunsafe-loop-optimizations -Wdeclaration-after-statement -Wold-style-definition -Wno-missing-field-initializers -Wno-unused-parameter -fno-common -Wno-switch-enum   conftest.c  >&5
conftest.c:70: warning: function declaration isn't a prototype
conftest.c:80: warning: function declaration isn't a prototype
conftest.c: In function 'main':
conftest.c:80: warning: old-style function definition
Undefined symbols:
  "_ptsname_r", referenced from:
      _main in ccVQo0cH.o
ld: symbol(s) not found
collect2: ld returned 1 exit status
configure:14105: $? = 1
configure: failed program was:
| /* confdefs.h */
| #define PACKAGE_NAME "vte"
| #define PACKAGE_TARNAME "vte"
| #define PACKAGE_VERSION "0.24.1"
| #define PACKAGE_STRING "vte 0.24.1"
| #define PACKAGE_BUGREPORT "http://bugzilla.gnome.org/enter_bug.cgi?product=vte"
| #define PACKAGE_URL ""
| #define PACKAGE "vte"
| #define VERSION "0.24.1"
| #define HAVE_SYS_TYPES_H 1
| #define HAVE_SYS_STAT_H 1
| #define HAVE_STDLIB_H 1
| #define HAVE_STRING_H 1
| #define HAVE_MEMORY_H 1
| #define HAVE_STRINGS_H 1
| #define HAVE_INTTYPES_H 1
| #define HAVE_STDINT_H 1
| #define HAVE_UNISTD_H 1
| #define HAVE_DLFCN_H 1
| #define LT_OBJDIR ".libs/"
| #define GETTEXT_PACKAGE "vte"
| #define HAVE_LOCALE_H 1
| #define HAVE_LC_MESSAGES 1
| #define HAVE_BIND_TEXTDOMAIN_CODESET 1
| #define HAVE_GETTEXT 1
| #define HAVE_DCGETTEXT 1
| #define ENABLE_NLS 1
| #define HAVE_DECL_BIND_TEXTDOMAIN_CODESET 1
| #define GDK_MULTIHEAD_SAFE 1
| #define VTE_DEFAULT_EMULATION "xterm"
| #define HAVE_SYS_SELECT_H 1
| #define HAVE_SYS_SYSLIMITS_H 1
| #define HAVE_SYS_TERMIOS_H 1
| #define HAVE_SYS_UN_H 1
| #define HAVE_SYS_WAIT_H 1
| #define HAVE_TERMIOS_H 1
| #define HAVE_WCHAR_H 1
| #define HAVE_CFMAKERAW 1
| #define HAVE_FORK 1
| #define HAVE_SETSID 1
| #define HAVE_SETPGID 1
| #define HAVE_GETPGID 1
| #define HAVE_GRANTPT 1
| #define HAVE_UNLOCKPT 1
| #define HAVE_PTSNAME 1
| /* end confdefs.h.  */
| /* Define ptsname_r to an innocuous variant, in case <limits.h> declares ptsname_r.
|    For example, HP-UX 11i <limits.h> declares gettimeofday.  */
| #define ptsname_r innocuous_ptsname_r
| 
| /* System header to define __stub macros and hopefully few prototypes,
|     which can conflict with char ptsname_r (); below.
|     Prefer <limits.h> to <assert.h> if __STDC__ is defined, since
|     <limits.h> exists even on freestanding compilers.  */
| 
| #ifdef __STDC__
| # include <limits.h>
| #else
| # include <assert.h>
| #endif
| 
| #undef ptsname_r
| 
| /* Override any GCC internal prototype to avoid an error.
|    Use char because int might match the return type of a GCC
|    builtin and then its argument prototype would still apply.  */
| #ifdef __cplusplus
| extern "C"
| #endif
| char ptsname_r ();
| /* The GNU C library defines this for functions which it implements
|     to always fail with ENOSYS.  Some functions are actually named
|     something starting with __ and the normal name is an alias.  */
| #if defined __stub_ptsname_r || defined __stub___ptsname_r
| choke me
| #endif
| 
| int
| main ()
| {
| return ptsname_r ();
|   ;
|   return 0;
| }
configure:14105: result: no
configure:14105: checking for tcgetattr
configure:14105: /usr/bin/gcc -o conftest -g -O2  -Wall -Wextra -Wsign-compare -Werror-implicit-function-declaration -Wpointer-arith -Wwrite-strings -Wstrict-prototypes -Waggregate-return -Wcast-align -Wimplicit -Wmissing-prototypes -Wmissing-declarations -Wnested-externs -Wpacked -Wmissing-format-attribute -Wshadow -Wstrict-aliasing=2 -Winit-self -Wunsafe-loop-optimizations -Wdeclaration-after-statement -Wold-style-definition -Wno-missing-field-initializers -Wno-unused-parameter -fno-common -Wno-switch-enum   conftest.c  >&5
conftest.c:70: warning: function declaration isn't a prototype
conftest.c:80: warning: function declaration isn't a prototype
conftest.c: In function 'main':
conftest.c:80: warning: old-style function definition
configure:14105: $? = 0
configure:14105: result: yes
configure:14105: checking for tcsetattr
configure:14105: /usr/bin/gcc -o conftest -g -O2  -Wall -Wextra -Wsign-compare -Werror-implicit-function-declaration -Wpointer-arith -Wwrite-strings -Wstrict-prototypes -Waggregate-return -Wcast-align -Wimplicit -Wmissing-prototypes -Wmissing-declarations -Wnested-externs -Wpacked -Wmissing-format-attribute -Wshadow -Wstrict-aliasing=2 -Winit-self -Wunsafe-loop-optimizations -Wdeclaration-after-statement -Wold-style-definition -Wno-missing-field-initializers -Wno-unused-parameter -fno-common -Wno-switch-enum   conftest.c  >&5
conftest.c:71: warning: function declaration isn't a prototype
conftest.c:81: warning: function declaration isn't a prototype
conftest.c: In function 'main':
conftest.c:81: warning: old-style function definition
configure:14105: $? = 0
configure:14105: result: yes
configure:14118: checking for socket
configure:14118: /usr/bin/gcc -o conftest -g -O2  -Wall -Wextra -Wsign-compare -Werror-implicit-function-declaration -Wpointer-arith -Wwrite-strings -Wstrict-prototypes -Waggregate-return -Wcast-align -Wimplicit -Wmissing-prototypes -Wmissing-declarations -Wnested-externs -Wpacked -Wmissing-format-attribute -Wshadow -Wstrict-aliasing=2 -Winit-self -Wunsafe-loop-optimizations -Wdeclaration-after-statement -Wold-style-definition -Wno-missing-field-initializers -Wno-unused-parameter -fno-common -Wno-switch-enum   conftest.c  >&5
conftest.c:72: warning: function declaration isn't a prototype
conftest.c:82: warning: function declaration isn't a prototype
conftest.c: In function 'main':
conftest.c:82: warning: old-style function definition
configure:14118: $? = 0
configure:14118: result: yes
configure:14164: checking for socketpair
configure:14164: /usr/bin/gcc -o conftest -g -O2  -Wall -Wextra -Wsign-compare -Werror-implicit-function-declaration -Wpointer-arith -Wwrite-strings -Wstrict-prototypes -Waggregate-return -Wcast-align -Wimplicit -Wmissing-prototypes -Wmissing-declarations -Wnested-externs -Wpacked -Wmissing-format-attribute -Wshadow -Wstrict-aliasing=2 -Winit-self -Wunsafe-loop-optimizations -Wdeclaration-after-statement -Wold-style-definition -Wno-missing-field-initializers -Wno-unused-parameter -fno-common -Wno-switch-enum   conftest.c  >&5
conftest.c:72: warning: function declaration isn't a prototype
conftest.c:82: warning: function declaration isn't a prototype
conftest.c: In function 'main':
conftest.c:82: warning: old-style function definition
configure:14164: $? = 0
configure:14164: result: yes
configure:14210: checking for recvmsg
configure:14210: /usr/bin/gcc -o conftest -g -O2  -Wall -Wextra -Wsign-compare -Werror-implicit-function-declaration -Wpointer-arith -Wwrite-strings -Wstrict-prototypes -Waggregate-return -Wcast-align -Wimplicit -Wmissing-prototypes -Wmissing-declarations -Wnested-externs -Wpacked -Wmissing-format-attribute -Wshadow -Wstrict-aliasing=2 -Winit-self -Wunsafe-loop-optimizations -Wdeclaration-after-statement -Wold-style-definition -Wno-missing-field-initializers -Wno-unused-parameter -fno-common -Wno-switch-enum   conftest.c  >&5
conftest.c:72: warning: function declaration isn't a prototype
conftest.c:82: warning: function declaration isn't a prototype
conftest.c: In function 'main':
conftest.c:82: warning: old-style function definition
configure:14210: $? = 0
configure:14210: result: yes
configure:14271: checking for floor
configure:14271: /usr/bin/gcc -o conftest -g -O2  -Wall -Wextra -Wsign-compare -Werror-implicit-function-declaration -Wpointer-arith -Wwrite-strings -Wstrict-prototypes -Waggregate-return -Wcast-align -Wimplicit -Wmissing-prototypes -Wmissing-declarations -Wnested-externs -Wpacked -Wmissing-format-attribute -Wshadow -Wstrict-aliasing=2 -Winit-self -Wunsafe-loop-optimizations -Wdeclaration-after-statement -Wold-style-definition -Wno-missing-field-initializers -Wno-unused-parameter -fno-common -Wno-switch-enum   conftest.c  >&5
conftest.c:75: warning: function declaration isn't a prototype
conftest.c:75: warning: conflicting types for built-in function 'floor'
conftest.c:85: warning: function declaration isn't a prototype
conftest.c: In function 'main':
conftest.c:85: warning: old-style function definition
configure:14271: $? = 0
configure:14271: result: yes
configure:14320: checking for ceil
configure:14320: /usr/bin/gcc -o conftest -g -O2  -Wall -Wextra -Wsign-compare -Werror-implicit-function-declaration -Wpointer-arith -Wwrite-strings -Wstrict-prototypes -Waggregate-return -Wcast-align -Wimplicit -Wmissing-prototypes -Wmissing-declarations -Wnested-externs -Wpacked -Wmissing-format-attribute -Wshadow -Wstrict-aliasing=2 -Winit-self -Wunsafe-loop-optimizations -Wdeclaration-after-statement -Wold-style-definition -Wno-missing-field-initializers -Wno-unused-parameter -fno-common -Wno-switch-enum   conftest.c  >&5
conftest.c:75: warning: function declaration isn't a prototype
conftest.c:75: warning: conflicting types for built-in function 'ceil'
conftest.c:85: warning: function declaration isn't a prototype
conftest.c: In function 'main':
conftest.c:85: warning: old-style function definition
configure:14320: $? = 0
configure:14320: result: yes
configure:14320: checking for floor
configure:14320: result: yes
configure:14333: checking for tgetent
configure:14333: /usr/bin/gcc -o conftest -g -O2  -Wall -Wextra -Wsign-compare -Werror-implicit-function-declaration -Wpointer-arith -Wwrite-strings -Wstrict-prototypes -Waggregate-return -Wcast-align -Wimplicit -Wmissing-prototypes -Wmissing-declarations -Wnested-externs -Wpacked -Wmissing-format-attribute -Wshadow -Wstrict-aliasing=2 -Winit-self -Wunsafe-loop-optimizations -Wdeclaration-after-statement -Wold-style-definition -Wno-missing-field-initializers -Wno-unused-parameter -fno-common -Wno-switch-enum   conftest.c  >&5
conftest.c:77: warning: function declaration isn't a prototype
conftest.c:87: warning: function declaration isn't a prototype
conftest.c: In function 'main':
conftest.c:87: warning: old-style function definition
Undefined symbols:
  "_tgetent", referenced from:
      _main in cc1YwPKl.o
ld: symbol(s) not found
collect2: ld returned 1 exit status
configure:14333: $? = 1
configure: failed program was:
| /* confdefs.h */
| #define PACKAGE_NAME "vte"
| #define PACKAGE_TARNAME "vte"
| #define PACKAGE_VERSION "0.24.1"
| #define PACKAGE_STRING "vte 0.24.1"
| #define PACKAGE_BUGREPORT "http://bugzilla.gnome.org/enter_bug.cgi?product=vte"
| #define PACKAGE_URL ""
| #define PACKAGE "vte"
| #define VERSION "0.24.1"
| #define HAVE_SYS_TYPES_H 1
| #define HAVE_SYS_STAT_H 1
| #define HAVE_STDLIB_H 1
| #define HAVE_STRING_H 1
| #define HAVE_MEMORY_H 1
| #define HAVE_STRINGS_H 1
| #define HAVE_INTTYPES_H 1
| #define HAVE_STDINT_H 1
| #define HAVE_UNISTD_H 1
| #define HAVE_DLFCN_H 1
| #define LT_OBJDIR ".libs/"
| #define GETTEXT_PACKAGE "vte"
| #define HAVE_LOCALE_H 1
| #define HAVE_LC_MESSAGES 1
| #define HAVE_BIND_TEXTDOMAIN_CODESET 1
| #define HAVE_GETTEXT 1
| #define HAVE_DCGETTEXT 1
| #define ENABLE_NLS 1
| #define HAVE_DECL_BIND_TEXTDOMAIN_CODESET 1
| #define GDK_MULTIHEAD_SAFE 1
| #define VTE_DEFAULT_EMULATION "xterm"
| #define HAVE_SYS_SELECT_H 1
| #define HAVE_SYS_SYSLIMITS_H 1
| #define HAVE_SYS_TERMIOS_H 1
| #define HAVE_SYS_UN_H 1
| #define HAVE_SYS_WAIT_H 1
| #define HAVE_TERMIOS_H 1
| #define HAVE_WCHAR_H 1
| #define HAVE_CFMAKERAW 1
| #define HAVE_FORK 1
| #define HAVE_SETSID 1
| #define HAVE_SETPGID 1
| #define HAVE_GETPGID 1
| #define HAVE_GRANTPT 1
| #define HAVE_UNLOCKPT 1
| #define HAVE_PTSNAME 1
| #define HAVE_TCGETATTR 1
| #define HAVE_TCSETATTR 1
| #define HAVE_SOCKET 1
| #define HAVE_SOCKETPAIR 1
| #define HAVE_RECVMSG 1
| #define HAVE_CEIL 1
| #define HAVE_FLOOR 1
| /* end confdefs.h.  */
| /* Define tgetent to an innocuous variant, in case <limits.h> declares tgetent.
|    For example, HP-UX 11i <limits.h> declares gettimeofday.  */
| #define tgetent innocuous_tgetent
| 
| /* System header to define __stub macros and hopefully few prototypes,
|     which can conflict with char tgetent (); below.
|     Prefer <limits.h> to <assert.h> if __STDC__ is defined, since
|     <limits.h> exists even on freestanding compilers.  */
| 
| #ifdef __STDC__
| # include <limits.h>
| #else
| # include <assert.h>
| #endif
| 
| #undef tgetent
| 
| /* Override any GCC internal prototype to avoid an error.
|    Use char because int might match the return type of a GCC
|    builtin and then its argument prototype would still apply.  */
| #ifdef __cplusplus
| extern "C"
| #endif
| char tgetent ();
| /* The GNU C library defines this for functions which it implements
|     to always fail with ENOSYS.  Some functions are actually named
|     something starting with __ and the normal name is an alias.  */
| #if defined __stub_tgetent || defined __stub___tgetent
| choke me
| #endif
| 
| int
| main ()
| {
| return tgetent ();
|   ;
|   return 0;
| }
configure:14333: result: no
configure:14337: checking for tgetent in -lncurses
configure:14362: /usr/bin/gcc -o conftest -g -O2  -Wall -Wextra -Wsign-compare -Werror-implicit-function-declaration -Wpointer-arith -Wwrite-strings -Wstrict-prototypes -Waggregate-return -Wcast-align -Wimplicit -Wmissing-prototypes -Wmissing-declarations -Wnested-externs -Wpacked -Wmissing-format-attribute -Wshadow -Wstrict-aliasing=2 -Winit-self -Wunsafe-loop-optimizations -Wdeclaration-after-statement -Wold-style-definition -Wno-missing-field-initializers -Wno-unused-parameter -fno-common -Wno-switch-enum   conftest.c -lncurses   >&5
conftest.c:61: warning: function declaration isn't a prototype
conftest.c:64: warning: function declaration isn't a prototype
conftest.c: In function 'main':
conftest.c:64: warning: old-style function definition
configure:14362: $? = 0
configure:14371: result: yes
configure:14512: checking ncurses.h usability
configure:14512: /usr/bin/gcc -c -g -O2  -Wall -Wextra -Wsign-compare -Werror-implicit-function-declaration -Wpointer-arith -Wwrite-strings -Wstrict-prototypes -Waggregate-return -Wcast-align -Wimplicit -Wmissing-prototypes -Wmissing-declarations -Wnested-externs -Wpacked -Wmissing-format-attribute -Wshadow -Wstrict-aliasing=2 -Winit-self -Wunsafe-loop-optimizations -Wdeclaration-after-statement -Wold-style-definition -Wno-missing-field-initializers -Wno-unused-parameter -fno-common -Wno-switch-enum  conftest.c >&5
configure:14512: $? = 0
configure:14512: result: yes
configure:14512: checking ncurses.h presence
configure:14512: /usr/bin/gcc -E  conftest.c
configure:14512: $? = 0
configure:14512: result: yes
configure:14512: checking for ncurses.h
configure:14512: result: yes
configure:14512: checking term.h usability
configure:14512: /usr/bin/gcc -c -g -O2  -Wall -Wextra -Wsign-compare -Werror-implicit-function-declaration -Wpointer-arith -Wwrite-strings -Wstrict-prototypes -Waggregate-return -Wcast-align -Wimplicit -Wmissing-prototypes -Wmissing-declarations -Wnested-externs -Wpacked -Wmissing-format-attribute -Wshadow -Wstrict-aliasing=2 -Winit-self -Wunsafe-loop-optimizations -Wdeclaration-after-statement -Wold-style-definition -Wno-missing-field-initializers -Wno-unused-parameter -fno-common -Wno-switch-enum  conftest.c >&5
configure:14512: $? = 0
configure:14512: result: yes
configure:14512: checking term.h presence
configure:14512: /usr/bin/gcc -E  conftest.c
configure:14512: $? = 0
configure:14512: result: yes
configure:14512: checking for term.h
configure:14512: result: yes
configure:14621: checking for GDK target
configure:14624: result: x11
configure:14634: checking for VTE
configure:14642: $PKG_CONFIG --exists --print-errors "$VTE_PKGS"
configure:14645: $? = 0
configure:14660: $PKG_CONFIG --exists --print-errors "$VTE_PKGS"
configure:14663: $? = 0
configure:14718: result: yes
configure:14740: checking for wint_t
configure:14740: /usr/bin/gcc -c -g -O2  -Wall -Wextra -Wsign-compare -Werror-implicit-function-declaration -Wpointer-arith -Wwrite-strings -Wstrict-prototypes -Waggregate-return -Wcast-align -Wimplicit -Wmissing-prototypes -Wmissing-declarations -Wnested-externs -Wpacked -Wmissing-format-attribute -Wshadow -Wstrict-aliasing=2 -Winit-self -Wunsafe-loop-optimizations -Wdeclaration-after-statement -Wold-style-definition -Wno-missing-field-initializers -Wno-unused-parameter -fno-common -Wno-switch-enum  conftest.c >&5
conftest.c:74: warning: function declaration isn't a prototype
conftest.c: In function 'main':
conftest.c:74: warning: old-style function definition
configure:14740: $? = 0
configure:14740: /usr/bin/gcc -c -g -O2  -Wall -Wextra -Wsign-compare -Werror-implicit-function-declaration -Wpointer-arith -Wwrite-strings -Wstrict-prototypes -Waggregate-return -Wcast-align -Wimplicit -Wmissing-prototypes -Wmissing-declarations -Wnested-externs -Wpacked -Wmissing-format-attribute -Wshadow -Wstrict-aliasing=2 -Winit-self -Wunsafe-loop-optimizations -Wdeclaration-after-statement -Wold-style-definition -Wno-missing-field-initializers -Wno-unused-parameter -fno-common -Wno-switch-enum  conftest.c >&5
conftest.c:74: warning: function declaration isn't a prototype
conftest.c: In function 'main':
conftest.c:74: warning: old-style function definition
conftest.c:75: error: expected expression before ')' token
configure:14740: $? = 1
configure: failed program was:
| /* confdefs.h */
| #define PACKAGE_NAME "vte"
| #define PACKAGE_TARNAME "vte"
| #define PACKAGE_VERSION "0.24.1"
| #define PACKAGE_STRING "vte 0.24.1"
| #define PACKAGE_BUGREPORT "http://bugzilla.gnome.org/enter_bug.cgi?product=vte"
| #define PACKAGE_URL ""
| #define PACKAGE "vte"
| #define VERSION "0.24.1"
| #define HAVE_SYS_TYPES_H 1
| #define HAVE_SYS_STAT_H 1
| #define HAVE_STDLIB_H 1
| #define HAVE_STRING_H 1
| #define HAVE_MEMORY_H 1
| #define HAVE_STRINGS_H 1
| #define HAVE_INTTYPES_H 1
| #define HAVE_STDINT_H 1
| #define HAVE_UNISTD_H 1
| #define HAVE_DLFCN_H 1
| #define LT_OBJDIR ".libs/"
| #define GETTEXT_PACKAGE "vte"
| #define HAVE_LOCALE_H 1
| #define HAVE_LC_MESSAGES 1
| #define HAVE_BIND_TEXTDOMAIN_CODESET 1
| #define HAVE_GETTEXT 1
| #define HAVE_DCGETTEXT 1
| #define ENABLE_NLS 1
| #define HAVE_DECL_BIND_TEXTDOMAIN_CODESET 1
| #define GDK_MULTIHEAD_SAFE 1
| #define VTE_DEFAULT_EMULATION "xterm"
| #define HAVE_SYS_SELECT_H 1
| #define HAVE_SYS_SYSLIMITS_H 1
| #define HAVE_SYS_TERMIOS_H 1
| #define HAVE_SYS_UN_H 1
| #define HAVE_SYS_WAIT_H 1
| #define HAVE_TERMIOS_H 1
| #define HAVE_WCHAR_H 1
| #define HAVE_CFMAKERAW 1
| #define HAVE_FORK 1
| #define HAVE_SETSID 1
| #define HAVE_SETPGID 1
| #define HAVE_GETPGID 1
| #define HAVE_GRANTPT 1
| #define HAVE_UNLOCKPT 1
| #define HAVE_PTSNAME 1
| #define HAVE_TCGETATTR 1
| #define HAVE_TCSETATTR 1
| #define HAVE_SOCKET 1
| #define HAVE_SOCKETPAIR 1
| #define HAVE_RECVMSG 1
| #define HAVE_CEIL 1
| #define HAVE_FLOOR 1
| #define HAVE_NCURSES_H 1
| #define HAVE_TERM_H 1
| /* end confdefs.h.  */
| 
| #ifdef HAVE_STRING_H
| # if !STDC_HEADERS && HAVE_MEMORY_H
| #  include <memory.h>
| # endif
| # include <string.h>
| #else
| # ifdef HAVE_STRINGS_H
| #  include <strings.h>
| # endif
| #endif
| #ifdef HAVE_WCHAR_H
| # include <wchar.h>
| #endif
| 
| 
| int
| main ()
| {
| if (sizeof ((wint_t)))
| 	    return 0;
|   ;
|   return 0;
| }
configure:14740: result: yes
configure:14785: checking for python
configure:14803: found /usr/bin/python
configure:14815: result: /usr/bin/python
configure:14836: checking for python version
configure:14843: result: 2.5
configure:14855: checking for python platform
configure:14862: result: darwin
configure:14869: checking for python script directory
configure:14890: result: ${prefix}/lib/python2.5/site-packages
configure:14899: checking for python extension module directory
configure:14920: result: ${exec_prefix}/lib/python2.5/site-packages
configure:14939: checking for python >= 2.2
configure:14950: result: okay
configure:14961: checking for headers required to compile python extensions
configure:14982: /usr/bin/gcc -E  -I/usr/include/python2.5 -I/usr/include/python2.5 conftest.c
conftest.c:56:1: warning: "HAVE_WINT_T" redefined
conftest.c:55:1: warning: this is the location of the previous definition
configure:14982: $? = 0
configure:14983: result: found
configure:14997: checking for pygtk-2.0
configure:15145: result: not found
configure:15152: result: Python bindings disabled.
configure:15194: checking for glib-genmarshal
configure:15212: found /usr/local/bin/glib-genmarshal
configure:15224: result: /usr/local/bin/glib-genmarshal
configure:15234: checking for glib-mkenums
configure:15252: found /usr/local/bin/glib-mkenums
configure:15264: result: /usr/local/bin/glib-mkenums
configure:15277: checking whether to install the glade catalogue
configure:15286: result: no
configure:15318: checking for gtkdoc-check
configure:15351: result: no
configure:15360: checking for gtkdoc-rebase
configure:15393: result: no
configure:15404: checking for gtkdoc-mkpdf
configure:15437: result: no
configure:15475: checking whether to build gtk-doc documentation
configure:15477: result: no
configure:15740: creating ./config.status

## ---------------------- ##
## Running config.status. ##
## ---------------------- ##

This file was extended by vte config.status 0.24.1, which was
generated by GNU Autoconf 2.64.  Invocation command line was

  CONFIG_FILES    = 
  CONFIG_HEADERS  = 
  CONFIG_LINKS    = 
  CONFIG_COMMANDS = 
  $ ./config.status 

on Chriss-iPad

config.status:1252: creating Makefile
config.status:1252: creating src/Makefile
config.status:1252: creating src/vteversion.h
config.status:1252: creating termcaps/Makefile
config.status:1252: creating perf/Makefile
config.status:1252: creating python/Makefile
config.status:1252: creating python/pyvte.pc
config.status:1252: creating po/Makefile.in
config.status:1252: creating doc/Makefile
config.status:1252: creating doc/openi18n/Makefile
config.status:1252: creating doc/reference/Makefile
config.status:1252: creating doc/reference/version.xml
config.status:1252: creating glade/Makefile
config.status:1252: creating vte.pc
config.status:1252: creating vte-uninstalled.pc
config.status:1252: creating config.h
config.status:1424: config.h is unchanged
config.status:1472: executing depfiles commands
config.status:1472: executing libtool commands
config.status:1472: executing default-1 commands
config.status:1472: executing po/stamp-it commands
configure:18040: === configuring in gnome-pty-helper (/home/chris/installed/vte-0.24.1/gnome-pty-helper)
configure:18103: running /bin/sh ./configure --disable-option-checking '--prefix=/usr/local'  'CC=/usr/bin/gcc' --cache-file=/dev/null --srcdir=.

## -------------- ##
## Configuration. ##
## -------------- ##

Configuration for libvte 0.24.1
	Installing Glade catalogue: no
	Debugging: no
	Disallow deprecated features: 

## ---------------- ##
## Cache variables. ##
## ---------------- ##

ac_cv_build=arm-apple-darwin11.0.0
ac_cv_c_compiler_gnu=yes
ac_cv_env_CC_set=set
ac_cv_env_CC_value=/usr/bin/gcc
ac_cv_env_CFLAGS_set=
ac_cv_env_CFLAGS_value=
ac_cv_env_CPPFLAGS_set=
ac_cv_env_CPPFLAGS_value=
ac_cv_env_CPP_set=
ac_cv_env_CPP_value=
ac_cv_env_GLIB_CFLAGS_set=
ac_cv_env_GLIB_CFLAGS_value=
ac_cv_env_GLIB_LIBS_set=
ac_cv_env_GLIB_LIBS_value=
ac_cv_env_GTK_CFLAGS_set=
ac_cv_env_GTK_CFLAGS_value=
ac_cv_env_GTK_LIBS_set=
ac_cv_env_GTK_LIBS_value=
ac_cv_env_LDFLAGS_set=
ac_cv_env_LDFLAGS_value=
ac_cv_env_LIBS_set=
ac_cv_env_LIBS_value=
ac_cv_env_PKG_CONFIG_set=
ac_cv_env_PKG_CONFIG_value=
ac_cv_env_PYGTK_CFLAGS_set=
ac_cv_env_PYGTK_CFLAGS_value=
ac_cv_env_PYGTK_LIBS_set=
ac_cv_env_PYGTK_LIBS_value=
ac_cv_env_VTE_CFLAGS_set=
ac_cv_env_VTE_CFLAGS_value=
ac_cv_env_VTE_LIBS_set=
ac_cv_env_VTE_LIBS_value=
ac_cv_env_build_alias_set=
ac_cv_env_build_alias_value=
ac_cv_env_host_alias_set=
ac_cv_env_host_alias_value=
ac_cv_env_target_alias_set=
ac_cv_env_target_alias_value=
ac_cv_func_bind_textdomain_codeset=yes
ac_cv_func_ceil=yes
ac_cv_func_cfmakeraw=yes
ac_cv_func_dcgettext=yes
ac_cv_func_floor=yes
ac_cv_func_fork=yes
ac_cv_func_getpgid=yes
ac_cv_func_getpt=no
ac_cv_func_grantpt=yes
ac_cv_func_ptsname=yes
ac_cv_func_ptsname_r=no
ac_cv_func_recvmsg=yes
ac_cv_func_setpgid=yes
ac_cv_func_setsid=yes
ac_cv_func_socket=yes
ac_cv_func_socketpair=yes
ac_cv_func_tcgetattr=yes
ac_cv_func_tcsetattr=yes
ac_cv_func_tgetent=no
ac_cv_func_unlockpt=yes
ac_cv_have_decl_bind_textdomain_codeset=yes
ac_cv_header_dlfcn_h=yes
ac_cv_header_inttypes_h=yes
ac_cv_header_libintl_h=yes
ac_cv_header_locale_h=yes
ac_cv_header_memory_h=yes
ac_cv_header_ncurses_h=yes
ac_cv_header_stdc=no
ac_cv_header_stdint_h=yes
ac_cv_header_stdlib_h=yes
ac_cv_header_string_h=yes
ac_cv_header_strings_h=yes
ac_cv_header_stropts_h=no
ac_cv_header_sys_select_h=yes
ac_cv_header_sys_stat_h=yes
ac_cv_header_sys_syslimits_h=yes
ac_cv_header_sys_termios_h=yes
ac_cv_header_sys_types_h=yes
ac_cv_header_sys_un_h=yes
ac_cv_header_sys_wait_h=yes
ac_cv_header_term_h=yes
ac_cv_header_termios_h=yes
ac_cv_header_unistd_h=yes
ac_cv_header_wchar_h=yes
ac_cv_host=arm-apple-darwin11.0.0
ac_cv_lib_intl_bindtextdomain=yes
ac_cv_lib_intl_dgettext=yes
ac_cv_lib_intl_ngettext=yes
ac_cv_lib_ncurses_tgetent=yes
ac_cv_objext=o
ac_cv_path_EGREP='/bin/grep -E'
ac_cv_path_FGREP='/bin/grep -F'
ac_cv_path_GLIB_GENMARSHAL=/usr/local/bin/glib-genmarshal
ac_cv_path_GLIB_MKENUMS=/usr/local/bin/glib-mkenums
ac_cv_path_GMSGFMT=/usr/local/bin/msgfmt
ac_cv_path_GREP=/bin/grep
ac_cv_path_INTLTOOL_EXTRACT=/usr/local/bin/intltool-extract
ac_cv_path_INTLTOOL_MERGE=/usr/local/bin/intltool-merge
ac_cv_path_INTLTOOL_PERL=/usr/local/bin/perl
ac_cv_path_INTLTOOL_UPDATE=/usr/local/bin/intltool-update
ac_cv_path_MSGFMT=/usr/local/bin/msgfmt
ac_cv_path_MSGMERGE=/usr/local/bin/msgmerge
ac_cv_path_PYTHON=/usr/bin/python
ac_cv_path_SED=/bin/sed
ac_cv_path_XGETTEXT=/usr/local/bin/xgettext
ac_cv_path_ac_pt_PKG_CONFIG=/usr/local/bin/pkg-config
ac_cv_path_install='/usr/bin/install -c'
ac_cv_path_mkdir=/bin/mkdir
ac_cv_prog_AWK=gawk
ac_cv_prog_CPP='/usr/bin/gcc -E'
ac_cv_prog_ac_ct_AR=ar
ac_cv_prog_ac_ct_CC=/usr/bin/gcc
ac_cv_prog_ac_ct_LIPO=lipo
ac_cv_prog_ac_ct_NMEDIT=nmedit
ac_cv_prog_ac_ct_OTOOL64=otool64
ac_cv_prog_ac_ct_OTOOL=otool
ac_cv_prog_ac_ct_RANLIB=ranlib
ac_cv_prog_ac_ct_STRIP=strip
ac_cv_prog_cc__usr_bin_gcc_c_o=yes
ac_cv_prog_cc_c89=
ac_cv_prog_cc_g=yes
ac_cv_prog_make_make_set=yes
ac_cv_search_strerror='none required'
ac_cv_sys_tiocgwinsz_in_termios_h=yes
ac_cv_type_wint_t=yes
am_cv_CC_dependencies_compiler_type=gcc3
am_cv_prog_cc_stdc=
am_cv_python_platform=darwin
am_cv_python_pyexecdir='${exec_prefix}/lib/python2.5/site-packages'
am_cv_python_pythondir='${prefix}/lib/python2.5/site-packages'
am_cv_python_version=2.5
am_cv_val_LC_MESSAGES=yes
gt_cv_func_dgettext_libc=no
gt_cv_func_dgettext_libintl=yes
gt_cv_func_ngettext_libc=no
gt_cv_have_gettext=yes
lt_cv_apple_cc_single_mod=yes
lt_cv_deplibs_check_method=pass_all
lt_cv_file_magic_cmd='$MAGIC_CMD'
lt_cv_file_magic_test_file=
lt_cv_ld_exported_symbols_list=yes
lt_cv_ld_reload_flag=-r
lt_cv_nm_interface='BSD nm'
lt_cv_objdir=.libs
lt_cv_path_LD=/usr/bin/ld
lt_cv_path_NM='/usr/bin/nm -p'
lt_cv_prog_compiler_c_o=yes
lt_cv_prog_compiler_pic_works=yes
lt_cv_prog_compiler_rtti_exceptions=no
lt_cv_prog_compiler_static_works=no
lt_cv_prog_gnu_ld=no
lt_cv_sys_global_symbol_pipe='sed -n -e '\''s/^.*[	 ]\([BCDEGRST][BCDEGRST]*\)[	 ][	 ]*_\([_A-Za-z][_A-Za-z0-9]*\)$/\1 _\2 \2/p'\'''
lt_cv_sys_global_symbol_to_c_name_address='sed -n -e '\''s/^: \([^ ]*\) $/  {\"\1\", (void *) 0},/p'\'' -e '\''s/^[BCDEGRST]* \([^ ]*\) \([^ ]*\)$/  {"\2", (void *) \&\2},/p'\'''
lt_cv_sys_global_symbol_to_c_name_address_lib_prefix='sed -n -e '\''s/^: \([^ ]*\) $/  {\"\1\", (void *) 0},/p'\'' -e '\''s/^[BCDEGRST]* \([^ ]*\) \(lib[^ ]*\)$/  {"\2", (void *) \&\2},/p'\'' -e '\''s/^[BCDEGRST]* \([^ ]*\) \([^ ]*\)$/  {"lib\2", (void *) \&\2},/p'\'''
lt_cv_sys_global_symbol_to_cdecl='sed -n -e '\''s/^T .* \(.*\)$/extern int \1();/p'\'' -e '\''s/^[BCDEGRST]* .* \(.*\)$/extern char \1;/p'\'''
lt_cv_sys_max_cmd_len=196608
pkg_cv_GLIB_CFLAGS='-D_REENTRANT -I/usr/local/include/glib-2.0 -I/usr/local/lib/glib-2.0/include  '
pkg_cv_GLIB_LIBS='-L/usr/local/lib -lgobject-2.0 -lgthread-2.0 -lglib-2.0 -lintl  '
pkg_cv_GTK_CFLAGS='-D_REENTRANT -I/usr/local/include/glib-2.0 -I/usr/local/lib/glib-2.0/include -I/usr/local/include/gtk-2.0 -I/usr/local/lib/gtk-2.0/include -I/usr/local/include/atk-1.0 -I/usr/local/include/cairo -I/usr/local/include/gdk-pixbuf-2.0 -I/usr/local/include/pango-1.0 -I/usr/local/include/pixman-1 -I/usr/local/include/freetype2 -I/usr/local/include/libpng14  '
pkg_cv_GTK_LIBS='-L/usr/local/lib -lgtk-x11-2.0 -lgdk-x11-2.0 -latk-1.0 -lgio-2.0 -lpangoft2-1.0 -lpangocairo-1.0 -lgdk_pixbuf-2.0 -lcairo -lpango-1.0 -lfreetype -lfontconfig -lgobject-2.0 -lgmodule-2.0 -lgthread-2.0 -lglib-2.0 -lintl  '
pkg_cv_VTE_CFLAGS='-D_REENTRANT -I/usr/local/include/glib-2.0 -I/usr/local/lib/glib-2.0/include -I/usr/local/include/pango-1.0 -I/usr/local/include/gtk-2.0 -I/usr/local/lib/gtk-2.0/include -I/usr/local/include/atk-1.0 -I/usr/local/include/cairo -I/usr/local/include/gdk-pixbuf-2.0 -I/usr/local/include/pixman-1 -I/usr/local/include/freetype2 -I/usr/local/include/libpng14 -I/usr/local/include/gio-unix-2.0/  '
pkg_cv_VTE_LIBS='-L/usr/local/lib -lgtk-x11-2.0 -lgdk-x11-2.0 -latk-1.0 -lpangoft2-1.0 -lpangocairo-1.0 -lgdk_pixbuf-2.0 -lpango-1.0 -lfreetype -lfontconfig -lgio-2.0 -lgobject-2.0 -lgmodule-2.0 -lgthread-2.0 -lglib-2.0 -lintl -lcairo -lX11  '
vte_cv_termcap_lib=libncurses
vte_cv_warn_cflags=' -Wall -Wextra -Wsign-compare -Werror-implicit-function-declaration -Wpointer-arith -Wwrite-strings -Wstrict-prototypes -Waggregate-return -Wcast-align -Wimplicit -Wmissing-prototypes -Wmissing-declarations -Wnested-externs -Wpacked -Wmissing-format-attribute -Wshadow -Wstrict-aliasing=2 -Winit-self -Wunsafe-loop-optimizations -Wdeclaration-after-statement -Wold-style-definition -Wno-missing-field-initializers -Wno-unused-parameter -fno-common -Wno-switch-enum'
vte_cv_warn_maybe='-Wall -Wextra -Wsign-compare -Werror-implicit-function-declaration -Wpointer-arith -Wwrite-strings -Wstrict-prototypes -Waggregate-return -Wcast-align -Wimplicit -Wuninitialised -Wmissing-prototypes -Wmissing-declarations -Wnested-externs -Wpacked -Wmissing-format-attribute -Wshadow -Wstrict-aliasing=2 -Winit-self -Wunsafe-loop-optimizations -Wdeclaration-after-statement -Wold-style-definition -Wno-missing-field-initializers -Wno-unused-parameter -fno-common -Wno-switch-enum'

## ----------------- ##
## Output variables. ##
## ----------------- ##

ACLOCAL='${SHELL} /home/chris/installed/vte-0.24.1/missing --run aclocal-1.11'
ACLOCAL_AMFLAGS='${ACLOCAL_FLAGS}'
ALL_LINGUAS=''
AMDEPBACKSLASH='\'
AMDEP_FALSE='#'
AMDEP_TRUE=''
AMTAR='${SHELL} /home/chris/installed/vte-0.24.1/missing --run tar'
AM_BACKSLASH='\'
AM_DEFAULT_VERBOSITY='0'
AR='ar'
AUTOCONF='${SHELL} /home/chris/installed/vte-0.24.1/missing --run autoconf'
AUTOHEADER='${SHELL} /home/chris/installed/vte-0.24.1/missing --run autoheader'
AUTOMAKE='${SHELL} /home/chris/installed/vte-0.24.1/missing --run automake-1.11'
AWK='gawk'
BUILD_GNOME_PTY_HELPER_FALSE='#'
BUILD_GNOME_PTY_HELPER_TRUE=''
BUILD_PYTHON_MODULES_FALSE=''
BUILD_PYTHON_MODULES_TRUE='#'
CATALOGS=''
CATOBJEXT='.gmo'
CC='/usr/bin/gcc'
CCDEPMODE='depmode=gcc3'
CFLAGS='-g -O2  -Wall -Wextra -Wsign-compare -Werror-implicit-function-declaration -Wpointer-arith -Wwrite-strings -Wstrict-prototypes -Waggregate-return -Wcast-align -Wimplicit -Wmissing-prototypes -Wmissing-declarations -Wnested-externs -Wpacked -Wmissing-format-attribute -Wshadow -Wstrict-aliasing=2 -Winit-self -Wunsafe-loop-optimizations -Wdeclaration-after-statement -Wold-style-definition -Wno-missing-field-initializers -Wno-unused-parameter -fno-common -Wno-switch-enum'
CPP='/usr/bin/gcc -E'
CPPFLAGS=''
CYGPATH_W='echo'
DATADIRNAME='share'
DEFS='-DHAVE_CONFIG_H'
DEPDIR='.deps'
DSYMUTIL=':'
DUMPBIN=''
ECHO_C=''
ECHO_N='-n'
ECHO_T=''
EGREP='/bin/grep -E'
ENABLE_GLADE_CATALOGUE_FALSE=''
ENABLE_GLADE_CATALOGUE_TRUE='#'
ENABLE_GTK_DOC_FALSE=''
ENABLE_GTK_DOC_TRUE='#'
EXEEXT=''
FGREP='/bin/grep -F'
GETTEXT_PACKAGE='vte'
GLADE_CATALOGUE_DIR=''
GLADE_ICON_DIR=''
GLADE_MODULE_DIR=''
GLIB_CFLAGS='-D_REENTRANT -I/usr/local/include/glib-2.0 -I/usr/local/lib/glib-2.0/include  '
GLIB_GENMARSHAL='/usr/local/bin/glib-genmarshal'
GLIB_LIBS='-L/usr/local/lib -lgobject-2.0 -lgthread-2.0 -lglib-2.0 -lintl  '
GLIB_MKENUMS='/usr/local/bin/glib-mkenums'
GLIB_PREFIX='/usr/local'
GMOFILES=''
GMSGFMT='/usr/local/bin/msgfmt'
GREP='/bin/grep'
GTKDOC_CHECK=''
GTKDOC_MKPDF=''
GTKDOC_REBASE='true'
GTK_CFLAGS='-D_REENTRANT -I/usr/local/include/glib-2.0 -I/usr/local/lib/glib-2.0/include -I/usr/local/include/gtk-2.0 -I/usr/local/lib/gtk-2.0/include -I/usr/local/include/atk-1.0 -I/usr/local/include/cairo -I/usr/local/include/gdk-pixbuf-2.0 -I/usr/local/include/pango-1.0 -I/usr/local/include/pixman-1 -I/usr/local/include/freetype2 -I/usr/local/include/libpng14  '
GTK_DOC_BUILD_HTML_FALSE='#'
GTK_DOC_BUILD_HTML_TRUE=''
GTK_DOC_BUILD_PDF_FALSE=''
GTK_DOC_BUILD_PDF_TRUE='#'
GTK_DOC_USE_LIBTOOL_FALSE='#'
GTK_DOC_USE_LIBTOOL_TRUE=''
GTK_DOC_USE_REBASE_FALSE='#'
GTK_DOC_USE_REBASE_TRUE=''
GTK_LIBS='-L/usr/local/lib -lgtk-x11-2.0 -lgdk-x11-2.0 -latk-1.0 -lgio-2.0 -lpangoft2-1.0 -lpangocairo-1.0 -lgdk_pixbuf-2.0 -lcairo -lpango-1.0 -lfreetype -lfontconfig -lgobject-2.0 -lgmodule-2.0 -lgthread-2.0 -lglib-2.0 -lintl  '
GTK_PREFIX='/usr/local'
HTML_DIR='${datadir}/gtk-doc/html'
INSTALL_DATA='${INSTALL} -m 644'
INSTALL_PROGRAM='${INSTALL}'
INSTALL_SCRIPT='${INSTALL}'
INSTALL_STRIP_PROGRAM='$(install_sh) -c -s'
INSTOBJEXT='.mo'
INTLLIBS='-lintl '
INTLTOOL_CAVES_RULE='%.caves:     %.caves.in     $(INTLTOOL_MERGE) $(wildcard $(top_srcdir)/po/*.po) ; LC_ALL=C $(INTLTOOL_MERGE) -d -u -c $(top_builddir)/po/.intltool-merge-cache $(top_srcdir)/po $< $@'
INTLTOOL_DESKTOP_RULE='%.desktop:   %.desktop.in   $(INTLTOOL_MERGE) $(wildcard $(top_srcdir)/po/*.po) ; LC_ALL=C $(INTLTOOL_MERGE) -d -u -c $(top_builddir)/po/.intltool-merge-cache $(top_srcdir)/po $< $@'
INTLTOOL_DIRECTORY_RULE='%.directory: %.directory.in $(INTLTOOL_MERGE) $(wildcard $(top_srcdir)/po/*.po) ; LC_ALL=C $(INTLTOOL_MERGE) -d -u -c $(top_builddir)/po/.intltool-merge-cache $(top_srcdir)/po $< $@'
INTLTOOL_EXTRACT='/usr/local/bin/intltool-extract'
INTLTOOL_KBD_RULE='%.kbd:       %.kbd.in       $(INTLTOOL_MERGE) $(wildcard $(top_srcdir)/po/*.po) ; LC_ALL=C $(INTLTOOL_MERGE) -x -u -m -c $(top_builddir)/po/.intltool-merge-cache $(top_srcdir)/po $< $@'
INTLTOOL_KEYS_RULE='%.keys:      %.keys.in      $(INTLTOOL_MERGE) $(wildcard $(top_srcdir)/po/*.po) ; LC_ALL=C $(INTLTOOL_MERGE) -k -u -c $(top_builddir)/po/.intltool-merge-cache $(top_srcdir)/po $< $@'
INTLTOOL_MERGE='/usr/local/bin/intltool-merge'
INTLTOOL_OAF_RULE='%.oaf:       %.oaf.in       $(INTLTOOL_MERGE) $(wildcard $(top_srcdir)/po/*.po) ; LC_ALL=C $(INTLTOOL_MERGE) -o -p $(top_srcdir)/po $< $@'
INTLTOOL_PERL='/usr/local/bin/perl'
INTLTOOL_POLICY_RULE='%.policy:    %.policy.in    $(INTLTOOL_MERGE) $(wildcard $(top_srcdir)/po/*.po) ; LC_ALL=C $(INTLTOOL_MERGE) -x -u -c $(top_builddir)/po/.intltool-merge-cache $(top_srcdir)/po $< $@'
INTLTOOL_PONG_RULE='%.pong:      %.pong.in      $(INTLTOOL_MERGE) $(wildcard $(top_srcdir)/po/*.po) ; LC_ALL=C $(INTLTOOL_MERGE) -x -u -c $(top_builddir)/po/.intltool-merge-cache $(top_srcdir)/po $< $@'
INTLTOOL_PROP_RULE='%.prop:      %.prop.in      $(INTLTOOL_MERGE) $(wildcard $(top_srcdir)/po/*.po) ; LC_ALL=C $(INTLTOOL_MERGE) -d -u -c $(top_builddir)/po/.intltool-merge-cache $(top_srcdir)/po $< $@'
INTLTOOL_SCHEMAS_RULE='%.schemas:   %.schemas.in   $(INTLTOOL_MERGE) $(wildcard $(top_srcdir)/po/*.po) ; LC_ALL=C $(INTLTOOL_MERGE) -s -u -c $(top_builddir)/po/.intltool-merge-cache $(top_srcdir)/po $< $@'
INTLTOOL_SERVER_RULE='%.server:    %.server.in    $(INTLTOOL_MERGE) $(wildcard $(top_srcdir)/po/*.po) ; LC_ALL=C $(INTLTOOL_MERGE) -o -u -c $(top_builddir)/po/.intltool-merge-cache $(top_srcdir)/po $< $@'
INTLTOOL_SERVICE_RULE='%.service: %.service.in   $(INTLTOOL_MERGE) $(wildcard $(top_srcdir)/po/*.po) ; LC_ALL=C $(INTLTOOL_MERGE) -d -u -c $(top_builddir)/po/.intltool-merge-cache $(top_srcdir)/po $< $@'
INTLTOOL_SHEET_RULE='%.sheet:     %.sheet.in     $(INTLTOOL_MERGE) $(wildcard $(top_srcdir)/po/*.po) ; LC_ALL=C $(INTLTOOL_MERGE) -x -u -c $(top_builddir)/po/.intltool-merge-cache $(top_srcdir)/po $< $@'
INTLTOOL_SOUNDLIST_RULE='%.soundlist: %.soundlist.in $(INTLTOOL_MERGE) $(wildcard $(top_srcdir)/po/*.po) ; LC_ALL=C $(INTLTOOL_MERGE) -d -u -c $(top_builddir)/po/.intltool-merge-cache $(top_srcdir)/po $< $@'
INTLTOOL_THEME_RULE='%.theme:     %.theme.in     $(INTLTOOL_MERGE) $(wildcard $(top_srcdir)/po/*.po) ; LC_ALL=C $(INTLTOOL_MERGE) -d -u -c $(top_builddir)/po/.intltool-merge-cache $(top_srcdir)/po $< $@'
INTLTOOL_UI_RULE='%.ui:        %.ui.in        $(INTLTOOL_MERGE) $(wildcard $(top_srcdir)/po/*.po) ; LC_ALL=C $(INTLTOOL_MERGE) -x -u -c $(top_builddir)/po/.intltool-merge-cache $(top_srcdir)/po $< $@'
INTLTOOL_UPDATE='/usr/local/bin/intltool-update'
INTLTOOL_XAM_RULE='%.xam:       %.xml.in       $(INTLTOOL_MERGE) $(wildcard $(top_srcdir)/po/*.po) ; LC_ALL=C $(INTLTOOL_MERGE) -x -u -c $(top_builddir)/po/.intltool-merge-cache $(top_srcdir)/po $< $@'
INTLTOOL_XML_NOMERGE_RULE='%.xml:       %.xml.in       $(INTLTOOL_MERGE) ; LC_ALL=C $(INTLTOOL_MERGE) -x -u /tmp $< $@'
INTLTOOL_XML_RULE='%.xml:       %.xml.in       $(INTLTOOL_MERGE) $(wildcard $(top_srcdir)/po/*.po) ; LC_ALL=C $(INTLTOOL_MERGE) -x -u -c $(top_builddir)/po/.intltool-merge-cache $(top_srcdir)/po $< $@'
LD='/usr/bin/ld'
LDFLAGS=''
LIBOBJS=''
LIBS='-lncurses '
LIBTOOL='$(SHELL) $(top_builddir)/libtool'
LIBTOOL_EXPORT_OPTIONS=''
LIBTOOL_FLAGS='-as-needed'
LIBVTE_LTVERSION='22:1:13'
LIPO='lipo'
LN_S='ln -s'
LTLIBOBJS=''
MAINT=''
MAINTAINER_MODE_FALSE='#'
MAINTAINER_MODE_TRUE=''
MAKEINFO='${SHELL} /home/chris/installed/vte-0.24.1/missing --run makeinfo'
MKDIR_P='/bin/mkdir -p'
MKINSTALLDIRS='./mkinstalldirs'
MSGFMT='/usr/local/bin/msgfmt'
MSGFMT_OPTS='-c'
MSGMERGE='/usr/local/bin/msgmerge'
NM='/usr/bin/nm -p'
NMEDIT='nmedit'
OBJEXT='o'
OS_WIN32_FALSE=''
OS_WIN32_TRUE='#'
OTOOL64='otool64'
OTOOL='otool'
PACKAGE='vte'
PACKAGE_BUGREPORT='http://bugzilla.gnome.org/enter_bug.cgi?product=vte'
PACKAGE_NAME='vte'
PACKAGE_STRING='vte 0.24.1'
PACKAGE_TARNAME='vte'
PACKAGE_URL=''
PACKAGE_VERSION='0.24.1'
PATH_SEPARATOR=':'
PKG_CONFIG='/usr/local/bin/pkg-config'
PLATFORM_WIN32_FALSE=''
PLATFORM_WIN32_TRUE='#'
POFILES=''
POSUB='po'
PO_IN_DATADIR_FALSE=''
PO_IN_DATADIR_TRUE=''
PYGTK_CFLAGS=''
PYGTK_CODEGEN=''
PYGTK_DEFSDIR=''
PYGTK_LIBS=''
PYTHON='/usr/bin/python'
PYTHONMODULES=''
PYTHONREV=''
PYTHON_EXEC_PREFIX='${exec_prefix}'
PYTHON_INCLUDES='-I/usr/include/python2.5 -I/usr/include/python2.5'
PYTHON_LDFLAGS=''
PYTHON_LIBS='-L/usr/libs -lpython2.5'
PYTHON_PLATFORM='darwin'
PYTHON_PREFIX='${prefix}'
PYTHON_VERSION='2.5'
RANLIB='ranlib'
SED='/bin/sed'
SET_MAKE=''
SHELL='/bin/sh'
STRIP='strip'
USE_NLS='yes'
VERSION='0.24.1'
VTE_API_VERSION='0'
VTE_CFLAGS='-D_REENTRANT -I/usr/local/include/glib-2.0 -I/usr/local/lib/glib-2.0/include -I/usr/local/include/pango-1.0 -I/usr/local/include/gtk-2.0 -I/usr/local/lib/gtk-2.0/include -I/usr/local/include/atk-1.0 -I/usr/local/include/cairo -I/usr/local/include/gdk-pixbuf-2.0 -I/usr/local/include/pixman-1 -I/usr/local/include/freetype2 -I/usr/local/include/libpng14 -I/usr/local/include/gio-unix-2.0/  '
VTE_DEFAULT_EMULATION='xterm'
VTE_DEFAULT_EMULATION_FALSE=''
VTE_DEFAULT_EMULATION_TRUE='#'
VTE_LIBS='-L/usr/local/lib -lgtk-x11-2.0 -lgdk-x11-2.0 -latk-1.0 -lpangoft2-1.0 -lpangocairo-1.0 -lgdk_pixbuf-2.0 -lpango-1.0 -lfreetype -lfontconfig -lgio-2.0 -lgobject-2.0 -lgmodule-2.0 -lgthread-2.0 -lglib-2.0 -lintl -lcairo -lX11  '
VTE_MAJOR_VERSION='0'
VTE_MICRO_VERSION='1'
VTE_MINOR_VERSION='24'
VTE_PKGS='glib-2.0 >= 2.22.0 gobject-2.0 pango >= 1.22.0 gtk+-2.0 >= 2.14.0 gobject-2.0 gio-2.0 gio-unix-2.0 x11 cairo-xlib'
WARN_CFLAGS=' -Wall -Wextra -Wsign-compare -Werror-implicit-function-declaration -Wpointer-arith -Wwrite-strings -Wstrict-prototypes -Waggregate-return -Wcast-align -Wimplicit -Wmissing-prototypes -Wmissing-declarations -Wnested-externs -Wpacked -Wmissing-format-attribute -Wshadow -Wstrict-aliasing=2 -Winit-self -Wunsafe-loop-optimizations -Wdeclaration-after-statement -Wold-style-definition -Wno-missing-field-initializers -Wno-unused-parameter -fno-common -Wno-switch-enum'
XGETTEXT='/usr/local/bin/xgettext'
ac_ct_CC='/usr/bin/gcc'
ac_ct_DUMPBIN=''
am__EXEEXT_FALSE=''
am__EXEEXT_TRUE='#'
am__fastdepCC_FALSE='#'
am__fastdepCC_TRUE=''
am__include='include'
am__isrc=''
am__leading_dot='.'
am__quote=''
am__tar='${AMTAR} chof - "$$tardir"'
am__untar='${AMTAR} xf -'
bindir='${exec_prefix}/bin'
build='arm-apple-darwin11.0.0'
build_alias=''
build_cpu='arm'
build_os='darwin11.0.0'
build_vendor='apple'
datadir='${datarootdir}'
datarootdir='${prefix}/share'
docdir='${datarootdir}/doc/${PACKAGE_TARNAME}'
dvidir='${docdir}'
exec_prefix='${prefix}'
host='arm-apple-darwin11.0.0'
host_alias=''
host_cpu='arm'
host_os='darwin11.0.0'
host_vendor='apple'
htmldir='${docdir}'
includedir='${prefix}/include'
infodir='${datarootdir}/info'
install_sh='${SHELL} /home/chris/installed/vte-0.24.1/install-sh'
libdir='${exec_prefix}/lib'
libexecdir='${exec_prefix}/libexec'
localedir='${datarootdir}/locale'
localstatedir='${prefix}/var'
lt_ECHO='echo'
mandir='${datarootdir}/man'
mkdir_p='/bin/mkdir -p'
oldincludedir='/usr/include'
pdfdir='${docdir}'
pkgpyexecdir='${pyexecdir}/vte'
pkgpythondir='${pythondir}/vte'
prefix='/usr/local'
program_transform_name='s,x,x,'
psdir='${docdir}'
pyexecdir='${exec_prefix}/lib/python2.5/site-packages'
pythondir='${prefix}/lib/python2.5/site-packages'
sbindir='${exec_prefix}/sbin'
sharedstatedir='${prefix}/com'
subdirs=' gnome-pty-helper'
sysconfdir='${prefix}/etc'
target_alias=''

## ----------- ##
## confdefs.h. ##
## ----------- ##

/* confdefs.h */
#define PACKAGE_NAME "vte"
#define PACKAGE_TARNAME "vte"
#define PACKAGE_VERSION "0.24.1"
#define PACKAGE_STRING "vte 0.24.1"
#define PACKAGE_BUGREPORT "http://bugzilla.gnome.org/enter_bug.cgi?product=vte"
#define PACKAGE_URL ""
#define PACKAGE "vte"
#define VERSION "0.24.1"
#define HAVE_SYS_TYPES_H 1
#define HAVE_SYS_STAT_H 1
#define HAVE_STDLIB_H 1
#define HAVE_STRING_H 1
#define HAVE_MEMORY_H 1
#define HAVE_STRINGS_H 1
#define HAVE_INTTYPES_H 1
#define HAVE_STDINT_H 1
#define HAVE_UNISTD_H 1
#define HAVE_DLFCN_H 1
#define LT_OBJDIR ".libs/"
#define GETTEXT_PACKAGE "vte"
#define HAVE_LOCALE_H 1
#define HAVE_LC_MESSAGES 1
#define HAVE_BIND_TEXTDOMAIN_CODESET 1
#define HAVE_GETTEXT 1
#define HAVE_DCGETTEXT 1
#define ENABLE_NLS 1
#define HAVE_DECL_BIND_TEXTDOMAIN_CODESET 1
#define GDK_MULTIHEAD_SAFE 1
#define VTE_DEFAULT_EMULATION "xterm"
#define HAVE_SYS_SELECT_H 1
#define HAVE_SYS_SYSLIMITS_H 1
#define HAVE_SYS_TERMIOS_H 1
#define HAVE_SYS_UN_H 1
#define HAVE_SYS_WAIT_H 1
#define HAVE_TERMIOS_H 1
#define HAVE_WCHAR_H 1
#define HAVE_CFMAKERAW 1
#define HAVE_FORK 1
#define HAVE_SETSID 1
#define HAVE_SETPGID 1
#define HAVE_GETPGID 1
#define HAVE_GRANTPT 1
#define HAVE_UNLOCKPT 1
#define HAVE_PTSNAME 1
#define HAVE_TCGETATTR 1
#define HAVE_TCSETATTR 1
#define HAVE_SOCKET 1
#define HAVE_SOCKETPAIR 1
#define HAVE_RECVMSG 1
#define HAVE_CEIL 1
#define HAVE_FLOOR 1
#define HAVE_NCURSES_H 1
#define HAVE_TERM_H 1
#define HAVE_WINT_T 1
#define HAVE_WINT_T /**/
#define VTE_USE_GNOME_PTY_HELPER 1

configure: exit 0
