# project node.js (1.0) configured on Tue Feb 24 22:11:56 2015 by
# waf 1.5.16 (abi 7, python 20703f0 on darwin)
# using /home/chris/node/tools/waf-light --jobs=1 configure
#

----------------------------------------
Checking for program g++ or c++
  find program=['g++', 'c++'] paths=[] var='CXX'
  -> '/usr/bin/g++'

----------------------------------------
Checking for program cpp
  find program=['cpp'] paths=[] var='CPP'
  -> '/usr/bin/cpp'

----------------------------------------
Checking for program ar
  find program=['ar'] paths=[] var='AR'
  -> '/usr/bin/ar'

----------------------------------------
Checking for program ranlib
  find program=['ranlib'] paths=[] var='RANLIB'
  -> '/usr/bin/ranlib'

----------------------------------------
Checking for g++ 
ok 

----------------------------------------
Checking for program gcc or cc
  find program=['gcc', 'cc'] paths=[] var='CC'
  -> '/usr/bin/gcc'

----------------------------------------
Checking for program ar
  find program=['ar'] paths=[] var='AR'
  -> '/usr/bin/ar'

----------------------------------------
Checking for program ranlib
  find program=['ranlib'] paths=[] var='RANLIB'
  -> '/usr/bin/ranlib'

----------------------------------------
Checking for gcc 
ok 

----------------------------------------
Checking for library dl
==>

int main() {
	return 0;
}

<==
[1/2] [32mcxx: build/.conf_check_0/test.cpp -> build/.conf_check_0/testbuild/default/test_1.o
[0m['/usr/bin/g++', '../test.cpp', '-c', '-o', 'default/test_1.o']
[2/2] [33mcxx_link: build/.conf_check_0/testbuild/default/test_1.o -> build/.conf_check_0/testbuild/default/testprog
[0m['/usr/bin/g++', 'default/test_1.o', '-o', '/private/var/chris/node/build/.conf_check_0/testbuild/default/testprog', '-ldl']
yes

----------------------------------------
Checking for openssl
pkg-config --errors-to-stdout --print-errors --cflags --libs openssl
 -lssl -lcrypto  
yes

----------------------------------------
Checking for library util
==>

int main() {
	return 0;
}

<==
[1/2] [32mcxx: build/.conf_check_0/test.cpp -> build/.conf_check_0/testbuild/default/test_1.o
[0m['/usr/bin/g++', '-DHAVE_OPENSSL=1', '../test.cpp', '-c', '-o', 'default/test_1.o']
[2/2] [33mcxx_link: build/.conf_check_0/testbuild/default/test_1.o -> build/.conf_check_0/testbuild/default/testprog
[0mld: library not found for -lutil
collect2: ld returned 1 exit status
['/usr/bin/g++', 'default/test_1.o', '-o', '/private/var/chris/node/build/.conf_check_0/testbuild/default/testprog', '-L/usr/lib', '-L/usr/local/lib', '-lutil']
command returned 'Build failed:  -> task failed (err #1): \n\t{task: cxx_link test_1.o -> testprog}'not found

----------------------------------------
Checking for library rt
==>

int main() {
	return 0;
}

<==
[1/2] [32mcxx: build/.conf_check_0/test.cpp -> build/.conf_check_0/testbuild/default/test_1.o
[0m['/usr/bin/g++', '-DHAVE_OPENSSL=1', '../test.cpp', '-c', '-o', 'default/test_1.o']
[2/2] [33mcxx_link: build/.conf_check_0/testbuild/default/test_1.o -> build/.conf_check_0/testbuild/default/testprog
[0mld: library not found for -lrt
collect2: ld returned 1 exit status
['/usr/bin/g++', 'default/test_1.o', '-o', '/private/var/chris/node/build/.conf_check_0/testbuild/default/testprog', '-lrt']
command returned 'Build failed:  -> task failed (err #1): \n\t{task: cxx_link test_1.o -> testprog}'not found

----------------------------------------
Checking for library pthread
==>

int main() {
	return 0;
}

<==
[1/2] [32mcxx: build/.conf_check_0/test.cpp -> build/.conf_check_0/testbuild/default/test_1.o
[0m['/usr/bin/g++', '-DHAVE_OPENSSL=1', '../test.cpp', '-c', '-o', 'default/test_1.o']
[2/2] [33mcxx_link: build/.conf_check_0/testbuild/default/test_1.o -> build/.conf_check_0/testbuild/default/testprog
[0m['/usr/bin/g++', 'default/test_1.o', '-o', '/private/var/chris/node/build/.conf_check_0/testbuild/default/testprog', '-lpthread']
yes

----------------------------------------
Checking for function pthread_create
==>
#include <pthread.h>

	int main() {
	void *p;
	p=(void*)(pthread_create);
	return 0;
}

<==
[1/2] [32mcc: build/.conf_check_0/test.c -> build/.conf_check_0/testbuild/default/test_1.o
[0m['/usr/bin/gcc', '-rdynamic', '-DHAVE_OPENSSL=1', '../test.c', '-c', '-o', 'default/test_1.o']
[2/2] [33mcc_link: build/.conf_check_0/testbuild/default/test_1.o -> build/.conf_check_0/testbuild/default/testprog
[0m['/usr/bin/gcc', 'default/test_1.o', '-o', '/private/var/chris/node/build/.conf_check_0/testbuild/default/testprog', '-lpthread']
yes

----------------------------------------
Checking for function pthread_atfork
==>
#include <pthread.h>

	int main() {
	void *p;
	p=(void*)(pthread_atfork);
	return 0;
}

<==
[1/2] [32mcc: build/.conf_check_0/test.c -> build/.conf_check_0/testbuild/default/test_1.o
[0m['/usr/bin/gcc', '-rdynamic', '-DHAVE_OPENSSL=1', '../test.c', '-c', '-o', 'default/test_1.o']
[2/2] [33mcc_link: build/.conf_check_0/testbuild/default/test_1.o -> build/.conf_check_0/testbuild/default/testprog
[0m['/usr/bin/gcc', 'default/test_1.o', '-o', '/private/var/chris/node/build/.conf_check_0/testbuild/default/testprog', '-lpthread']
yes

----------------------------------------
Checking for futimes(2)
==>

    #include <sys/types.h>
    #include <sys/time.h>
    #include <utime.h>
    struct timeval tv[2];
    int res;
    int fd;
    int main(void)
    {
       res = futimes (fd, tv);
       return 0;
    }
  
<==
[1/2] [32mcc: build/.conf_check_0/test.c -> build/.conf_check_0/testbuild/default/test_1.o
[0m['/usr/bin/gcc', '-rdynamic', '-DHAVE_OPENSSL=1', '../test.c', '-c', '-o', 'default/test_1.o']
[2/2] [33mcc_link: build/.conf_check_0/testbuild/default/test_1.o -> build/.conf_check_0/testbuild/default/testprog
[0m['/usr/bin/gcc', 'default/test_1.o', '-o', '/private/var/chris/node/build/.conf_check_0/testbuild/default/testprog']
yes

----------------------------------------
Checking for readahead(2)
==>

    #include <fcntl.h>
    int main(void)
    {
       int fd = 0;
       size_t count = 2;
       ssize_t res;
       res = readahead (fd, 0, count);
       return 0;
    }
  
<==
[1/2] [32mcc: build/.conf_check_0/test.c -> build/.conf_check_0/testbuild/default/test_1.o
[0m../test.c: In function 'main':
../test.c:7: error: 'ssize_t' undeclared (first use in this function)
../test.c:7: error: (Each undeclared identifier is reported only once
../test.c:7: error: for each function it appears in.)
../test.c:7: error: expected ';' before 'res'
../test.c:8: error: 'res' undeclared (first use in this function)
['/usr/bin/gcc', '-rdynamic', '-DHAVE_OPENSSL=1', '../test.c', '-c', '-o', 'default/test_1.o']
command returned 'Build failed:  -> task failed (err #1): \n\t{task: cc test.c -> test_1.o}'no

----------------------------------------
Checking for fdatasync(2)
==>

    #include <unistd.h>
    int main(void)
    {
       int fd = 0;
       fdatasync (fd);
       return 0;
    }
  
<==
[1/2] [32mcc: build/.conf_check_0/test.c -> build/.conf_check_0/testbuild/default/test_1.o
[0m['/usr/bin/gcc', '-rdynamic', '-DHAVE_OPENSSL=1', '../test.c', '-c', '-o', 'default/test_1.o']
[2/2] [33mcc_link: build/.conf_check_0/testbuild/default/test_1.o -> build/.conf_check_0/testbuild/default/testprog
[0m['/usr/bin/gcc', 'default/test_1.o', '-o', '/private/var/chris/node/build/.conf_check_0/testbuild/default/testprog']
yes

----------------------------------------
Checking for pread(2) and pwrite(2)
==>

    #include <unistd.h>
    int main(void)
    {
       int fd = 0;
       size_t count = 1;
       char buf;
       off_t offset = 1;
       ssize_t res;
       res = pread (fd, &buf, count, offset);
       res = pwrite (fd, &buf, count, offset);
       return 0;
    }
  
<==
[1/2] [32mcc: build/.conf_check_0/test.c -> build/.conf_check_0/testbuild/default/test_1.o
[0m['/usr/bin/gcc', '-rdynamic', '-DHAVE_OPENSSL=1', '../test.c', '-c', '-o', 'default/test_1.o']
[2/2] [33mcc_link: build/.conf_check_0/testbuild/default/test_1.o -> build/.conf_check_0/testbuild/default/testprog
[0m['/usr/bin/gcc', 'default/test_1.o', '-o', '/private/var/chris/node/build/.conf_check_0/testbuild/default/testprog']
yes

----------------------------------------
Checking for sendfile(2)
==>
 
    # include <sys/types.h>
    #if __linux
    # include <sys/sendfile.h>
    #elif __FreeBSD__ || defined(__APPLE__)
    # include <sys/socket.h>
    # include <sys/uio.h>
    #elif __hpux
    # include <sys/socket.h>
    #else
    # error unsupported architecture
    #endif
    int main(void)
    {
       int fd = 0;
       off_t offset = 1;
       size_t count = 2;
       ssize_t res;
    #if __linux
       res = sendfile (fd, fd, offset, count);
    #elif __FreeBSD__
       res = sendfile (fd, fd, offset, count, 0, &offset, 0);
    #elif __APPLE__
       res = sendfile (fd, fd, offset, &offset, 0, 0);
    #elif __hpux
       res = sendfile (fd, fd, offset, count, 0, 0);
    #endif
       return 0;
    }
  
<==
[1/2] [32mcc: build/.conf_check_0/test.c -> build/.conf_check_0/testbuild/default/test_1.o
[0m['/usr/bin/gcc', '-rdynamic', '-DHAVE_OPENSSL=1', '../test.c', '-c', '-o', 'default/test_1.o']
[2/2] [33mcc_link: build/.conf_check_0/testbuild/default/test_1.o -> build/.conf_check_0/testbuild/default/testprog
[0m['/usr/bin/gcc', 'default/test_1.o', '-o', '/private/var/chris/node/build/.conf_check_0/testbuild/default/testprog']
yes

----------------------------------------
Checking for sync_file_range(2) 
==>

    #include <fcntl.h>
    int main(void)
    {
       int fd = 0;
       off64_t offset = 1;
       off64_t nbytes = 1;
       unsigned int flags = SYNC_FILE_RANGE_WAIT_BEFORE|SYNC_FILE_RANGE_WRITE|SYNC_FILE_RANGE_WAIT_AFTER;
       ssize_t res;
       res = sync_file_range (fd, offset, nbytes, flags);
       return 0;
    }
  
<==
[1/2] [32mcc: build/.conf_check_0/test.c -> build/.conf_check_0/testbuild/default/test_1.o
[0m../test.c: In function 'main':
../test.c:6: error: 'off64_t' undeclared (first use in this function)
../test.c:6: error: (Each undeclared identifier is reported only once
../test.c:6: error: for each function it appears in.)
../test.c:6: error: expected ';' before 'offset'
../test.c:7: error: expected ';' before 'nbytes'
../test.c:8: error: 'SYNC_FILE_RANGE_WAIT_BEFORE' undeclared (first use in this function)
../test.c:8: error: 'SYNC_FILE_RANGE_WRITE' undeclared (first use in this function)
../test.c:8: error: 'SYNC_FILE_RANGE_WAIT_AFTER' undeclared (first use in this function)
../test.c:9: error: 'ssize_t' undeclared (first use in this function)
../test.c:9: error: expected ';' before 'res'
../test.c:10: error: 'res' undeclared (first use in this function)
../test.c:10: error: 'offset' undeclared (first use in this function)
../test.c:10: error: 'nbytes' undeclared (first use in this function)
['/usr/bin/gcc', '-rdynamic', '-D_GNU_SOURCE', '-DHAVE_OPENSSL=1', '../test.c', '-c', '-o', 'default/test_1.o']
command returned 'Build failed:  -> task failed (err #1): \n\t{task: cc test.c -> test_1.o}'no

----------------------------------------
Checking for header sys/inotify.h
==>
#include <sys/inotify.h>

int main() {
	return 0;
}

<==
[1/2] [32mcc: build/.conf_check_0/test.c -> build/.conf_check_0/testbuild/default/test_1.o
[0m../test.c:1:25: error: sys/inotify.h: No such file or directory
['/usr/bin/gcc', '-rdynamic', '-D_GNU_SOURCE', '-DHAVE_CONFIG_H=1', '-DHAVE_OPENSSL=1', '../test.c', '-c', '-o', 'default/test_1.o']
command returned 'Build failed:  -> task failed (err #1): \n\t{task: cc test.c -> test_1.o}'not found

----------------------------------------
Checking for header sys/epoll.h
==>
#include <sys/epoll.h>

int main() {
	return 0;
}

<==
[1/2] [32mcc: build/.conf_check_0/test.c -> build/.conf_check_0/testbuild/default/test_1.o
[0m../test.c:1:23: error: sys/epoll.h: No such file or directory
['/usr/bin/gcc', '-rdynamic', '-D_GNU_SOURCE', '-DHAVE_CONFIG_H=1', '-DHAVE_OPENSSL=1', '../test.c', '-c', '-o', 'default/test_1.o']
command returned 'Build failed:  -> task failed (err #1): \n\t{task: cc test.c -> test_1.o}'not found

----------------------------------------
Checking for header port.h
==>
#include <port.h>

int main() {
	return 0;
}

<==
[1/2] [32mcc: build/.conf_check_0/test.c -> build/.conf_check_0/testbuild/default/test_1.o
[0m../test.c:1:18: error: port.h: No such file or directory
['/usr/bin/gcc', '-rdynamic', '-D_GNU_SOURCE', '-DHAVE_CONFIG_H=1', '-DHAVE_OPENSSL=1', '../test.c', '-c', '-o', 'default/test_1.o']
command returned 'Build failed:  -> task failed (err #1): \n\t{task: cc test.c -> test_1.o}'not found

----------------------------------------
Checking for header poll.h
==>
#include <poll.h>

int main() {
	return 0;
}

<==
[1/2] [32mcc: build/.conf_check_0/test.c -> build/.conf_check_0/testbuild/default/test_1.o
[0m['/usr/bin/gcc', '-rdynamic', '-D_GNU_SOURCE', '-DHAVE_CONFIG_H=1', '-DHAVE_OPENSSL=1', '../test.c', '-c', '-o', 'default/test_1.o']
[2/2] [33mcc_link: build/.conf_check_0/testbuild/default/test_1.o -> build/.conf_check_0/testbuild/default/testprog
[0m['/usr/bin/gcc', 'default/test_1.o', '-o', '/private/var/chris/node/build/.conf_check_0/testbuild/default/testprog']
yes

----------------------------------------
Checking for function poll
==>
#include <poll.h>

	int main() {
	void *p;
	p=(void*)(poll);
	return 0;
}

<==
[1/2] [32mcc: build/.conf_check_0/test.c -> build/.conf_check_0/testbuild/default/test_1.o
[0m['/usr/bin/gcc', '-rdynamic', '-D_GNU_SOURCE', '-DHAVE_CONFIG_H=1', '-DHAVE_OPENSSL=1', '../test.c', '-c', '-o', 'default/test_1.o']
[2/2] [33mcc_link: build/.conf_check_0/testbuild/default/test_1.o -> build/.conf_check_0/testbuild/default/testprog
[0m['/usr/bin/gcc', 'default/test_1.o', '-o', '/private/var/chris/node/build/.conf_check_0/testbuild/default/testprog']
yes

----------------------------------------
Checking for header sys/event.h
==>
#include <sys/event.h>

int main() {
	return 0;
}

<==
[1/2] [32mcc: build/.conf_check_0/test.c -> build/.conf_check_0/testbuild/default/test_1.o
[0m['/usr/bin/gcc', '-rdynamic', '-D_GNU_SOURCE', '-DHAVE_CONFIG_H=1', '-DHAVE_OPENSSL=1', '../test.c', '-c', '-o', 'default/test_1.o']
[2/2] [33mcc_link: build/.conf_check_0/testbuild/default/test_1.o -> build/.conf_check_0/testbuild/default/testprog
[0m['/usr/bin/gcc', 'default/test_1.o', '-o', '/private/var/chris/node/build/.conf_check_0/testbuild/default/testprog']
yes

----------------------------------------
Checking for header sys/queue.h
==>
#include <sys/queue.h>

int main() {
	return 0;
}

<==
[1/2] [32mcc: build/.conf_check_0/test.c -> build/.conf_check_0/testbuild/default/test_1.o
[0m['/usr/bin/gcc', '-rdynamic', '-D_GNU_SOURCE', '-DHAVE_CONFIG_H=1', '-DHAVE_OPENSSL=1', '../test.c', '-c', '-o', 'default/test_1.o']
[2/2] [33mcc_link: build/.conf_check_0/testbuild/default/test_1.o -> build/.conf_check_0/testbuild/default/testprog
[0m['/usr/bin/gcc', 'default/test_1.o', '-o', '/private/var/chris/node/build/.conf_check_0/testbuild/default/testprog']
yes

----------------------------------------
Checking for function kqueue
==>
#include <sys/event.h>

	int main() {
	void *p;
	p=(void*)(kqueue);
	return 0;
}

<==
[1/2] [32mcc: build/.conf_check_0/test.c -> build/.conf_check_0/testbuild/default/test_1.o
[0m['/usr/bin/gcc', '-rdynamic', '-D_GNU_SOURCE', '-DHAVE_CONFIG_H=1', '-DHAVE_OPENSSL=1', '../test.c', '-c', '-o', 'default/test_1.o']
[2/2] [33mcc_link: build/.conf_check_0/testbuild/default/test_1.o -> build/.conf_check_0/testbuild/default/testprog
[0m['/usr/bin/gcc', 'default/test_1.o', '-o', '/private/var/chris/node/build/.conf_check_0/testbuild/default/testprog']
yes

----------------------------------------
Checking for header sys/select.h
==>
#include <sys/select.h>

int main() {
	return 0;
}

<==
[1/2] [32mcc: build/.conf_check_0/test.c -> build/.conf_check_0/testbuild/default/test_1.o
[0m['/usr/bin/gcc', '-rdynamic', '-D_GNU_SOURCE', '-DHAVE_CONFIG_H=1', '-DHAVE_OPENSSL=1', '../test.c', '-c', '-o', 'default/test_1.o']
[2/2] [33mcc_link: build/.conf_check_0/testbuild/default/test_1.o -> build/.conf_check_0/testbuild/default/testprog
[0m['/usr/bin/gcc', 'default/test_1.o', '-o', '/private/var/chris/node/build/.conf_check_0/testbuild/default/testprog']
yes

----------------------------------------
Checking for function select
==>
#include <sys/select.h>

	int main() {
	void *p;
	p=(void*)(select);
	return 0;
}

<==
[1/2] [32mcc: build/.conf_check_0/test.c -> build/.conf_check_0/testbuild/default/test_1.o
[0m['/usr/bin/gcc', '-rdynamic', '-D_GNU_SOURCE', '-DHAVE_CONFIG_H=1', '-DHAVE_OPENSSL=1', '../test.c', '-c', '-o', 'default/test_1.o']
[2/2] [33mcc_link: build/.conf_check_0/testbuild/default/test_1.o -> build/.conf_check_0/testbuild/default/testprog
[0m['/usr/bin/gcc', 'default/test_1.o', '-o', '/private/var/chris/node/build/.conf_check_0/testbuild/default/testprog']
yes

----------------------------------------
Checking for header sys/eventfd.h
==>
#include <sys/eventfd.h>

int main() {
	return 0;
}

<==
[1/2] [32mcc: build/.conf_check_0/test.c -> build/.conf_check_0/testbuild/default/test_1.o
[0m../test.c:1:25: error: sys/eventfd.h: No such file or directory
['/usr/bin/gcc', '-rdynamic', '-D_GNU_SOURCE', '-DHAVE_CONFIG_H=1', '-DHAVE_OPENSSL=1', '../test.c', '-c', '-o', 'default/test_1.o']
command returned 'Build failed:  -> task failed (err #1): \n\t{task: cc test.c -> test_1.o}'not found

----------------------------------------
Checking for SYS_clock_gettime
==>

      #include <syscall.h>
      #include <time.h>
      #include <stdio.h>

      int main() {
          struct timespec ts; 
          int status = syscall(SYS_clock_gettime, CLOCK_REALTIME, &ts);
          return 0;
      }
  
<==
[1/2] [32mcc: build/.conf_check_0/test.c -> build/.conf_check_0/testbuild/default/test_1.o
[0m../test.c:2:27: error: syscall.h: No such file or directory
../test.c: In function 'main':
../test.c:8: error: 'SYS_clock_gettime' undeclared (first use in this function)
../test.c:8: error: (Each undeclared identifier is reported only once
../test.c:8: error: for each function it appears in.)
../test.c:8: error: 'CLOCK_REALTIME' undeclared (first use in this function)
['/usr/bin/gcc', '-rdynamic', '-D_GNU_SOURCE', '-DHAVE_CONFIG_H=1', '-DHAVE_OPENSSL=1', '../test.c', '-c', '-o', 'default/test_1.o']
command returned 'Build failed:  -> task failed (err #1): \n\t{task: cc test.c -> test_1.o}'no

----------------------------------------
Checking for library rt
==>

int main() {
	return 0;
}

<==
[1/2] [32mcxx: build/.conf_check_0/test.cpp -> build/.conf_check_0/testbuild/default/test_1.o
[0m['/usr/bin/g++', '-DHAVE_OPENSSL=1', '../test.cpp', '-c', '-o', 'default/test_1.o']
[2/2] [33mcxx_link: build/.conf_check_0/testbuild/default/test_1.o -> build/.conf_check_0/testbuild/default/testprog
[0mld: library not found for -lrt
collect2: ld returned 1 exit status
['/usr/bin/g++', 'default/test_1.o', '-o', '/private/var/chris/node/build/.conf_check_0/testbuild/default/testprog', '-lrt']
command returned 'Build failed:  -> task failed (err #1): \n\t{task: cxx_link test_1.o -> testprog}'not found

----------------------------------------
Checking for function nanosleep
==>
#include <time.h>

	int main() {
	void *p;
	p=(void*)(nanosleep);
	return 0;
}

<==
[1/2] [32mcc: build/.conf_check_0/test.c -> build/.conf_check_0/testbuild/default/test_1.o
[0m['/usr/bin/gcc', '-rdynamic', '-D_GNU_SOURCE', '-DHAVE_CONFIG_H=1', '-DHAVE_OPENSSL=1', '../test.c', '-c', '-o', 'default/test_1.o']
[2/2] [33mcc_link: build/.conf_check_0/testbuild/default/test_1.o -> build/.conf_check_0/testbuild/default/testprog
[0m['/usr/bin/gcc', 'default/test_1.o', '-o', '/private/var/chris/node/build/.conf_check_0/testbuild/default/testprog']
yes

----------------------------------------
Checking for function ceil
==>
#include <math.h>

	int main() {
	void *p;
	p=(void*)(ceil);
	return 0;
}

<==
[1/2] [32mcc: build/.conf_check_0/test.c -> build/.conf_check_0/testbuild/default/test_1.o
[0m['/usr/bin/gcc', '-rdynamic', '-D_GNU_SOURCE', '-DHAVE_CONFIG_H=1', '-DHAVE_OPENSSL=1', '../test.c', '-c', '-o', 'default/test_1.o']
[2/2] [33mcc_link: build/.conf_check_0/testbuild/default/test_1.o -> build/.conf_check_0/testbuild/default/testprog
[0m['/usr/bin/gcc', 'default/test_1.o', '-o', '/private/var/chris/node/build/.conf_check_0/testbuild/default/testprog', '-lm']
yes

----------------------------------------
Checking for fdatasync(2) with c++
==>

    #include <unistd.h>
    int main(void)
    {
       int fd = 0;
       fdatasync (fd);
       return 0;
    }
  
<==
[1/2] [32mcxx: build/.conf_check_0/test.cpp -> build/.conf_check_0/testbuild/default/test_1.o
[0m../test.cpp: In function 'int main()':
../test.cpp:6: error: 'fdatasync' was not declared in this scope
['/usr/bin/g++', '-pthread', '-DHAVE_OPENSSL=1', '-DEV_FORK_ENABLE=0', '-DEV_EMBED_ENABLE=0', '-DEV_MULTIPLICITY=0', '-DX_STACKSIZE=65536', '-D_LARGEFILE_SOURCE', '-D_FILE_OFFSET_BITS=64', '-DEV_MULTIPLICITY=0', '../test.cpp', '-c', '-o', 'default/test_1.o']
command returned 'Build failed:  -> task failed (err #1): \n\t{task: cxx test.cpp -> test_1.o}'no
