This file contains any messages produced by compilers while
running configure, to aid debugging if configure makes a mistake.

It was created by libsoup configure 2.33.6, which was
generated by GNU Autoconf 2.66.  Invocation command line was

  $ ./configure 

## --------- ##
## Platform. ##
## --------- ##

hostname = Chriss-iPad
uname -m = iPad1,1
uname -r = 10.4.0
uname -s = Darwin
uname -v = Darwin Kernel Version 10.4.0: Wed Oct 20 20:14:45 PDT 2010; root:xnu-1504.58.28~3/RELEASE_ARM_S5L8930X

/usr/bin/uname -p = unknown
/bin/uname -X     = unknown

/bin/arch              = unknown
/usr/bin/arch -k       = unknown
/usr/convex/getsysinfo = unknown
/usr/bin/hostinfo      = Mach kernel version:
	 Darwin Kernel Version 10.4.0: Wed Oct 20 20:14:45 PDT 2010; root:xnu-1504.58.28~3/RELEASE_ARM_S5L8930X
Kernel configured for a single processor only.
1 processor is physically available.
1 processor is logically available.
Processor type: armv7 (arm v7)
Processor active: 0
Primary memory available: 247.00 megabytes
Default processor set: 38 tasks, 231 threads, 1 processors
Load average: 0.78, Mach factor: 0.35
/bin/machine           = unknown
/usr/bin/oslevel       = unknown
/bin/universe          = unknown

PATH: /usr/local/sbin
PATH: /usr/local/bin
PATH: /usr/sbin
PATH: /usr/bin
PATH: /sbin
PATH: /bin
PATH: /usr/bin/X11
PATH: /usr/games
PATH: /var/mobile/ocaml-3.12.0/bin


## ----------- ##
## Core tests. ##
## ----------- ##

configure:2256: checking for a BSD-compatible install
configure:2324: result: /usr/bin/install -c
configure:2335: checking whether build environment is sane
configure:2385: result: yes
configure:2526: checking for a thread-safe mkdir -p
configure:2565: result: /bin/mkdir -p
configure:2578: checking for gawk
configure:2594: found /usr/bin/gawk
configure:2605: result: gawk
configure:2616: checking whether make sets $(MAKE)
configure:2638: result: yes
configure:2731: checking whether make sets $(MAKE)
configure:2753: result: yes
configure:2858: checking for gcc
configure:2885: result: /usr/bin/gcc
configure:3114: checking for C compiler version
configure:3123: /usr/bin/gcc --version >&5
gcc (GCC) 4.2.1 (Based on Apple Inc. build 5555)
Copyright (C) 2007 Free Software Foundation, Inc.
This is free software; see the source for copying conditions.  There is NO
warranty; not even for MERCHANTABILITY or FITNESS FOR A PARTICULAR PURPOSE.

configure:3134: $? = 0
configure:3123: /usr/bin/gcc -v >&5
Using built-in specs.
Target: arm-apple-darwin9
Configured with: ../llvm-gcc-4.2/configure --build=x86_64-unknown-linux-gnu --host=arm-apple-darwin9 --enable-static=no --enable-shared=yes --prefix=/usr --localstatedir=/var/cache/iphone-gcc --enable-languages=c,c++,objc,obj-c++ --enable-wchar_t=no --with-gxx-include-dir=/usr/include/c++/4.0.0
Thread model: posix
gcc version 4.2.1 (Based on Apple Inc. build 5555)
configure:3134: $? = 0
configure:3123: /usr/bin/gcc -V >&5
gcc: '-V' option must have argument
configure:3134: $? = 1
configure:3123: /usr/bin/gcc -qversion >&5
gcc: no input files
configure:3134: $? = 1
configure:3154: checking whether the C compiler works
configure:3176: /usr/bin/gcc    conftest.c  >&5
configure:3180: $? = 0
configure:3228: result: yes
configure:3231: checking for C compiler default output file name
configure:3233: result: a.out
configure:3239: checking for suffix of executables
configure:3246: /usr/bin/gcc -o conftest    conftest.c  >&5
configure:3250: $? = 0
configure:3272: result: 
configure:3294: checking whether we are cross compiling
configure:3302: /usr/bin/gcc -o conftest    conftest.c  >&5
configure:3306: $? = 0
configure:3313: ./conftest
configure:3317: $? = 0
configure:3332: result: no
configure:3337: checking for suffix of object files
configure:3359: /usr/bin/gcc -c   conftest.c >&5
configure:3363: $? = 0
configure:3384: result: o
configure:3388: checking whether we are using the GNU C compiler
configure:3407: /usr/bin/gcc -c   conftest.c >&5
configure:3407: $? = 0
configure:3416: result: yes
configure:3425: checking whether /usr/bin/gcc accepts -g
configure:3445: /usr/bin/gcc -c -g  conftest.c >&5
configure:3445: $? = 0
configure:3486: result: yes
configure:3503: checking for /usr/bin/gcc option to accept ISO C89
configure:3567: /usr/bin/gcc  -c -g -O2  conftest.c >&5
configure:3567: $? = 0
configure:3580: result: none needed
configure:3611: checking for style of include used by make
configure:3639: result: GNU
configure:3664: checking dependency style of /usr/bin/gcc
configure:3774: result: gcc3
configure:3821: checking build system type
configure:3835: result: arm-apple-darwin10.4.0
configure:3855: checking host system type
configure:3868: result: arm-apple-darwin10.4.0
configure:3909: checking how to print strings
configure:3936: result: printf
configure:3957: checking for a sed that does not truncate output
configure:4021: result: /bin/sed
configure:4039: checking for grep that handles long lines and -e
configure:4097: result: /bin/grep
configure:4102: checking for egrep
configure:4164: result: /bin/grep -E
configure:4169: checking for fgrep
configure:4231: result: /bin/grep -F
configure:4266: checking for ld used by /usr/bin/gcc
configure:4333: result: /usr/bin/ld
configure:4340: checking if the linker (/usr/bin/ld) is GNU ld
configure:4355: result: no
configure:4367: checking for BSD- or MS-compatible name lister (nm)
configure:4416: result: /usr/bin/nm -p
configure:4546: checking the name lister (/usr/bin/nm -p) interface
configure:4553: /usr/bin/gcc -c -g -O2  conftest.c >&5
configure:4556: /usr/bin/nm -p "conftest.o"
configure:4559: output
00000000 D _some_variable
configure:4566: result: BSD nm
configure:4569: checking whether ln -s works
configure:4573: result: yes
configure:4581: checking the maximum length of command line arguments
configure:4706: result: 196608
configure:4723: checking whether the shell understands some XSI constructs
configure:4733: result: yes
configure:4737: checking whether the shell understands "+="
configure:4743: result: yes
configure:4778: checking for /usr/bin/ld option to reload object files
configure:4785: result: -r
configure:4854: checking for objdump
configure:4870: found /usr/bin/objdump
configure:4881: result: objdump
configure:4910: checking how to recognize dependent libraries
configure:5112: result: pass_all
configure:5172: checking for ar
configure:5188: found /usr/bin/ar
configure:5199: result: ar
configure:5277: checking for strip
configure:5293: found /usr/bin/strip
configure:5304: result: strip
configure:5376: checking for ranlib
configure:5392: found /usr/bin/ranlib
configure:5403: result: ranlib
configure:5505: checking command to parse /usr/bin/nm -p output from /usr/bin/gcc object
configure:5623: /usr/bin/gcc -c -g -O2  conftest.c >&5
configure:5626: $? = 0
configure:5630: /usr/bin/nm -p conftest.o \| sed -n -e 's/^.*[ ]\([BCDEGRST][BCDEGRST]*\)[ ][ ]*\([_A-Za-z][_A-Za-z0-9]*\)$/\1 \2 \2/p' \> conftest.nm
configure:5633: $? = 0
cannot find nm_test_var in conftest.nm
configure:5623: /usr/bin/gcc -c -g -O2  conftest.c >&5
configure:5626: $? = 0
configure:5630: /usr/bin/nm -p conftest.o \| sed -n -e 's/^.*[ ]\([BCDEGRST][BCDEGRST]*\)[ ][ ]*_\([_A-Za-z][_A-Za-z0-9]*\)$/\1 _\2 \2/p' \> conftest.nm
configure:5633: $? = 0
configure:5687: /usr/bin/gcc -o conftest -g -O2   conftest.c conftstm.o >&5
configure:5690: $? = 0
configure:5728: result: ok
configure:5993: checking for dsymutil
configure:6023: result: no
configure:6085: checking for nmedit
configure:6101: found /usr/bin/nmedit
configure:6112: result: nmedit
configure:6177: checking for lipo
configure:6193: found /usr/bin/lipo
configure:6204: result: lipo
configure:6269: checking for otool
configure:6285: found /usr/bin/otool
configure:6296: result: otool
configure:6361: checking for otool64
configure:6377: found /usr/bin/otool64
configure:6388: result: otool64
configure:6436: checking for -single_module linker flag
/usr/bin/gcc -g -O2  -o libconftest.dylib -dynamiclib -Wl,-single_module conftest.c
configure:6463: result: yes
configure:6465: checking for -exported_symbols_list linker flag
configure:6485: /usr/bin/gcc -o conftest -g -O2   -Wl,-exported_symbols_list,conftest.sym conftest.c  >&5
configure:6485: $? = 0
configure:6495: result: yes
configure:6497: checking for -force_load linker flag
/usr/bin/gcc -g -O2 -c -o conftest.o conftest.c
ar cru libconftest.a conftest.o
ranlib libconftest.a
/usr/bin/gcc -g -O2  -o conftest conftest.c -Wl,-force_load,./libconftest.a
ld: unknown option: -force_load
collect2: ld returned 1 exit status
configure:6527: result: no
configure:6569: checking how to run the C preprocessor
configure:6600: /usr/bin/gcc -E  conftest.c
configure:6600: $? = 0
configure:6614: /usr/bin/gcc -E  conftest.c
conftest.c:11:28: error: ac_nonexistent.h: No such file or directory
configure:6614: $? = 1
configure: failed program was:
| /* confdefs.h */
| #define PACKAGE_NAME "libsoup"
| #define PACKAGE_TARNAME "libsoup"
| #define PACKAGE_VERSION "2.33.6"
| #define PACKAGE_STRING "libsoup 2.33.6"
| #define PACKAGE_BUGREPORT "http://bugzilla.gnome.org/enter_bug.cgi?product=libsoup"
| #define PACKAGE_URL ""
| #define PACKAGE "libsoup"
| #define VERSION "2.33.6"
| /* end confdefs.h.  */
| #include <ac_nonexistent.h>
configure:6639: result: /usr/bin/gcc -E
configure:6659: /usr/bin/gcc -E  conftest.c
configure:6659: $? = 0
configure:6673: /usr/bin/gcc -E  conftest.c
conftest.c:11:28: error: ac_nonexistent.h: No such file or directory
configure:6673: $? = 1
configure: failed program was:
| /* confdefs.h */
| #define PACKAGE_NAME "libsoup"
| #define PACKAGE_TARNAME "libsoup"
| #define PACKAGE_VERSION "2.33.6"
| #define PACKAGE_STRING "libsoup 2.33.6"
| #define PACKAGE_BUGREPORT "http://bugzilla.gnome.org/enter_bug.cgi?product=libsoup"
| #define PACKAGE_URL ""
| #define PACKAGE "libsoup"
| #define VERSION "2.33.6"
| /* end confdefs.h.  */
| #include <ac_nonexistent.h>
configure:6702: checking for ANSI C header files
configure:6722: /usr/bin/gcc -c -g -O2  conftest.c >&5
configure:6722: $? = 0
configure:6795: /usr/bin/gcc -o conftest -g -O2   conftest.c  >&5
configure:6795: $? = 0
configure:6795: ./conftest
configure:6795: $? = 0
configure:6806: result: yes
configure:6819: checking for sys/types.h
configure:6819: /usr/bin/gcc -c -g -O2  conftest.c >&5
configure:6819: $? = 0
configure:6819: result: yes
configure:6819: checking for sys/stat.h
configure:6819: /usr/bin/gcc -c -g -O2  conftest.c >&5
configure:6819: $? = 0
configure:6819: result: yes
configure:6819: checking for stdlib.h
configure:6819: /usr/bin/gcc -c -g -O2  conftest.c >&5
configure:6819: $? = 0
configure:6819: result: yes
configure:6819: checking for string.h
configure:6819: /usr/bin/gcc -c -g -O2  conftest.c >&5
configure:6819: $? = 0
configure:6819: result: yes
configure:6819: checking for memory.h
configure:6819: /usr/bin/gcc -c -g -O2  conftest.c >&5
configure:6819: $? = 0
configure:6819: result: yes
configure:6819: checking for strings.h
configure:6819: /usr/bin/gcc -c -g -O2  conftest.c >&5
configure:6819: $? = 0
configure:6819: result: yes
configure:6819: checking for inttypes.h
configure:6819: /usr/bin/gcc -c -g -O2  conftest.c >&5
configure:6819: $? = 0
configure:6819: result: yes
configure:6819: checking for stdint.h
configure:6819: /usr/bin/gcc -c -g -O2  conftest.c >&5
configure:6819: $? = 0
configure:6819: result: yes
configure:6819: checking for unistd.h
configure:6819: /usr/bin/gcc -c -g -O2  conftest.c >&5
configure:6819: $? = 0
configure:6819: result: yes
configure:6833: checking for dlfcn.h
configure:6833: /usr/bin/gcc -c -g -O2  conftest.c >&5
configure:6833: $? = 0
configure:6833: result: yes
configure:7318: checking for objdir
configure:7333: result: .libs
configure:7604: checking if /usr/bin/gcc supports -fno-rtti -fno-exceptions
configure:7622: /usr/bin/gcc -c -g -O2  -fno-rtti -fno-exceptions conftest.c >&5
cc1: warning: command line option "-fno-rtti" is valid for C++/ObjC++ but not for C
configure:7626: $? = 0
configure:7639: result: no
configure:7659: checking for /usr/bin/gcc option to produce PIC
configure:7944: result: -fno-common -DPIC
configure:7956: checking if /usr/bin/gcc PIC flag -fno-common -DPIC works
configure:7974: /usr/bin/gcc -c -g -O2  -fno-common -DPIC -DPIC conftest.c >&5
configure:7978: $? = 0
configure:7991: result: yes
configure:8015: checking if /usr/bin/gcc static flag -static works
configure:8043: result: no
configure:8058: checking if /usr/bin/gcc supports -c -o file.o
configure:8079: /usr/bin/gcc -c -g -O2  -o out/conftest2.o conftest.c >&5
configure:8083: $? = 0
configure:8105: result: yes
configure:8113: checking if /usr/bin/gcc supports -c -o file.o
configure:8160: result: yes
configure:8193: checking whether the /usr/bin/gcc linker (/usr/bin/ld) supports shared libraries
configure:9268: result: yes
configure:9513: checking dynamic linker characteristics
configure:10194: result: darwin10.4.0 dyld
configure:10301: checking how to hardcode library paths into programs
configure:10326: result: immediate
configure:10866: checking whether stripping libraries is possible
configure:10880: result: yes
configure:10906: checking if libtool supports shared libraries
configure:10908: result: yes
configure:10911: checking whether to build shared libraries
configure:10932: result: yes
configure:10935: checking whether to build static libraries
configure:10939: result: yes
configure:11059: checking for pkg-config
configure:11077: found /usr/bin/pkg-config
configure:11089: result: /usr/bin/pkg-config
configure:11114: checking pkg-config is at least version 0.16
configure:11117: result: yes
configure:11134: checking for GLIB - version >= 2.27.5
configure:11248: /usr/bin/gcc -o conftest -g -O2 -D_REENTRANT -I/usr/local/lib/glib-2.0/include     conftest.c -L/usr/local/lib -lgio-2.0 -lgobject-2.0 -lgmodule-2.0 -lgthread-2.0 -lglib-2.0 -lintl    >&5
configure:11248: $? = 0
configure:11248: ./conftest
configure:11248: $? = 0
configure:11262: result: yes (version 2.29.14)
configure:11335: checking for XML
configure:11342: $PKG_CONFIG --exists --print-errors "libxml-2.0"
configure:11345: $? = 0
configure:11358: $PKG_CONFIG --exists --print-errors "libxml-2.0"
configure:11361: $? = 0
configure:11420: result: yes
configure:11428: checking for Win32
configure:11439: result: no
configure:11452: checking for gmtime_r
configure:11452: /usr/bin/gcc -o conftest -g -O2   conftest.c  >&5
configure:11452: $? = 0
configure:11452: result: yes
configure:11463: checking for mmap
configure:11463: /usr/bin/gcc -o conftest -g -O2   conftest.c  >&5
configure:11463: $? = 0
configure:11463: result: yes
configure:11472: checking for socket
configure:11472: /usr/bin/gcc -o conftest -g -O2   conftest.c  >&5
configure:11472: $? = 0
configure:11472: result: yes
configure:11524: checking whether to build libsoup-gnome
configure:11534: result: yes
configure:11540: checking for GNOME_KEYRING
configure:11547: $PKG_CONFIG --exists --print-errors "gnome-keyring-1"
configure:11550: $? = 0
configure:11563: $PKG_CONFIG --exists --print-errors "gnome-keyring-1"
configure:11566: $? = 0
configure:11607: result: yes
configure:11631: checking for LIBPROXY
configure:11638: $PKG_CONFIG --exists --print-errors "libproxy-1.0"
configure:11641: $? = 0
configure:11654: $PKG_CONFIG --exists --print-errors "libproxy-1.0"
configure:11657: $? = 0
configure:11708: result: yes
configure:11713: checking libproxy version
configure:11725: result: 0.3.1, ok
configure:11732: checking for GCONF
configure:11739: $PKG_CONFIG --exists --print-errors "gconf-2.0"
configure:11742: $? = 0
configure:11755: $PKG_CONFIG --exists --print-errors "gconf-2.0"
configure:11758: $? = 0
configure:11809: result: yes
configure:11816: checking for SQLITE
configure:11823: $PKG_CONFIG --exists --print-errors "sqlite3"
configure:11826: $? = 0
configure:11839: $PKG_CONFIG --exists --print-errors "sqlite3"
configure:11842: $? = 0
configure:11889: result: yes
configure:11907: checking for gtkdoc-check
configure:11940: result: no
configure:11949: checking for gtkdoc-rebase
configure:11982: result: no
configure:11993: checking for gtkdoc-mkpdf
configure:12026: result: no
configure:12064: checking whether to build gtk-doc documentation
configure:12066: result: no
configure:12142: checking for gobject-introspection
configure:12173: $PKG_CONFIG --exists --print-errors "gobject-introspection-1.0 >= 0.9.5"
Package gobject-introspection-1.0 was not found in the pkg-config search path.
Perhaps you should add the directory containing `gobject-introspection-1.0.pc'
to the PKG_CONFIG_PATH environment variable
No package 'gobject-introspection-1.0' found
configure:12176: $? = 1
configure:12187: result: no
configure:12242: checking whether gcc understands -Wmissing-include-dirs
configure:12255: /usr/bin/gcc -c -g -O2 		-Wall -Wstrict-prototypes -Wmissing-declarations 		-Wmissing-prototypes -Wnested-externs -Wpointer-arith 		-Wdeclaration-after-statement -Wformat=2 -Winit-self 		-Waggregate-return -Wmissing-format-attribute -Wmissing-include-dirs  conftest.c >&5
conftest.c:29: warning: function declaration isn't a prototype
configure:12255: $? = 0
configure:12261: result: yes
configure:12242: checking whether gcc understands -Wundef
configure:12255: /usr/bin/gcc -c -g -O2 		-Wall -Wstrict-prototypes -Wmissing-declarations 		-Wmissing-prototypes -Wnested-externs -Wpointer-arith 		-Wdeclaration-after-statement -Wformat=2 -Winit-self 		-Waggregate-return -Wmissing-format-attribute -Wmissing-include-dirs -Wundef  conftest.c >&5
conftest.c:29: warning: function declaration isn't a prototype
configure:12255: $? = 0
configure:12261: result: yes
configure:12269: checking for programs needed for regression tests
configure:12273: checking for glib-networking (glib TLS implementation)
configure:12293: /usr/bin/gcc -o conftest -g -O2 		-Wall -Wstrict-prototypes -Wmissing-declarations 		-Wmissing-prototypes -Wnested-externs -Wpointer-arith 		-Wdeclaration-after-statement -Wformat=2 -Winit-self 		-Waggregate-return -Wmissing-format-attribute -Wmissing-include-dirs -Wundef -D_REENTRANT -I/usr/local/lib/glib-2.0/include   -DG_DISABLE_SINGLE_INCLUDES   conftest.c  -L/usr/local/lib -lgio-2.0 -lgobject-2.0 -lgmodule-2.0 -lgthread-2.0 -lglib-2.0 -lintl   >&5
conftest.c:29: warning: function declaration isn't a prototype
configure:12293: $? = 0
configure:12293: ./conftest
configure:12293: $? = 0
configure:12304: result: yes
configure:12319: checking for httpd2
configure:12353: result: no
configure:12319: checking for httpd
configure:12353: result: no
configure:12319: checking for apache2
configure:12353: result: no
configure:12319: checking for apache
configure:12353: result: no
configure:12534: checking for curl
configure:12552: found /usr/bin/curl
configure:12565: result: /usr/bin/curl
configure:12771: creating ./config.status

## ---------------------- ##
## Running config.status. ##
## ---------------------- ##

This file was extended by libsoup config.status 2.33.6, which was
generated by GNU Autoconf 2.66.  Invocation command line was

  CONFIG_FILES    = 
  CONFIG_HEADERS  = 
  CONFIG_LINKS    = 
  CONFIG_COMMANDS = 
  $ ./config.status 

on Chriss-iPad

config.status:1152: creating libsoup-2.4.pc
config.status:1152: creating libsoup-gnome-2.4.pc
config.status:1152: creating Makefile
config.status:1152: creating libsoup-zip
config.status:1152: creating libsoup/Makefile
config.status:1152: creating tests/Makefile
config.status:1152: creating tests/httpd.conf
config.status:1152: creating docs/Makefile
config.status:1152: creating docs/reference/Makefile
config.status:1152: creating config.h
config.status:1332: config.h is unchanged
config.status:1380: executing depfiles commands
config.status:1380: executing libtool commands

## ---------------- ##
## Cache variables. ##
## ---------------- ##

ac_cv_build=arm-apple-darwin10.4.0
ac_cv_c_compiler_gnu=yes
ac_cv_env_CC_set=set
ac_cv_env_CC_value=/usr/bin/gcc
ac_cv_env_CFLAGS_set=
ac_cv_env_CFLAGS_value=
ac_cv_env_CPPFLAGS_set=
ac_cv_env_CPPFLAGS_value=
ac_cv_env_CPP_set=
ac_cv_env_CPP_value=
ac_cv_env_GCONF_CFLAGS_set=
ac_cv_env_GCONF_CFLAGS_value=
ac_cv_env_GCONF_LIBS_set=
ac_cv_env_GCONF_LIBS_value=
ac_cv_env_GNOME_KEYRING_CFLAGS_set=
ac_cv_env_GNOME_KEYRING_CFLAGS_value=
ac_cv_env_GNOME_KEYRING_LIBS_set=
ac_cv_env_GNOME_KEYRING_LIBS_value=
ac_cv_env_LDFLAGS_set=
ac_cv_env_LDFLAGS_value=
ac_cv_env_LIBPROXY_CFLAGS_set=
ac_cv_env_LIBPROXY_CFLAGS_value=
ac_cv_env_LIBPROXY_LIBS_set=
ac_cv_env_LIBPROXY_LIBS_value=
ac_cv_env_LIBS_set=
ac_cv_env_LIBS_value=
ac_cv_env_PKG_CONFIG_LIBDIR_set=
ac_cv_env_PKG_CONFIG_LIBDIR_value=
ac_cv_env_PKG_CONFIG_PATH_set=set
ac_cv_env_PKG_CONFIG_PATH_value=/usr/local/lib/pkgconfig:/usr/lib/pkgconfig
ac_cv_env_PKG_CONFIG_set=
ac_cv_env_PKG_CONFIG_value=
ac_cv_env_SQLITE_CFLAGS_set=
ac_cv_env_SQLITE_CFLAGS_value=
ac_cv_env_SQLITE_LIBS_set=
ac_cv_env_SQLITE_LIBS_value=
ac_cv_env_XML_CFLAGS_set=
ac_cv_env_XML_CFLAGS_value=
ac_cv_env_XML_LIBS_set=
ac_cv_env_XML_LIBS_value=
ac_cv_env_build_alias_set=
ac_cv_env_build_alias_value=
ac_cv_env_host_alias_set=
ac_cv_env_host_alias_value=
ac_cv_env_target_alias_set=
ac_cv_env_target_alias_value=
ac_cv_func_gmtime_r=yes
ac_cv_func_mmap=yes
ac_cv_func_socket=yes
ac_cv_header_dlfcn_h=yes
ac_cv_header_inttypes_h=yes
ac_cv_header_memory_h=yes
ac_cv_header_stdc=yes
ac_cv_header_stdint_h=yes
ac_cv_header_stdlib_h=yes
ac_cv_header_string_h=yes
ac_cv_header_strings_h=yes
ac_cv_header_sys_stat_h=yes
ac_cv_header_sys_types_h=yes
ac_cv_header_unistd_h=yes
ac_cv_host=arm-apple-darwin10.4.0
ac_cv_objext=o
ac_cv_path_CURL=/usr/bin/curl
ac_cv_path_EGREP='/bin/grep -E'
ac_cv_path_FGREP='/bin/grep -F'
ac_cv_path_GREP=/bin/grep
ac_cv_path_SED=/bin/sed
ac_cv_path_ac_pt_PKG_CONFIG=/usr/bin/pkg-config
ac_cv_path_install='/usr/bin/install -c'
ac_cv_path_mkdir=/bin/mkdir
ac_cv_prog_AWK=gawk
ac_cv_prog_CPP='/usr/bin/gcc -E'
ac_cv_prog_ac_ct_AR=ar
ac_cv_prog_ac_ct_CC=/usr/bin/gcc
ac_cv_prog_ac_ct_LIPO=lipo
ac_cv_prog_ac_ct_NMEDIT=nmedit
ac_cv_prog_ac_ct_OBJDUMP=objdump
ac_cv_prog_ac_ct_OTOOL64=otool64
ac_cv_prog_ac_ct_OTOOL=otool
ac_cv_prog_ac_ct_RANLIB=ranlib
ac_cv_prog_ac_ct_STRIP=strip
ac_cv_prog_cc_c89=
ac_cv_prog_cc_g=yes
ac_cv_prog_make_make_set=yes
am_cv_CC_dependencies_compiler_type=gcc3
lt_cv_apple_cc_single_mod=yes
lt_cv_deplibs_check_method=pass_all
lt_cv_file_magic_cmd='$MAGIC_CMD'
lt_cv_file_magic_test_file=
lt_cv_ld_exported_symbols_list=yes
lt_cv_ld_force_load=no
lt_cv_ld_reload_flag=-r
lt_cv_nm_interface='BSD nm'
lt_cv_objdir=.libs
lt_cv_path_LD=/usr/bin/ld
lt_cv_path_NM='/usr/bin/nm -p'
lt_cv_prog_compiler_c_o=yes
lt_cv_prog_compiler_pic_works=yes
lt_cv_prog_compiler_rtti_exceptions=no
lt_cv_prog_compiler_static_works=no
lt_cv_prog_gnu_ld=no
lt_cv_sys_global_symbol_pipe='sed -n -e '\''s/^.*[	 ]\([BCDEGRST][BCDEGRST]*\)[	 ][	 ]*_\([_A-Za-z][_A-Za-z0-9]*\)$/\1 _\2 \2/p'\'''
lt_cv_sys_global_symbol_to_c_name_address='sed -n -e '\''s/^: \([^ ]*\) $/  {\"\1\", (void *) 0},/p'\'' -e '\''s/^[BCDEGRST]* \([^ ]*\) \([^ ]*\)$/  {"\2", (void *) \&\2},/p'\'''
lt_cv_sys_global_symbol_to_c_name_address_lib_prefix='sed -n -e '\''s/^: \([^ ]*\) $/  {\"\1\", (void *) 0},/p'\'' -e '\''s/^[BCDEGRST]* \([^ ]*\) \(lib[^ ]*\)$/  {"\2", (void *) \&\2},/p'\'' -e '\''s/^[BCDEGRST]* \([^ ]*\) \([^ ]*\)$/  {"lib\2", (void *) \&\2},/p'\'''
lt_cv_sys_global_symbol_to_cdecl='sed -n -e '\''s/^T .* \(.*\)$/extern int \1();/p'\'' -e '\''s/^[BCDEGRST]* .* \(.*\)$/extern char \1;/p'\'''
lt_cv_sys_max_cmd_len=196608
pkg_cv_GCONF_CFLAGS='-DORBIT2=1 -D_REENTRANT -I/usr/local/include/gconf/2 -I/usr/local/include/orbit-2.0 -I/usr/local/lib/glib-2.0/include  '
pkg_cv_GCONF_LIBS='-L/usr/local/lib -lgconf-2 -lglib-2.0 -lintl  '
pkg_cv_GNOME_KEYRING_CFLAGS='-I/usr/local/include/gnome-keyring-1 -I/usr/local/lib/glib-2.0/include  '
pkg_cv_GNOME_KEYRING_LIBS='-L/usr/local/lib -lgnome-keyring -lglib-2.0 -lintl  '
pkg_cv_LIBPROXY_CFLAGS=' '
pkg_cv_LIBPROXY_LIBS='-L/usr/local/lib -lproxy  '
pkg_cv_SQLITE_CFLAGS=' '
pkg_cv_SQLITE_LIBS='-L/usr/local/lib -lsqlite3  '
pkg_cv_XML_CFLAGS='-I/usr/local/include/libxml2  '
pkg_cv_XML_LIBS='-L/usr/local/lib -lxml2  '

## ----------------- ##
## Output variables. ##
## ----------------- ##

ACLOCAL='${SHELL} /home/chris/libsoup-2.33.6/missing --run aclocal-1.11'
AMDEPBACKSLASH='\'
AMDEP_FALSE='#'
AMDEP_TRUE=''
AMTAR='${SHELL} /home/chris/libsoup-2.33.6/missing --run tar'
AM_BACKSLASH='\'
AM_DEFAULT_VERBOSITY='0'
APACHE_HTTPD='no'
APACHE_MODULE_DIR=''
APACHE_PHP_MODULE=''
APACHE_PHP_MODULE_DIR=''
APACHE_SSL_MODULE_DIR=''
AR='ar'
AS='as'
AUTOCONF='${SHELL} /home/chris/libsoup-2.33.6/missing --run autoconf'
AUTOHEADER='${SHELL} /home/chris/libsoup-2.33.6/missing --run autoheader'
AUTOMAKE='${SHELL} /home/chris/libsoup-2.33.6/missing --run automake-1.11'
AWK='gawk'
BUILD_LIBSOUP_GNOME_FALSE='#'
BUILD_LIBSOUP_GNOME_TRUE=''
CC='/usr/bin/gcc'
CCDEPMODE='depmode=gcc3'
CFLAGS='-g -O2 		-Wall -Wstrict-prototypes -Wmissing-declarations 		-Wmissing-prototypes -Wnested-externs -Wpointer-arith 		-Wdeclaration-after-statement -Wformat=2 -Winit-self 		-Waggregate-return -Wmissing-format-attribute -Wmissing-include-dirs -Wundef'
CPP='/usr/bin/gcc -E'
CPPFLAGS=''
CURL='/usr/bin/curl'
CYGPATH_W='echo'
DEFS='-DHAVE_CONFIG_H'
DEPDIR='.deps'
DLLTOOL='dlltool'
DSYMUTIL=':'
DUMPBIN=''
ECHO_C=''
ECHO_N='-n'
ECHO_T=''
EGREP='/bin/grep -E'
ENABLE_GTK_DOC_FALSE=''
ENABLE_GTK_DOC_TRUE='#'
EXEEXT=''
FGREP='/bin/grep -F'
GCONF_CFLAGS='-DORBIT2=1 -D_REENTRANT -I/usr/local/include/gconf/2 -I/usr/local/include/orbit-2.0 -I/usr/local/lib/glib-2.0/include  '
GCONF_LIBS='-L/usr/local/lib -lgconf-2 -lglib-2.0 -lintl  '
GLIB_CFLAGS='-D_REENTRANT -I/usr/local/lib/glib-2.0/include   -DG_DISABLE_SINGLE_INCLUDES'
GLIB_GENMARSHAL='glib-genmarshal'
GLIB_LIBS='-L/usr/local/lib -lgio-2.0 -lgobject-2.0 -lgmodule-2.0 -lgthread-2.0 -lglib-2.0 -lintl  '
GLIB_MKENUMS='glib-mkenums'
GNOME_KEYRING_CFLAGS='-I/usr/local/include/gnome-keyring-1 -I/usr/local/lib/glib-2.0/include  '
GNOME_KEYRING_LIBS='-L/usr/local/lib -lgnome-keyring -lglib-2.0 -lintl  '
GOBJECT_QUERY='gobject-query'
GREP='/bin/grep'
GTKDOC_CHECK=''
GTKDOC_MKPDF=''
GTKDOC_REBASE='true'
GTK_DOC_BUILD_HTML_FALSE='#'
GTK_DOC_BUILD_HTML_TRUE=''
GTK_DOC_BUILD_PDF_FALSE=''
GTK_DOC_BUILD_PDF_TRUE='#'
GTK_DOC_USE_LIBTOOL_FALSE='#'
GTK_DOC_USE_LIBTOOL_TRUE=''
GTK_DOC_USE_REBASE_FALSE='#'
GTK_DOC_USE_REBASE_TRUE=''
HAVE_APACHE_FALSE=''
HAVE_APACHE_TRUE='#'
HAVE_CURL_FALSE='#'
HAVE_CURL_TRUE=''
HAVE_GNOME=''
HAVE_INTROSPECTION_FALSE=''
HAVE_INTROSPECTION_TRUE='#'
HAVE_XMLRPC_EPI_PHP_FALSE=''
HAVE_XMLRPC_EPI_PHP_TRUE='#'
HTML_DIR='${datadir}/gtk-doc/html'
IF_HAVE_PHP=''
INSTALL_DATA='${INSTALL} -m 644'
INSTALL_PROGRAM='${INSTALL}'
INSTALL_SCRIPT='${INSTALL}'
INSTALL_STRIP_PROGRAM='$(install_sh) -c -s'
INTROSPECTION_CFLAGS=''
INTROSPECTION_COMPILER=''
INTROSPECTION_GENERATE=''
INTROSPECTION_GIRDIR=''
INTROSPECTION_LIBS=''
INTROSPECTION_MAKEFILE=''
INTROSPECTION_SCANNER=''
INTROSPECTION_TYPELIBDIR=''
LD='/usr/bin/ld'
LDFLAGS=''
LIBOBJS=''
LIBPROXY_CFLAGS=' '
LIBPROXY_LIBS='-L/usr/local/lib -lproxy  '
LIBS=''
LIBTOOL='$(SHELL) $(top_builddir)/libtool'
LIPO='lipo'
LN_S='ln -s'
LTLIBOBJS=''
MAKEINFO='${SHELL} /home/chris/libsoup-2.33.6/missing --run makeinfo'
MISSING_REGRESSION_TEST_PACKAGES=' apache'
MISSING_REGRESSION_TEST_PACKAGES_FALSE='#'
MISSING_REGRESSION_TEST_PACKAGES_TRUE=''
MKDIR_P='/bin/mkdir -p'
NM='/usr/bin/nm -p'
NMEDIT='nmedit'
OBJDUMP='objdump'
OBJEXT='o'
OS_WIN32_FALSE=''
OS_WIN32_TRUE='#'
OTOOL64='otool64'
OTOOL='otool'
PACKAGE='libsoup'
PACKAGE_BUGREPORT='http://bugzilla.gnome.org/enter_bug.cgi?product=libsoup'
PACKAGE_NAME='libsoup'
PACKAGE_STRING='libsoup 2.33.6'
PACKAGE_TARNAME='libsoup'
PACKAGE_URL=''
PACKAGE_VERSION='2.33.6'
PATH_SEPARATOR=':'
PHP=''
PKG_CONFIG='/usr/bin/pkg-config'
PKG_CONFIG_LIBDIR=''
PKG_CONFIG_PATH='/usr/local/lib/pkgconfig:/usr/lib/pkgconfig'
RANLIB='ranlib'
SED='/bin/sed'
SET_MAKE=''
SHELL='/bin/sh'
SOUP_AGE='3'
SOUP_API_VERSION='2.4'
SOUP_CURRENT='4'
SOUP_DEBUG_FLAGS=''
SOUP_MAINTAINER_FLAGS=''
SOUP_REVISION='0'
SQLITE_CFLAGS=' '
SQLITE_LIBS='-L/usr/local/lib -lsqlite3  '
STRIP='strip'
VERSION='2.33.6'
XML_CFLAGS='-I/usr/local/include/libxml2  '
XML_LIBS='-L/usr/local/lib -lxml2  '
ac_ct_CC='/usr/bin/gcc'
ac_ct_DUMPBIN=''
am__EXEEXT_FALSE=''
am__EXEEXT_TRUE='#'
am__fastdepCC_FALSE='#'
am__fastdepCC_TRUE=''
am__include='include'
am__isrc=''
am__leading_dot='.'
am__quote=''
am__tar='${AMTAR} chof - "$$tardir"'
am__untar='${AMTAR} xf -'
bindir='${exec_prefix}/bin'
build='arm-apple-darwin10.4.0'
build_alias=''
build_cpu='arm'
build_os='darwin10.4.0'
build_vendor='apple'
datadir='${datarootdir}'
datarootdir='${prefix}/share'
docdir='${datarootdir}/doc/${PACKAGE_TARNAME}'
dvidir='${docdir}'
exec_prefix='${prefix}'
host='arm-apple-darwin10.4.0'
host_alias=''
host_cpu='arm'
host_os='darwin10.4.0'
host_vendor='apple'
htmldir='${docdir}'
includedir='${prefix}/include'
infodir='${datarootdir}/info'
install_sh='${SHELL} /home/chris/libsoup-2.33.6/install-sh'
libdir='${exec_prefix}/lib'
libexecdir='${exec_prefix}/libexec'
localedir='${datarootdir}/locale'
localstatedir='${prefix}/var'
mandir='${datarootdir}/man'
mkdir_p='/bin/mkdir -p'
oldincludedir='/usr/include'
pdfdir='${docdir}'
prefix='/usr/local'
program_transform_name='s,x,x,'
psdir='${docdir}'
sbindir='${exec_prefix}/sbin'
sharedstatedir='${prefix}/com'
sysconfdir='${prefix}/etc'
target_alias=''

## ----------- ##
## confdefs.h. ##
## ----------- ##

/* confdefs.h */
#define PACKAGE_NAME "libsoup"
#define PACKAGE_TARNAME "libsoup"
#define PACKAGE_VERSION "2.33.6"
#define PACKAGE_STRING "libsoup 2.33.6"
#define PACKAGE_BUGREPORT "http://bugzilla.gnome.org/enter_bug.cgi?product=libsoup"
#define PACKAGE_URL ""
#define PACKAGE "libsoup"
#define VERSION "2.33.6"
#define STDC_HEADERS 1
#define HAVE_SYS_TYPES_H 1
#define HAVE_SYS_STAT_H 1
#define HAVE_STDLIB_H 1
#define HAVE_STRING_H 1
#define HAVE_MEMORY_H 1
#define HAVE_STRINGS_H 1
#define HAVE_INTTYPES_H 1
#define HAVE_STDINT_H 1
#define HAVE_UNISTD_H 1
#define HAVE_DLFCN_H 1
#define LT_OBJDIR ".libs/"
#define HAVE_GMTIME_R 1
#define HAVE_MMAP 1
#define HAVE_GNOME 1
#define APACHE_HTTPD "no"
#define HAVE_CURL 1

configure: exit 0
